#
# A fatal error has been detected by the Java Runtime Environment:
#
#  SIGBUS (0xa) at pc=0x000000010ddfd4f0, pid=25430, tid=31499
#
# JRE version: OpenJDK Runtime Environment (17.0.2+8) (build 17.0.2+8-86)
# Java VM: OpenJDK 64-Bit Server VM (17.0.2+8-86, mixed mode, sharing, tiered, compressed oops, compressed class ptrs, g1 gc, bsd-aarch64)
# Problematic frame:
# v  ~StubRoutines::SafeFetchN
#
# No core dump will be written. Core dumps have been disabled. To enable core dumping, try "ulimit -c unlimited" before starting Java again
#
# If you would like to submit a bug report, please visit:
#   https://bugreport.java.com/bugreport/crash.jsp
# The crash happened outside the Java Virtual Machine in native code.
# See problematic frame for where to report the bug.
#

---------------  S U M M A R Y ------------

Command Line: -javaagent:/Applications/IntelliJ IDEA.app/Contents/lib/idea_rt.jar=61358:/Applications/IntelliJ IDEA.app/Contents/bin -Dfile.encoding=UTF-8 --module-path=/Users/cianfarrell/.m2/repository/org/openjfx/javafx-controls/17-ea+11/javafx-controls-17-ea+11-mac-aarch64.jar:/Users/cianfarrell/.m2/repository/org/openjfx/javafx-fxml/17-ea+11/javafx-fxml-17-ea+11-mac-aarch64.jar:/Users/cianfarrell/Documents/GitHub/Data-Structures-1-CA-1/CA 1/lib/xstream-1.4.18.jar:/Users/cianfarrell/Documents/GitHub/Data-Structures-1-CA-1/CA 1/target/classes:/Users/cianfarrell/.m2/repository/org/openjfx/javafx-graphics/17-ea+11/javafx-graphics-17-ea+11-mac-aarch64.jar:/Users/cianfarrell/.m2/repository/org/openjfx/javafx-base/17-ea+11/javafx-base-17-ea+11-mac-aarch64.jar:/Users/cianfarrell/Documents/GitHub/Data-Structures-1-CA-1/CA 1/lib/json-20140107.jar -Djdk.module.main=com.example.vaccination_management_system com.example.vaccination_management_system/Main.VaccineApplication

Host: "MacBookPro17,1" arm64 1 MHz, 8 cores, 16G, Darwin 21.6.0, macOS 12.6 (21G115)
Time: Wed Oct 19 16:16:31 2022 IST elapsed time: 3.050247 seconds (0d 0h 0m 3s)

---------------  T H R E A D  ---------------

Current thread (0x000000013282f600):  JavaThread "InvokeLaterDispatcher" daemon [_thread_in_native, id=31499, stack(0x000000017288c000,0x0000000172a8f000)]

Stack: [0x000000017288c000,0x0000000172a8f000],  sp=0x0000000172a8e780,  free space=2057k
Native frames: (J=compiled Java code, j=interpreted, Vv=VM code, C=native code)
v  ~StubRoutines::SafeFetchN
V  [libjvm.dylib+0x7a6bcc]  _ZN10OopStorage7releaseEPKP7oopDesc+0x20
V  [libjvm.dylib+0x4ba824]  jni_DeleteGlobalRef+0xd8
C  [libglass.dylib+0xa880]  -[GlassRunnable dealloc]+0x34
C  [Foundation+0x852b8]  -[_NSThreadPerformInfo dealloc]+0x30
C  [Foundation+0x51824]  -[NSObject(NSThreadPerformAdditions) performSelectorOnMainThread:withObject:waitUntilDone:]+0x88
C  0x2f5c80010de058ac
j  com.sun.glass.ui.mac.MacApplication.submitForLaterInvocation(Ljava/lang/Runnable;)V+2 javafx.graphics
j  com.sun.glass.ui.InvokeLaterDispatcher.run()V+82 javafx.graphics
v  ~StubRoutines::call_stub
V  [libjvm.dylib+0x461d08]  _ZN9JavaCalls11call_helperEP9JavaValueRK12methodHandleP17JavaCallArgumentsP10JavaThread+0x38c
V  [libjvm.dylib+0x460d24]  _ZN9JavaCalls12call_virtualEP9JavaValueP5KlassP6SymbolS5_P17JavaCallArgumentsP10JavaThread+0x11c
V  [libjvm.dylib+0x460df0]  _ZN9JavaCalls12call_virtualEP9JavaValue6HandleP5KlassP6SymbolS6_P10JavaThread+0x64
V  [libjvm.dylib+0x515f04]  _ZL12thread_entryP10JavaThreadS0_+0xc4
V  [libjvm.dylib+0x9071ac]  _ZN10JavaThread17thread_main_innerEv+0x13c
V  [libjvm.dylib+0x9058c0]  _ZN6Thread8call_runEv+0x128
V  [libjvm.dylib+0x7ad7c8]  _ZL19thread_native_entryP6Thread+0x158
C  [libsystem_pthread.dylib+0x726c]  _pthread_start+0x94

Java frames: (J=compiled Java code, j=interpreted, Vv=VM code)
j  com.sun.glass.ui.mac.MacApplication._submitForLaterInvocation(Ljava/lang/Runnable;)V+0 javafx.graphics
j  com.sun.glass.ui.mac.MacApplication.submitForLaterInvocation(Ljava/lang/Runnable;)V+2 javafx.graphics
j  com.sun.glass.ui.InvokeLaterDispatcher.run()V+82 javafx.graphics
v  ~StubRoutines::call_stub

siginfo: si_signo: 10 (SIGBUS), si_code: 1 (BUS_ADRALN), si_addr: 0x000000010ddfd4f0

Register to memory mapping:

 x0=0x00000001326203c8 points into unknown readable memory: 0x0000000000000000 | 00 00 00 00 00 00 00 00
 x1=0x0 is NULL
 x2=0x000000070eabd4e8 is an oop: com.sun.glass.ui.InvokeLaterDispatcher$Future 
{0x000000070eabd4e8} - klass: 'com/sun/glass/ui/InvokeLaterDispatcher$Future'
 - ---- fields (total size 3 words):
 - private 'done' 'Z' @12  true
 - private final 'runnable' 'Ljava/lang/Runnable;' @16  a 'com/sun/javafx/tk/quantum/QuantumToolkit$$Lambda$105+0x0000000800c3a678'{0x000000070e8376a8} (e1d06ed5)
 - final synthetic 'this$0' 'Lcom/sun/glass/ui/InvokeLaterDispatcher;' @20  a 'com/sun/glass/ui/InvokeLaterDispatcher'{0x000000070e835548} (e1d06aa9)
 x3=0x0 is NULL
 x4=0x00000000000130a8 is an unknown value
 x5=0x0 is NULL
 x6=0x0 is NULL
 x7=0x0 is NULL
 x8=0x000000010ddfd4ec is at begin+0 in a stub
StubRoutines::SafeFetchN [0x000000010ddfd4ec, 0x000000010ddfd4f8] (12 bytes)
 x9=0x0 is NULL
x10=0x2010000030300000 is an unknown value
x11=0x0000000000000007 is an unknown value
x12=0x0000000000000005 is an unknown value
x13=0x000000016ae7e7f0 points into unknown readable memory: 0x9316000196b0179c | 9c 17 b0 96 01 00 16 93
x14=0x0000070000000000 is an unknown value
x15=0x0000000105431f98: OBJC_CLASS_$_GlassRunnable+0 in /Users/cianfarrell/.openjfx/cache/17-ea/libglass.dylib at 0x00000001053ec000
x16=0x0000000195b5f0fc: pthread_getspecific+0 in /usr/lib/system/libsystem_pthread.dylib at 0x0000000195b5d000
x17=0x0000000134013040 points into unknown readable memory: 0xfffffffffffffffe | fe ff ff ff ff ff ff ff
x18=0x0 is NULL
x19=0x00000001342381b0 points into unknown readable memory: 0x0000000134238430 | 30 84 23 34 01 00 00 00
x20=0x00000001326201c0 points into unknown readable memory: 0x0000000000000000 | 00 00 00 00 00 00 00 00
x21=0x00000001326203c8 points into unknown readable memory: 0x0000000000000000 | 00 00 00 00 00 00 00 00
x22=0x000000013282f600 is a thread
x23=0x0000000000000001 is an unknown value
x24=0x0000000132620380 is a global jni handle
x25=0x00000001062bd5e8: _ZN12StubRoutines17_safefetchN_entryE+0 in /Users/cianfarrell/Library/Java/JavaVirtualMachines/openjdk-17.0.2/Contents/Home/lib/server/libjvm.dylib at 0x000000010570c000
x26=0x000000013051a480 is pointing into metadata
x27=0x0 is NULL
x28=0x000000013282f600 is a thread


Registers:
 x0=0x00000001326203c8  x1=0x0000000000000000  x2=0x000000070eabd4e8  x3=0x0000000000000000
 x4=0x00000000000130a8  x5=0x0000000000000000  x6=0x0000000000000000  x7=0x0000000000000000
 x8=0x000000010ddfd4ec  x9=0x0000000000000000 x10=0x2010000030300000 x11=0x0000000000000007
x12=0x0000000000000005 x13=0x000000016ae7e7f0 x14=0x0000070000000000 x15=0x0000000105431f98
x16=0x0000000195b5f0fc x17=0x0000000134013040 x18=0x0000000000000000 x19=0x00000001342381b0
x20=0x00000001326201c0 x21=0x00000001326203c8 x22=0x000000013282f600 x23=0x0000000000000001
x24=0x0000000132620380 x25=0x00000001062bd5e8 x26=0x000000013051a480 x27=0x0000000000000000
x28=0x000000013282f600  fp=0x0000000172a8e7c0  lr=0x0000000105eb199c  sp=0x0000000172a8e780
pc=0x000000010ddfd4f0 cpsr=0x0000000060001000
Top of Stack: (sp=0x0000000172a8e780)
0x0000000172a8e780:   000000013051a480 0000000000000001
0x0000000172a8e790:   0000000172a8e988 0000000000000000
0x0000000172a8e7a0:   00000001318a8ea8 00000001326203a0
0x0000000172a8e7b0:   00000001326203a0 00000001342381b0
0x0000000172a8e7c0:   0000000172a8e800 0000000105eb2bcc
0x0000000172a8e7d0:   0000000000000001 00000001326203a0
0x0000000172a8e7e0:   00000001318a8ea8 00000001326203a0
0x0000000172a8e7f0:   0000000000000001 00000001318a8c00
0x0000000172a8e800:   0000000172a8e840 0000000105bc6824
0x0000000172a8e810:   0000000172a8e988 000000013401b470
0x0000000172a8e820:   000000013401ae00 00000001dfea1909
0x0000000172a8e830:   0000000000000000 000000013401ae00
0x0000000172a8e840:   0000000172a8e870 00000001053f6880
0x0000000172a8e850:   3ed73c78e432002a 0000000000000000
0x0000000172a8e860:   0000000000000000 000000013401b410
0x0000000172a8e870:   0000000172a8e8b0 0000000196b352b8
0x0000000172a8e880:   0000000172a8e988 000000013401b470
0x0000000172a8e890:   000000013401ae00 3ed73c78e432002a
0x0000000172a8e8a0:   0000000000000000 0000000000000000
0x0000000172a8e8b0:   0000000172a8e8f0 df6e800196b01824
0x0000000172a8e8c0:   0000000172a8e988 000000010de047c0
0x0000000172a8e8d0:   0000000000000000 00000001062c4fa8
0x0000000172a8e8e0:   0000000172a8e900 000000010de03730
0x0000000172a8e8f0:   0000000172a8e960 2f5c80010de058ac
0x0000000172a8e900:   0000000172a8e900 000000080098b325
0x0000000172a8e910:   0000000172a8e910 0000000000000000
0x0000000172a8e920:   0000000172a8e988 000000013051a480
0x0000000172a8e930:   000000070e836ab0 0000000000000000
0x0000000172a8e940:   0000000000000000 00000001304f3948
0x0000000172a8e950:   0000000000000000 0000000172a8e960
0x0000000172a8e960:   0000000172a8e9e0 000000010de01fc8
0x0000000172a8e970:   0000000000000000 0000000000000000 

Instructions: (pc=0x000000010ddfd4f0)
0x000000010ddfd3f0:   f2a0c509 f2c00029 6d425935 1e640886
0x000000010ddfd400:   0c402d31 1e6408c7 1f5654d0 1e6c1017
0x000000010ddfd410:   1f5050d0 1f504cd0 1f5048d0 1e650af6
0x000000010ddfd420:   1f50d8f6 1f5694d6 1f5158f6 1e762880
0x000000010ddfd430:   36000501 1e614000 14000026 2e251ca5
0x000000010ddfd440:   d2943009 f2a0c509 f2c00029 6d425d36
0x000000010ddfd450:   1e600806 0c402d32 1f5758c7 1e6c101a
0x000000010ddfd460:   1f4754c7 1e650805 1f4750c7 d2866668
0x000000010ddfd470:   f2a7fa68 1f474cc7 1e6608c0 1f4748c7
0x000000010ddfd480:   1e6e1019 eb08007f 540000ac 1f479400
0x000000010ddfd490:   1f460340 1e603b20 1400000e d2a7fd29
0x000000010ddfd4a0:   eb09007f 540000ac 51480069 d3607d29
0x000000010ddfd4b0:   9e670121 14000002 1e6a5001 1f679417
0x000000010ddfd4c0:   1f668742 1e613b23 1e773857 1e773860
0x000000010ddfd4d0:   a8c17ff3 910003bf a8c17bfd d65f03c0
0x000000010ddfd4e0:   b9400001 aa0103e0 d65f03c0 f9400001
0x000000010ddfd4f0:   aa0103e0 d65f03c0 00000000 00000000
0x000000010ddfd500:   00000000 00000000 00000000 00000000
0x000000010ddfd510:   00000000 00000000 00000000 00000000
0x000000010ddfd520:   00000000 00000000 00000000 00000000
0x000000010ddfd530:   00000000 00000000 00000000 00000000
0x000000010ddfd540:   00000000 00000000 00000000 00000000
0x000000010ddfd550:   00000000 00000000 00000000 00000000
0x000000010ddfd560:   00000000 00000000 00000000 00000000
0x000000010ddfd570:   00000000 00000000 00000000 00000000
0x000000010ddfd580:   00000000 00000000 00000000 00000000
0x000000010ddfd590:   00000000 00000000 00000000 00000000
0x000000010ddfd5a0:   00000000 00000000 00000000 00000000
0x000000010ddfd5b0:   00000000 00000000 00000000 00000000
0x000000010ddfd5c0:   00000000 00000000 00000000 00000000
0x000000010ddfd5d0:   00000000 00000000 00000000 00000000
0x000000010ddfd5e0:   00000000 00000000 00000000 00000000 


Stack slot to memory mapping:
stack at sp + 0 slots: 0x000000013051a480 is pointing into metadata
stack at sp + 1 slots: 0x0000000000000001 is an unknown value
stack at sp + 2 slots: 0x0000000172a8e988 is pointing into the stack for thread: 0x000000013282f600
stack at sp + 3 slots: 0x0 is NULL
stack at sp + 4 slots: 0x00000001318a8ea8 points into unknown readable memory: 0x000000010627a738 | 38 a7 27 06 01 00 00 00
stack at sp + 5 slots: 0x00000001326203a0 is a global jni handle
stack at sp + 6 slots: 0x00000001326203a0 is a global jni handle
stack at sp + 7 slots: 0x00000001342381b0 points into unknown readable memory: 0x0000000134238430 | 30 84 23 34 01 00 00 00

StubRoutines::SafeFetchN [0x000000010ddfd4ec, 0x000000010ddfd4f8] (12 bytes)
[MachCode]
  0x000000010ddfd4ec: 0100 40f9 | e003 01aa | c003 5fd6 
[/MachCode]

---------------  P R O C E S S  ---------------

Threads class SMR info:
_java_thread_list=0x0000000134312920, length=20, elements={
0x0000000134808e00, 0x0000000134900600, 0x0000000134902e00, 0x000000013280f600,
0x0000000132822600, 0x0000000133808200, 0x0000000133808800, 0x0000000133009400,
0x0000000133813400, 0x000000013080c200, 0x0000000132818000, 0x0000000132818600,
0x00000001308ed600, 0x000000013282f600, 0x00000001318a8c00, 0x0000000134909e00,
0x0000000134be4a00, 0x0000000131aa5a00, 0x00000001329ae200, 0x000000013705b200
}

Java Threads: ( => current thread )
  0x0000000134808e00 JavaThread "main" [_thread_blocked, id=10243, stack(0x000000016fc78000,0x000000016fe7b000)]
  0x0000000134900600 JavaThread "Reference Handler" daemon [_thread_blocked, id=17667, stack(0x0000000170acc000,0x0000000170ccf000)]
  0x0000000134902e00 JavaThread "Finalizer" daemon [_thread_blocked, id=16387, stack(0x0000000170cd8000,0x0000000170edb000)]
  0x000000013280f600 JavaThread "Signal Dispatcher" daemon [_thread_blocked, id=43011, stack(0x0000000170ffc000,0x00000001711ff000)]
  0x0000000132822600 JavaThread "Service Thread" daemon [_thread_blocked, id=42755, stack(0x0000000171208000,0x000000017140b000)]
  0x0000000133808200 JavaThread "Monitor Deflation Thread" daemon [_thread_blocked, id=23811, stack(0x0000000171414000,0x0000000171617000)]
  0x0000000133808800 JavaThread "C2 CompilerThread0" daemon [_thread_blocked, id=42243, stack(0x0000000171620000,0x0000000171823000)]
  0x0000000133009400 JavaThread "C1 CompilerThread0" daemon [_thread_blocked, id=24323, stack(0x000000017182c000,0x0000000171a2f000)]
  0x0000000133813400 JavaThread "Sweeper thread" daemon [_thread_blocked, id=41475, stack(0x0000000171a38000,0x0000000171c3b000)]
  0x000000013080c200 JavaThread "Common-Cleaner" daemon [_thread_blocked, id=24579, stack(0x0000000171c44000,0x0000000171e47000)]
  0x0000000132818000 JavaThread "Monitor Ctrl-Break" daemon [_thread_in_native, id=25347, stack(0x000000017205c000,0x000000017225f000)]
  0x0000000132818600 JavaThread "Notification Thread" daemon [_thread_blocked, id=25859, stack(0x0000000172268000,0x000000017246b000)]
  0x00000001308ed600 JavaThread "QuantumRenderer-0" daemon [_thread_blocked, id=40707, stack(0x0000000172680000,0x0000000172883000)]
=>0x000000013282f600 JavaThread "InvokeLaterDispatcher" daemon [_thread_in_native, id=31499, stack(0x000000017288c000,0x0000000172a8f000)]
  0x00000001318a8c00 JavaThread "JavaFX Application Thread" [_thread_in_vm, id=259, stack(0x000000016f3f0000,0x000000016fbec000)]
  0x0000000134909e00 JavaThread "JavaFX-Launcher" [_thread_blocked, id=76039, stack(0x0000000172a98000,0x0000000172c9b000)]
  0x0000000134be4a00 JavaThread "Attach Listener" daemon [_thread_blocked, id=69387, stack(0x0000000173978000,0x0000000173b7b000)]
  0x0000000131aa5a00 JavaThread "Prism Font Disposer" daemon [_thread_blocked, id=70151, stack(0x000000017376c000,0x000000017396f000)]
  0x00000001329ae200 JavaThread "Cleaner-0" daemon [_thread_blocked, id=63767, stack(0x0000000174ea8000,0x00000001750ab000)]
  0x000000013705b200 JavaThread "PulseTimer-CVDisplayLink thread" daemon [_thread_in_native, id=78343, stack(0x0000000171e50000,0x0000000171ed3000)]

Other Threads:
  0x000000013423dd60 VMThread "VM Thread" [stack: 0x00000001708c0000,0x0000000170ac3000] [id=15875]
  0x0000000132632040 WatcherThread [stack: 0x0000000172474000,0x0000000172677000] [id=26371]
  0x0000000134213a80 GCTaskThread "GC Thread#0" [stack: 0x000000016fe84000,0x0000000170087000] [id=19459]
  0x000000016ae56e00 GCTaskThread "GC Thread#1" [stack: 0x0000000172d30000,0x0000000172f33000] [id=71683]
  0x000000016ae576d0 GCTaskThread "GC Thread#2" [stack: 0x0000000172f3c000,0x000000017313f000] [id=71427]
  0x000000016ae58000 GCTaskThread "GC Thread#3" [stack: 0x0000000173148000,0x000000017334b000] [id=70915]
  0x000000016ae58930 GCTaskThread "GC Thread#4" [stack: 0x0000000173354000,0x0000000173557000] [id=56835]
  0x0000000132713ac0 GCTaskThread "GC Thread#5" [stack: 0x0000000173560000,0x0000000173763000] [id=70659]
  0x0000000134214920 ConcurrentGCThread "G1 Main Marker" [stack: 0x0000000170090000,0x0000000170293000] [id=12291]
  0x00000001342156e0 ConcurrentGCThread "G1 Conc#0" [stack: 0x000000017029c000,0x000000017049f000] [id=13059]
  0x000000013422f580 ConcurrentGCThread "G1 Refine#0" [stack: 0x00000001704a8000,0x00000001706ab000] [id=13571]
  0x0000000134004d10 ConcurrentGCThread "G1 Service" [stack: 0x00000001706b4000,0x00000001708b7000] [id=14083]

Threads with active compile tasks:

VM state: not at safepoint (normal execution)

VM Mutex/Monitor currently owned by a thread: None

Heap address: 0x0000000700000000, size: 4096 MB, Compressed Oops mode: Zero based, Oop shift amount: 3

CDS archive(s) mapped at: [0x0000000800000000-0x0000000800bd4000-0x0000000800bd4000), size 12402688, SharedBaseAddress: 0x0000000800000000, ArchiveRelocationMode: 0.
Compressed class space mapped at: 0x0000000800c00000-0x0000000840c00000, reserved size: 1073741824
Narrow klass base: 0x0000000800000000, Narrow klass shift: 0, Narrow klass range: 0x100000000

GC Precious Log:
 CPUs: 8 total, 8 available
 Memory: 16384M
 Large Page Support: Disabled
 NUMA Support: Disabled
 Compressed Oops: Enabled (Zero based)
 Heap Region Size: 2M
 Heap Min Capacity: 8M
 Heap Initial Capacity: 256M
 Heap Max Capacity: 4G
 Pre-touch: Disabled
 Parallel Workers: 8
 Concurrent Workers: 2
 Concurrent Refinement Workers: 8
 Periodic GC: Disabled

Heap:
 garbage-first heap   total 266240K, used 33598K [0x0000000700000000, 0x0000000800000000)
  region size 2048K, 16 young (32768K), 2 survivors (4096K)
 Metaspace       used 12770K, committed 12992K, reserved 1064960K
  class space    used 1824K, committed 1920K, reserved 1048576K

Heap Regions: E=young(eden), S=young(survivor), O=old, HS=humongous(starts), HC=humongous(continues), CS=collection set, F=free, OA=open archive, CA=closed archive, TAMS=top-at-mark-start (previous, next)
|   0|0x0000000700000000, 0x0000000700200000, 0x0000000700200000|100%|HS|  |TAMS 0x0000000700000000, 0x0000000700000000| Complete 
|   1|0x0000000700200000, 0x0000000700200000, 0x0000000700400000|  0%| F|  |TAMS 0x0000000700200000, 0x0000000700200000| Untracked 
|   2|0x0000000700400000, 0x0000000700400000, 0x0000000700600000|  0%| F|  |TAMS 0x0000000700400000, 0x0000000700400000| Untracked 
|   3|0x0000000700600000, 0x0000000700600000, 0x0000000700800000|  0%| F|  |TAMS 0x0000000700600000, 0x0000000700600000| Untracked 
|   4|0x0000000700800000, 0x0000000700800000, 0x0000000700a00000|  0%| F|  |TAMS 0x0000000700800000, 0x0000000700800000| Untracked 
|   5|0x0000000700a00000, 0x0000000700a00000, 0x0000000700c00000|  0%| F|  |TAMS 0x0000000700a00000, 0x0000000700a00000| Untracked 
|   6|0x0000000700c00000, 0x0000000700c00000, 0x0000000700e00000|  0%| F|  |TAMS 0x0000000700c00000, 0x0000000700c00000| Untracked 
|   7|0x0000000700e00000, 0x0000000700e00000, 0x0000000701000000|  0%| F|  |TAMS 0x0000000700e00000, 0x0000000700e00000| Untracked 
|   8|0x0000000701000000, 0x0000000701000000, 0x0000000701200000|  0%| F|  |TAMS 0x0000000701000000, 0x0000000701000000| Untracked 
|   9|0x0000000701200000, 0x0000000701200000, 0x0000000701400000|  0%| F|  |TAMS 0x0000000701200000, 0x0000000701200000| Untracked 
|  10|0x0000000701400000, 0x0000000701400000, 0x0000000701600000|  0%| F|  |TAMS 0x0000000701400000, 0x0000000701400000| Untracked 
|  11|0x0000000701600000, 0x0000000701600000, 0x0000000701800000|  0%| F|  |TAMS 0x0000000701600000, 0x0000000701600000| Untracked 
|  12|0x0000000701800000, 0x0000000701800000, 0x0000000701a00000|  0%| F|  |TAMS 0x0000000701800000, 0x0000000701800000| Untracked 
|  13|0x0000000701a00000, 0x0000000701a00000, 0x0000000701c00000|  0%| F|  |TAMS 0x0000000701a00000, 0x0000000701a00000| Untracked 
|  14|0x0000000701c00000, 0x0000000701c00000, 0x0000000701e00000|  0%| F|  |TAMS 0x0000000701c00000, 0x0000000701c00000| Untracked 
|  15|0x0000000701e00000, 0x0000000701e00000, 0x0000000702000000|  0%| F|  |TAMS 0x0000000701e00000, 0x0000000701e00000| Untracked 
|  16|0x0000000702000000, 0x0000000702000000, 0x0000000702200000|  0%| F|  |TAMS 0x0000000702000000, 0x0000000702000000| Untracked 
|  17|0x0000000702200000, 0x0000000702200000, 0x0000000702400000|  0%| F|  |TAMS 0x0000000702200000, 0x0000000702200000| Untracked 
|  18|0x0000000702400000, 0x0000000702400000, 0x0000000702600000|  0%| F|  |TAMS 0x0000000702400000, 0x0000000702400000| Untracked 
|  19|0x0000000702600000, 0x0000000702600000, 0x0000000702800000|  0%| F|  |TAMS 0x0000000702600000, 0x0000000702600000| Untracked 
|  20|0x0000000702800000, 0x0000000702800000, 0x0000000702a00000|  0%| F|  |TAMS 0x0000000702800000, 0x0000000702800000| Untracked 
|  21|0x0000000702a00000, 0x0000000702a00000, 0x0000000702c00000|  0%| F|  |TAMS 0x0000000702a00000, 0x0000000702a00000| Untracked 
|  22|0x0000000702c00000, 0x0000000702c00000, 0x0000000702e00000|  0%| F|  |TAMS 0x0000000702c00000, 0x0000000702c00000| Untracked 
|  23|0x0000000702e00000, 0x0000000702e00000, 0x0000000703000000|  0%| F|  |TAMS 0x0000000702e00000, 0x0000000702e00000| Untracked 
|  24|0x0000000703000000, 0x0000000703000000, 0x0000000703200000|  0%| F|  |TAMS 0x0000000703000000, 0x0000000703000000| Untracked 
|  25|0x0000000703200000, 0x0000000703200000, 0x0000000703400000|  0%| F|  |TAMS 0x0000000703200000, 0x0000000703200000| Untracked 
|  26|0x0000000703400000, 0x0000000703400000, 0x0000000703600000|  0%| F|  |TAMS 0x0000000703400000, 0x0000000703400000| Untracked 
|  27|0x0000000703600000, 0x0000000703600000, 0x0000000703800000|  0%| F|  |TAMS 0x0000000703600000, 0x0000000703600000| Untracked 
|  28|0x0000000703800000, 0x0000000703800000, 0x0000000703a00000|  0%| F|  |TAMS 0x0000000703800000, 0x0000000703800000| Untracked 
|  29|0x0000000703a00000, 0x0000000703a00000, 0x0000000703c00000|  0%| F|  |TAMS 0x0000000703a00000, 0x0000000703a00000| Untracked 
|  30|0x0000000703c00000, 0x0000000703c00000, 0x0000000703e00000|  0%| F|  |TAMS 0x0000000703c00000, 0x0000000703c00000| Untracked 
|  31|0x0000000703e00000, 0x0000000703e00000, 0x0000000704000000|  0%| F|  |TAMS 0x0000000703e00000, 0x0000000703e00000| Untracked 
|  32|0x0000000704000000, 0x0000000704000000, 0x0000000704200000|  0%| F|  |TAMS 0x0000000704000000, 0x0000000704000000| Untracked 
|  33|0x0000000704200000, 0x0000000704200000, 0x0000000704400000|  0%| F|  |TAMS 0x0000000704200000, 0x0000000704200000| Untracked 
|  34|0x0000000704400000, 0x0000000704400000, 0x0000000704600000|  0%| F|  |TAMS 0x0000000704400000, 0x0000000704400000| Untracked 
|  35|0x0000000704600000, 0x0000000704600000, 0x0000000704800000|  0%| F|  |TAMS 0x0000000704600000, 0x0000000704600000| Untracked 
|  36|0x0000000704800000, 0x0000000704800000, 0x0000000704a00000|  0%| F|  |TAMS 0x0000000704800000, 0x0000000704800000| Untracked 
|  37|0x0000000704a00000, 0x0000000704a00000, 0x0000000704c00000|  0%| F|  |TAMS 0x0000000704a00000, 0x0000000704a00000| Untracked 
|  38|0x0000000704c00000, 0x0000000704c00000, 0x0000000704e00000|  0%| F|  |TAMS 0x0000000704c00000, 0x0000000704c00000| Untracked 
|  39|0x0000000704e00000, 0x0000000704e00000, 0x0000000705000000|  0%| F|  |TAMS 0x0000000704e00000, 0x0000000704e00000| Untracked 
|  40|0x0000000705000000, 0x0000000705000000, 0x0000000705200000|  0%| F|  |TAMS 0x0000000705000000, 0x0000000705000000| Untracked 
|  41|0x0000000705200000, 0x0000000705200000, 0x0000000705400000|  0%| F|  |TAMS 0x0000000705200000, 0x0000000705200000| Untracked 
|  42|0x0000000705400000, 0x0000000705400000, 0x0000000705600000|  0%| F|  |TAMS 0x0000000705400000, 0x0000000705400000| Untracked 
|  43|0x0000000705600000, 0x0000000705600000, 0x0000000705800000|  0%| F|  |TAMS 0x0000000705600000, 0x0000000705600000| Untracked 
|  44|0x0000000705800000, 0x0000000705800000, 0x0000000705a00000|  0%| F|  |TAMS 0x0000000705800000, 0x0000000705800000| Untracked 
|  45|0x0000000705a00000, 0x0000000705a00000, 0x0000000705c00000|  0%| F|  |TAMS 0x0000000705a00000, 0x0000000705a00000| Untracked 
|  46|0x0000000705c00000, 0x0000000705c00000, 0x0000000705e00000|  0%| F|  |TAMS 0x0000000705c00000, 0x0000000705c00000| Untracked 
|  47|0x0000000705e00000, 0x0000000705e00000, 0x0000000706000000|  0%| F|  |TAMS 0x0000000705e00000, 0x0000000705e00000| Untracked 
|  48|0x0000000706000000, 0x0000000706000000, 0x0000000706200000|  0%| F|  |TAMS 0x0000000706000000, 0x0000000706000000| Untracked 
|  49|0x0000000706200000, 0x0000000706200000, 0x0000000706400000|  0%| F|  |TAMS 0x0000000706200000, 0x0000000706200000| Untracked 
|  50|0x0000000706400000, 0x0000000706400000, 0x0000000706600000|  0%| F|  |TAMS 0x0000000706400000, 0x0000000706400000| Untracked 
|  51|0x0000000706600000, 0x0000000706600000, 0x0000000706800000|  0%| F|  |TAMS 0x0000000706600000, 0x0000000706600000| Untracked 
|  52|0x0000000706800000, 0x0000000706800000, 0x0000000706a00000|  0%| F|  |TAMS 0x0000000706800000, 0x0000000706800000| Untracked 
|  53|0x0000000706a00000, 0x0000000706a00000, 0x0000000706c00000|  0%| F|  |TAMS 0x0000000706a00000, 0x0000000706a00000| Untracked 
|  54|0x0000000706c00000, 0x0000000706c00000, 0x0000000706e00000|  0%| F|  |TAMS 0x0000000706c00000, 0x0000000706c00000| Untracked 
|  55|0x0000000706e00000, 0x0000000706e00000, 0x0000000707000000|  0%| F|  |TAMS 0x0000000706e00000, 0x0000000706e00000| Untracked 
|  56|0x0000000707000000, 0x0000000707000000, 0x0000000707200000|  0%| F|  |TAMS 0x0000000707000000, 0x0000000707000000| Untracked 
|  57|0x0000000707200000, 0x0000000707200000, 0x0000000707400000|  0%| F|  |TAMS 0x0000000707200000, 0x0000000707200000| Untracked 
|  58|0x0000000707400000, 0x0000000707400000, 0x0000000707600000|  0%| F|  |TAMS 0x0000000707400000, 0x0000000707400000| Untracked 
|  59|0x0000000707600000, 0x0000000707600000, 0x0000000707800000|  0%| F|  |TAMS 0x0000000707600000, 0x0000000707600000| Untracked 
|  60|0x0000000707800000, 0x0000000707800000, 0x0000000707a00000|  0%| F|  |TAMS 0x0000000707800000, 0x0000000707800000| Untracked 
|  61|0x0000000707a00000, 0x0000000707a00000, 0x0000000707c00000|  0%| F|  |TAMS 0x0000000707a00000, 0x0000000707a00000| Untracked 
|  62|0x0000000707c00000, 0x0000000707c00000, 0x0000000707e00000|  0%| F|  |TAMS 0x0000000707c00000, 0x0000000707c00000| Untracked 
|  63|0x0000000707e00000, 0x0000000707e00000, 0x0000000708000000|  0%| F|  |TAMS 0x0000000707e00000, 0x0000000707e00000| Untracked 
|  64|0x0000000708000000, 0x0000000708000000, 0x0000000708200000|  0%| F|  |TAMS 0x0000000708000000, 0x0000000708000000| Untracked 
|  65|0x0000000708200000, 0x0000000708200000, 0x0000000708400000|  0%| F|  |TAMS 0x0000000708200000, 0x0000000708200000| Untracked 
|  66|0x0000000708400000, 0x0000000708400000, 0x0000000708600000|  0%| F|  |TAMS 0x0000000708400000, 0x0000000708400000| Untracked 
|  67|0x0000000708600000, 0x0000000708600000, 0x0000000708800000|  0%| F|  |TAMS 0x0000000708600000, 0x0000000708600000| Untracked 
|  68|0x0000000708800000, 0x0000000708800000, 0x0000000708a00000|  0%| F|  |TAMS 0x0000000708800000, 0x0000000708800000| Untracked 
|  69|0x0000000708a00000, 0x0000000708a00000, 0x0000000708c00000|  0%| F|  |TAMS 0x0000000708a00000, 0x0000000708a00000| Untracked 
|  70|0x0000000708c00000, 0x0000000708c00000, 0x0000000708e00000|  0%| F|  |TAMS 0x0000000708c00000, 0x0000000708c00000| Untracked 
|  71|0x0000000708e00000, 0x0000000708e00000, 0x0000000709000000|  0%| F|  |TAMS 0x0000000708e00000, 0x0000000708e00000| Untracked 
|  72|0x0000000709000000, 0x0000000709000000, 0x0000000709200000|  0%| F|  |TAMS 0x0000000709000000, 0x0000000709000000| Untracked 
|  73|0x0000000709200000, 0x0000000709200000, 0x0000000709400000|  0%| F|  |TAMS 0x0000000709200000, 0x0000000709200000| Untracked 
|  74|0x0000000709400000, 0x0000000709400000, 0x0000000709600000|  0%| F|  |TAMS 0x0000000709400000, 0x0000000709400000| Untracked 
|  75|0x0000000709600000, 0x0000000709600000, 0x0000000709800000|  0%| F|  |TAMS 0x0000000709600000, 0x0000000709600000| Untracked 
|  76|0x0000000709800000, 0x0000000709800000, 0x0000000709a00000|  0%| F|  |TAMS 0x0000000709800000, 0x0000000709800000| Untracked 
|  77|0x0000000709a00000, 0x0000000709a00000, 0x0000000709c00000|  0%| F|  |TAMS 0x0000000709a00000, 0x0000000709a00000| Untracked 
|  78|0x0000000709c00000, 0x0000000709c00000, 0x0000000709e00000|  0%| F|  |TAMS 0x0000000709c00000, 0x0000000709c00000| Untracked 
|  79|0x0000000709e00000, 0x0000000709e00000, 0x000000070a000000|  0%| F|  |TAMS 0x0000000709e00000, 0x0000000709e00000| Untracked 
|  80|0x000000070a000000, 0x000000070a000000, 0x000000070a200000|  0%| F|  |TAMS 0x000000070a000000, 0x000000070a000000| Untracked 
|  81|0x000000070a200000, 0x000000070a200000, 0x000000070a400000|  0%| F|  |TAMS 0x000000070a200000, 0x000000070a200000| Untracked 
|  82|0x000000070a400000, 0x000000070a400000, 0x000000070a600000|  0%| F|  |TAMS 0x000000070a400000, 0x000000070a400000| Untracked 
|  83|0x000000070a600000, 0x000000070a600000, 0x000000070a800000|  0%| F|  |TAMS 0x000000070a600000, 0x000000070a600000| Untracked 
|  84|0x000000070a800000, 0x000000070a800000, 0x000000070aa00000|  0%| F|  |TAMS 0x000000070a800000, 0x000000070a800000| Untracked 
|  85|0x000000070aa00000, 0x000000070aa00000, 0x000000070ac00000|  0%| F|  |TAMS 0x000000070aa00000, 0x000000070aa00000| Untracked 
|  86|0x000000070ac00000, 0x000000070ac00000, 0x000000070ae00000|  0%| F|  |TAMS 0x000000070ac00000, 0x000000070ac00000| Untracked 
|  87|0x000000070ae00000, 0x000000070ae00000, 0x000000070b000000|  0%| F|  |TAMS 0x000000070ae00000, 0x000000070ae00000| Untracked 
|  88|0x000000070b000000, 0x000000070b000000, 0x000000070b200000|  0%| F|  |TAMS 0x000000070b000000, 0x000000070b000000| Untracked 
|  89|0x000000070b200000, 0x000000070b200000, 0x000000070b400000|  0%| F|  |TAMS 0x000000070b200000, 0x000000070b200000| Untracked 
|  90|0x000000070b400000, 0x000000070b400000, 0x000000070b600000|  0%| F|  |TAMS 0x000000070b400000, 0x000000070b400000| Untracked 
|  91|0x000000070b600000, 0x000000070b600000, 0x000000070b800000|  0%| F|  |TAMS 0x000000070b600000, 0x000000070b600000| Untracked 
|  92|0x000000070b800000, 0x000000070b800000, 0x000000070ba00000|  0%| F|  |TAMS 0x000000070b800000, 0x000000070b800000| Untracked 
|  93|0x000000070ba00000, 0x000000070ba00000, 0x000000070bc00000|  0%| F|  |TAMS 0x000000070ba00000, 0x000000070ba00000| Untracked 
|  94|0x000000070bc00000, 0x000000070bc00000, 0x000000070be00000|  0%| F|  |TAMS 0x000000070bc00000, 0x000000070bc00000| Untracked 
|  95|0x000000070be00000, 0x000000070be00000, 0x000000070c000000|  0%| F|  |TAMS 0x000000070be00000, 0x000000070be00000| Untracked 
|  96|0x000000070c000000, 0x000000070c000000, 0x000000070c200000|  0%| F|  |TAMS 0x000000070c000000, 0x000000070c000000| Untracked 
|  97|0x000000070c200000, 0x000000070c200000, 0x000000070c400000|  0%| F|  |TAMS 0x000000070c200000, 0x000000070c200000| Untracked 
|  98|0x000000070c400000, 0x000000070c400000, 0x000000070c600000|  0%| F|  |TAMS 0x000000070c400000, 0x000000070c400000| Untracked 
|  99|0x000000070c600000, 0x000000070c600000, 0x000000070c800000|  0%| F|  |TAMS 0x000000070c600000, 0x000000070c600000| Untracked 
| 100|0x000000070c800000, 0x000000070c800000, 0x000000070ca00000|  0%| F|  |TAMS 0x000000070c800000, 0x000000070c800000| Untracked 
| 101|0x000000070ca00000, 0x000000070ca00000, 0x000000070cc00000|  0%| F|  |TAMS 0x000000070ca00000, 0x000000070ca00000| Untracked 
| 102|0x000000070cc00000, 0x000000070cc00000, 0x000000070ce00000|  0%| F|  |TAMS 0x000000070cc00000, 0x000000070cc00000| Untracked 
| 103|0x000000070ce00000, 0x000000070ce00000, 0x000000070d000000|  0%| F|  |TAMS 0x000000070ce00000, 0x000000070ce00000| Untracked 
| 104|0x000000070d000000, 0x000000070d000000, 0x000000070d200000|  0%| F|  |TAMS 0x000000070d000000, 0x000000070d000000| Untracked 
| 105|0x000000070d200000, 0x000000070d200000, 0x000000070d400000|  0%| F|  |TAMS 0x000000070d200000, 0x000000070d200000| Untracked 
| 106|0x000000070d400000, 0x000000070d400000, 0x000000070d600000|  0%| F|  |TAMS 0x000000070d400000, 0x000000070d400000| Untracked 
| 107|0x000000070d600000, 0x000000070d600000, 0x000000070d800000|  0%| F|  |TAMS 0x000000070d600000, 0x000000070d600000| Untracked 
| 108|0x000000070d800000, 0x000000070d800000, 0x000000070da00000|  0%| F|  |TAMS 0x000000070d800000, 0x000000070d800000| Untracked 
| 109|0x000000070da00000, 0x000000070da00000, 0x000000070dc00000|  0%| F|  |TAMS 0x000000070da00000, 0x000000070da00000| Untracked 
| 110|0x000000070dc00000, 0x000000070dc00000, 0x000000070de00000|  0%| F|  |TAMS 0x000000070dc00000, 0x000000070dc00000| Untracked 
| 111|0x000000070de00000, 0x000000070de00000, 0x000000070e000000|  0%| F|  |TAMS 0x000000070de00000, 0x000000070de00000| Untracked 
| 112|0x000000070e000000, 0x000000070e176a20, 0x000000070e200000| 73%| E|  |TAMS 0x000000070e000000, 0x000000070e000000| Complete 
| 113|0x000000070e200000, 0x000000070e400000, 0x000000070e400000|100%| E|CS|TAMS 0x000000070e200000, 0x000000070e200000| Complete 
| 114|0x000000070e400000, 0x000000070e600000, 0x000000070e600000|100%| E|CS|TAMS 0x000000070e400000, 0x000000070e400000| Complete 
| 115|0x000000070e600000, 0x000000070e6d7a20, 0x000000070e800000| 42%| S|CS|TAMS 0x000000070e600000, 0x000000070e600000| Complete 
| 116|0x000000070e800000, 0x000000070ea00000, 0x000000070ea00000|100%| S|CS|TAMS 0x000000070e800000, 0x000000070e800000| Complete 
| 117|0x000000070ea00000, 0x000000070ec00000, 0x000000070ec00000|100%| E|CS|TAMS 0x000000070ea00000, 0x000000070ea00000| Complete 
| 118|0x000000070ec00000, 0x000000070ee00000, 0x000000070ee00000|100%| E|CS|TAMS 0x000000070ec00000, 0x000000070ec00000| Complete 
| 119|0x000000070ee00000, 0x000000070f000000, 0x000000070f000000|100%| E|CS|TAMS 0x000000070ee00000, 0x000000070ee00000| Complete 
| 120|0x000000070f000000, 0x000000070f200000, 0x000000070f200000|100%| E|CS|TAMS 0x000000070f000000, 0x000000070f000000| Complete 
| 121|0x000000070f200000, 0x000000070f400000, 0x000000070f400000|100%| E|CS|TAMS 0x000000070f200000, 0x000000070f200000| Complete 
| 122|0x000000070f400000, 0x000000070f600000, 0x000000070f600000|100%| E|CS|TAMS 0x000000070f400000, 0x000000070f400000| Complete 
| 123|0x000000070f600000, 0x000000070f800000, 0x000000070f800000|100%| E|CS|TAMS 0x000000070f600000, 0x000000070f600000| Complete 
| 124|0x000000070f800000, 0x000000070fa00000, 0x000000070fa00000|100%| E|CS|TAMS 0x000000070f800000, 0x000000070f800000| Complete 
| 125|0x000000070fa00000, 0x000000070fc00000, 0x000000070fc00000|100%| E|CS|TAMS 0x000000070fa00000, 0x000000070fa00000| Complete 
| 126|0x000000070fc00000, 0x000000070fe00000, 0x000000070fe00000|100%| E|CS|TAMS 0x000000070fc00000, 0x000000070fc00000| Complete 
| 127|0x000000070fe00000, 0x0000000710000000, 0x0000000710000000|100%| E|CS|TAMS 0x000000070fe00000, 0x000000070fe00000| Complete 
|2046|0x00000007ffc00000, 0x00000007ffd78000, 0x00000007ffe00000| 73%|OA|  |TAMS 0x00000007ffc00000, 0x00000007ffc00000| Untracked 
|2047|0x00000007ffe00000, 0x00000007ffe80000, 0x0000000800000000| 25%|CA|  |TAMS 0x00000007ffe00000, 0x00000007ffe00000| Untracked 

Card table byte_map: [0x000000011cdfc000,0x000000011d5fc000] _byte_map_base: 0x00000001195fc000

Marking Bits (Prev, Next): (CMBitMap*) 0x0000000134832010, (CMBitMap*) 0x0000000134832050
 Prev Bits: [0x000000011ddfc000, 0x0000000121dfc000)
 Next Bits: [0x0000000121dfc000, 0x0000000125dfc000)

Polling page: 0x0000000100444000

Metaspace:

Usage:
  Non-class:     10.69 MB used.
      Class:      1.78 MB used.
       Both:     12.47 MB used.

Virtual space:
  Non-class space:       16.00 MB reserved,      10.81 MB ( 68%) committed,  2 nodes.
      Class space:        1.00 GB reserved,       1.88 MB ( <1%) committed,  1 nodes.
             Both:        1.02 GB reserved,      12.69 MB (  1%) committed. 

Chunk freelists:
   Non-Class:  728.00 KB
       Class:  2.07 MB
        Both:  2.78 MB

MaxMetaspaceSize: unlimited
CompressedClassSpaceSize: 1.00 GB
Initial GC threshold: 21.00 MB
Current GC threshold: 21.00 MB
CDS: on
MetaspaceReclaimPolicy: balanced
 - commit_granule_bytes: 65536.
 - commit_granule_words: 8192.
 - virtual_space_node_default_size: 1048576.
 - enlarge_chunks_in_place: 1.
 - new_chunks_are_fully_committed: 0.
 - uncommit_free_chunks: 1.
 - use_allocation_guard: 0.
 - handle_deallocations: 1.


Internal statistics:

num_allocs_failed_limit: 0.
num_arena_births: 148.
num_arena_deaths: 0.
num_vsnodes_births: 3.
num_vsnodes_deaths: 0.
num_space_committed: 203.
num_space_uncommitted: 0.
num_chunks_returned_to_freelist: 0.
num_chunks_taken_from_freelist: 547.
num_chunk_merges: 0.
num_chunk_splits: 382.
num_chunks_enlarged: 299.
num_purges: 0.
num_inconsistent_stats: 0.

CodeHeap 'non-profiled nmethods': size=120032Kb used=640Kb max_used=640Kb free=119391Kb
 bounds [0x00000001158c4000, 0x0000000115b34000, 0x000000011cdfc000]
CodeHeap 'profiled nmethods': size=120016Kb used=3143Kb max_used=3143Kb free=116872Kb
 bounds [0x000000010e390000, 0x000000010e6b0000, 0x00000001158c4000]
CodeHeap 'non-nmethods': size=5712Kb used=1365Kb max_used=1491Kb free=4346Kb
 bounds [0x000000010ddfc000, 0x000000010e06c000, 0x000000010e390000]
 total_blobs=2366 nmethods=1614 adapters=669
 compilation: enabled
              stopped_count=0, restarted_count=0
 full_count=0

Compilation events (20 events):
Event: 2.865 Thread 0x0000000133009400 1664       3       jdk.internal.org.objectweb.asm.SymbolTable::putBootstrapMethods (56 bytes)
Event: 2.866 Thread 0x0000000133009400 nmethod 1664 0x000000010e69c390 code [0x000000010e69c5c0, 0x000000010e69c9d8]
Event: 2.866 Thread 0x0000000133009400 1659       3       java.lang.invoke.MethodHandles$Lookup::makeHiddenClassDefiner (42 bytes)
Event: 2.866 Thread 0x0000000133009400 nmethod 1659 0x000000010e69cc10 code [0x000000010e69cf80, 0x000000010e69dfc8]
Event: 2.866 Thread 0x0000000133009400 1661       3       java.lang.invoke.MethodHandles$Lookup$ClassDefiner::<init> (58 bytes)
Event: 2.866 Thread 0x0000000133009400 nmethod 1661 0x000000010e69e590 code [0x000000010e69e740, 0x000000010e69ea28]
Event: 2.866 Thread 0x0000000133009400 1662       3       java.lang.invoke.MethodHandles$Lookup$ClassDefiner::defineClass (97 bytes)
Event: 2.867 Thread 0x0000000133009400 nmethod 1662 0x000000010e69eb10 code [0x000000010e69ee40, 0x000000010e69fde8]
Event: 2.867 Thread 0x0000000133009400 1663       3       java.lang.System$2::defineClass (21 bytes)
Event: 2.867 Thread 0x0000000133009400 nmethod 1663 0x000000010e6a0410 code [0x000000010e6a05c0, 0x000000010e6a0798]
Event: 2.927 Thread 0x0000000133009400 1666       3       java.util.EnumMap::unmaskNull (13 bytes)
Event: 2.927 Thread 0x0000000133009400 nmethod 1666 0x000000010e6a0890 code [0x000000010e6a0a40, 0x000000010e6a0be8]
Event: 2.927 Thread 0x0000000133808800 1667       4       javafx.beans.property.ObjectPropertyBase::get (29 bytes)
Event: 2.927 Thread 0x0000000133009400 1668       1       com.sun.javafx.event.CompositeEventHandler$NormalEventHandlerRecord::isFilter (2 bytes)
Event: 2.927 Thread 0x0000000133009400 nmethod 1668 0x0000000115963b10 code [0x0000000115963c80, 0x0000000115963d68]
Event: 2.927 Thread 0x0000000133009400 1669       3       javafx.scene.Node::updateGeomBounds (28 bytes)
Event: 2.927 Thread 0x0000000133009400 nmethod 1669 0x000000010e6a0c90 code [0x000000010e6a0e80, 0x000000010e6a1208]
Event: 2.927 Thread 0x0000000133808800 nmethod 1667 0x0000000115963e10 code [0x0000000115963fc0, 0x00000001159640b0]
Event: 2.964 Thread 0x0000000133009400 1670       3       java.util.WeakHashMap$HashIterator::hasNext (95 bytes)
Event: 2.964 Thread 0x0000000133009400 nmethod 1670 0x000000010e6a1390 code [0x000000010e6a1580, 0x000000010e6a1b68]

GC Heap History (2 events):
Event: 0.607 GC heap before
{Heap before GC invocations=0 (full 0):
 garbage-first heap   total 266240K, used 22496K [0x0000000700000000, 0x0000000800000000)
  region size 2048K, 11 young (22528K), 0 survivors (0K)
 Metaspace       used 6252K, committed 6464K, reserved 1056768K
  class space    used 808K, committed 896K, reserved 1048576K
}
Event: 0.610 GC heap after
{Heap after GC invocations=1 (full 0):
 garbage-first heap   total 266240K, used 4926K [0x0000000700000000, 0x0000000800000000)
  region size 2048K, 2 young (4096K), 2 survivors (4096K)
 Metaspace       used 6252K, committed 6464K, reserved 1056768K
  class space    used 808K, committed 896K, reserved 1048576K
}

Deoptimization events (20 events):
Event: 1.085 Thread 0x00000001318a8c00 Uncommon trap: trap_request=0xffffffc6 fr.pc=0x0000000115916f6c relative=0x000000000000046c
Event: 1.085 Thread 0x00000001318a8c00 Uncommon trap: reason=bimorphic_or_optimized_type_check action=maybe_recompile pc=0x0000000115916f6c method=java.util.concurrent.ConcurrentHashMap.get(Ljava/lang/Object;)Ljava/lang/Object; @ 149 c2
Event: 1.085 Thread 0x00000001318a8c00 DEOPT PACKING pc=0x0000000115916f6c sp=0x000000016fbe5320
Event: 1.085 Thread 0x00000001318a8c00 DEOPT UNPACKING pc=0x000000010de3ad1c sp=0x000000016fbe52b0 mode 2
Event: 1.085 Thread 0x00000001318a8c00 Uncommon trap: trap_request=0xffffffc6 fr.pc=0x0000000115916f6c relative=0x000000000000046c
Event: 1.085 Thread 0x00000001318a8c00 Uncommon trap: reason=bimorphic_or_optimized_type_check action=maybe_recompile pc=0x0000000115916f6c method=java.util.concurrent.ConcurrentHashMap.get(Ljava/lang/Object;)Ljava/lang/Object; @ 149 c2
Event: 1.085 Thread 0x00000001318a8c00 DEOPT PACKING pc=0x0000000115916f6c sp=0x000000016fbe53b0
Event: 1.085 Thread 0x00000001318a8c00 DEOPT UNPACKING pc=0x000000010de3ad1c sp=0x000000016fbe5340 mode 2
Event: 1.094 Thread 0x00000001318a8c00 Uncommon trap: trap_request=0xffffffc6 fr.pc=0x0000000115916f6c relative=0x000000000000046c
Event: 1.094 Thread 0x00000001318a8c00 Uncommon trap: reason=bimorphic_or_optimized_type_check action=maybe_recompile pc=0x0000000115916f6c method=java.util.concurrent.ConcurrentHashMap.get(Ljava/lang/Object;)Ljava/lang/Object; @ 149 c2
Event: 1.094 Thread 0x00000001318a8c00 DEOPT PACKING pc=0x0000000115916f6c sp=0x000000016fbe5320
Event: 1.094 Thread 0x00000001318a8c00 DEOPT UNPACKING pc=0x000000010de3ad1c sp=0x000000016fbe52b0 mode 2
Event: 1.118 Thread 0x00000001318a8c00 Uncommon trap: trap_request=0xffffff45 fr.pc=0x00000001158d32b8 relative=0x00000000000000f8
Event: 1.118 Thread 0x00000001318a8c00 Uncommon trap: reason=unstable_if action=reinterpret pc=0x00000001158d32b8 method=java.lang.StringLatin1.lastIndexOf([BI[BII)I @ 86 c2
Event: 1.118 Thread 0x00000001318a8c00 DEOPT PACKING pc=0x00000001158d32b8 sp=0x000000016fbe4ae0
Event: 1.118 Thread 0x00000001318a8c00 DEOPT UNPACKING pc=0x000000010de3ad1c sp=0x000000016fbe4a40 mode 2
Event: 2.715 Thread 0x00000001308ed600 DEOPT PACKING pc=0x000000010e63d9a0 sp=0x0000000172880e90
Event: 2.715 Thread 0x00000001308ed600 DEOPT UNPACKING pc=0x000000010de3ab7c sp=0x0000000172880af0 mode 0
Event: 2.716 Thread 0x00000001308ed600 DEOPT PACKING pc=0x000000010e63d9a0 sp=0x0000000172880e90
Event: 2.716 Thread 0x00000001308ed600 DEOPT UNPACKING pc=0x000000010de3ab7c sp=0x0000000172880af0 mode 0

Classes unloaded (0 events):
No events

Classes redefined (0 events):
No events

Internal exceptions (20 events):
Event: 0.517 Thread 0x0000000134808e00 Exception <a 'java/lang/NoSuchMethodError'{0x000000070f1de638}: 'java.lang.Object java.lang.invoke.DirectMethodHandle$Holder.newInvokeSpecial(java.lang.Object, java.lang.Object, java.lang.Object, java.lang.Object, java.lang.Object)'> (0x000000070f1de638) 
thrown [open/src/hotspot/share/interpreter/linkResolver.cpp, line 766]
Event: 0.579 Thread 0x00000001318a8c00 Exception <a 'java/lang/NoSuchMethodError'{0x000000070ea6f688}: 'java.lang.Object java.lang.invoke.DirectMethodHandle$Holder.invokeStaticInit(java.lang.Object, java.lang.Object, java.lang.Object, java.lang.Object)'> (0x000000070ea6f688) 
thrown [open/src/hotspot/share/interpreter/linkResolver.cpp, line 766]
Event: 0.581 Thread 0x00000001318a8c00 Exception <a 'java/lang/NullPointerException'{0x000000070ea7b168}> (0x000000070ea7b168) 
thrown [open/src/hotspot/share/interpreter/linkResolver.cpp, line 1357]
Event: 0.675 Thread 0x00000001318a8c00 Exception <a 'java/lang/NoSuchMethodError'{0x000000070fae0ec0}: 'void java.lang.invoke.DirectMethodHandle$Holder.invokeStaticInit(java.lang.Object, java.lang.Object)'> (0x000000070fae0ec0) 
thrown [open/src/hotspot/share/interpreter/linkResolver.cpp, line 766]
Event: 0.699 Thread 0x00000001318a8c00 Exception <a 'sun/nio/fs/UnixException'{0x000000070f9069d8}> (0x000000070f9069d8) 
thrown [open/src/hotspot/share/prims/jni.cpp, line 516]
Event: 0.718 Thread 0x00000001318a8c00 Implicit null exception at 0x0000000115910a10 to 0x0000000115910e9c
Event: 0.721 Thread 0x00000001318a8c00 Implicit null exception at 0x000000011590db54 to 0x000000011590de98
Event: 0.726 Thread 0x00000001318a8c00 Exception <a 'java/lang/ClassNotFoundException'{0x000000070f700670}: com/sun/javafx/scene/control/skin/resources/controls> (0x000000070f700670) 
thrown [open/src/hotspot/share/prims/jni.cpp, line 535]
Event: 0.728 Thread 0x00000001318a8c00 Exception <a 'java/lang/ClassNotFoundException'{0x000000070f711f90}: com/sun/javafx/scene/control/skin/resources/controls_en> (0x000000070f711f90) 
thrown [open/src/hotspot/share/prims/jni.cpp, line 535]
Event: 0.728 Thread 0x00000001318a8c00 Exception <a 'java/lang/ClassNotFoundException'{0x000000070f712d18}: com/sun/javafx/scene/control/skin/resources/controls_en_GB> (0x000000070f712d18) 
thrown [open/src/hotspot/share/prims/jni.cpp, line 535]
Event: 0.729 Thread 0x00000001318a8c00 Implicit null exception at 0x000000011590e9d4 to 0x000000011590ea40
Event: 1.073 Thread 0x00000001318a8c00 Exception <a 'java/lang/NoSuchMethodError'{0x000000070eee4840}: 'java.lang.Object java.lang.invoke.DirectMethodHandle$Holder.invokeInterface(java.lang.Object, java.lang.Object, java.lang.Object)'> (0x000000070eee4840) 
thrown [open/src/hotspot/share/interpreter/linkResolver.cpp, line 766]
Event: 1.074 Thread 0x00000001318a8c00 Exception <a 'java/lang/IncompatibleClassChangeError'{0x000000070eee81c8}: Found class java.lang.Object, but interface was expected> (0x000000070eee81c8) 
thrown [open/src/hotspot/share/interpreter/linkResolver.cpp, line 833]
Event: 1.128 Thread 0x00000001318a8c00 Exception <a 'java/lang/NoSuchMethodError'{0x000000070ea1e538}: 'java.lang.Object java.lang.invoke.DirectMethodHandle$Holder.newInvokeSpecial(java.lang.Object, java.lang.Object, int)'> (0x000000070ea1e538) 
thrown [open/src/hotspot/share/interpreter/linkResolver.cpp, line 766]
Event: 1.170 Thread 0x00000001308ed600 Exception <a 'java/lang/NoSuchMethodError'{0x000000070e466788}: 'int java.lang.invoke.DirectMethodHandle$Holder.invokeStaticInit(java.lang.Object, java.lang.Object)'> (0x000000070e466788) 
thrown [open/src/hotspot/share/interpreter/linkResolver.cpp, line 766]
Event: 2.840 Thread 0x00000001318a8c00 Exception <a 'java/lang/NoSuchMethodError'{0x000000070e03ede0}: 'long java.lang.invoke.DirectMethodHandle$Holder.invokeStatic(java.lang.Object, java.lang.Object)'> (0x000000070e03ede0) 
thrown [open/src/hotspot/share/interpreter/linkResolver.cpp, line 766]
Event: 2.865 Thread 0x00000001318a8c00 Exception <a 'java/lang/NoSuchMethodError'{0x000000070e0fa200}: 'long java.lang.invoke.DirectMethodHandle$Holder.invokeStatic(java.lang.Object, java.lang.Object, java.lang.Object)'> (0x000000070e0fa200) 
thrown [open/src/hotspot/share/interpreter/linkResolver.cpp, line 766]
Event: 2.865 Thread 0x00000001318a8c00 Exception <a 'java/lang/NoSuchMethodError'{0x000000070e0fdc50}: 'long java.lang.invoke.DirectMethodHandle$Holder.invokeStaticInit(java.lang.Object, java.lang.Object, java.lang.Object)'> (0x000000070e0fdc50) 
thrown [open/src/hotspot/share/interpreter/linkResolver.cpp, line 766]
Event: 2.866 Thread 0x00000001318a8c00 Exception <a 'java/lang/NoSuchMethodError'{0x000000070e115b00}: 'java.lang.Object java.lang.invoke.DirectMethodHandle$Holder.newInvokeSpecial(java.lang.Object, java.lang.Object, long)'> (0x000000070e115b00) 
thrown [open/src/hotspot/share/interpreter/linkResolver.cpp, line 766]
Event: 2.866 Thread 0x00000001318a8c00 Exception <a 'java/lang/NoSuchMethodError'{0x000000070e119670}: 'java.lang.Object java.lang.invoke.Invokers$Holder.linkToTargetMethod(java.lang.Object, long, java.lang.Object)'> (0x000000070e119670) 
thrown [open/src/hotspot/share/interpreter/linkResolver.cpp, line 766]

VM Operations (20 events):
Event: 0.107 Executing VM operation: HandshakeAllThreads
Event: 0.107 Executing VM operation: HandshakeAllThreads done
Event: 0.117 Executing VM operation: ICBufferFull
Event: 0.117 Executing VM operation: ICBufferFull done
Event: 0.127 Executing VM operation: HandshakeAllThreads
Event: 0.127 Executing VM operation: HandshakeAllThreads done
Event: 0.607 Executing VM operation: G1CollectForAllocation
Event: 0.610 Executing VM operation: G1CollectForAllocation done
Event: 0.627 Executing VM operation: HandshakeAllThreads
Event: 0.627 Executing VM operation: HandshakeAllThreads done
Event: 0.665 Executing VM operation: ICBufferFull
Event: 0.665 Executing VM operation: ICBufferFull done
Event: 1.060 Executing VM operation: HandshakeAllThreads
Event: 1.060 Executing VM operation: HandshakeAllThreads done
Event: 1.071 Executing VM operation: ICBufferFull
Event: 1.071 Executing VM operation: ICBufferFull done
Event: 2.072 Executing VM operation: Cleanup
Event: 2.073 Executing VM operation: Cleanup done
Event: 2.841 Executing VM operation: HandshakeAllThreads
Event: 2.841 Executing VM operation: HandshakeAllThreads done

Events (20 events):
Event: 2.842 loading class java/util/stream/Nodes$EmptyNode$OfLong
Event: 2.842 loading class java/util/stream/Node$OfLong
Event: 2.842 loading class java/util/stream/Node$OfLong done
Event: 2.842 loading class java/util/stream/Nodes$EmptyNode$OfLong done
Event: 2.842 loading class java/util/stream/Nodes$EmptyNode$OfDouble
Event: 2.842 loading class java/util/stream/Node$OfDouble
Event: 2.842 loading class java/util/stream/Node$OfDouble done
Event: 2.842 loading class java/util/stream/Nodes$EmptyNode$OfDouble done
Event: 2.842 loading class java/util/stream/Nodes$LongFixedNodeBuilder
Event: 2.842 loading class java/util/stream/Node$Builder$OfLong
Event: 2.842 loading class java/util/stream/Node$Builder
Event: 2.842 loading class java/util/stream/Node$Builder done
Event: 2.842 loading class java/util/stream/Sink$OfLong
Event: 2.842 loading class java/util/stream/Sink$OfLong done
Event: 2.842 loading class java/util/stream/Node$Builder$OfLong done
Event: 2.842 loading class java/util/stream/Nodes$LongArrayNode
Event: 2.842 loading class java/util/stream/Nodes$LongArrayNode done
Event: 2.842 loading class java/util/stream/Nodes$LongFixedNodeBuilder done
Event: 2.842 loading class java/util/stream/ReferencePipeline$5$1
Event: 2.842 loading class java/util/stream/ReferencePipeline$5$1 done


Dynamic libraries:
0x0000000100408000 	/Users/cianfarrell/Library/Java/JavaVirtualMachines/openjdk-17.0.2/Contents/Home/lib/libjli.dylib
0x00000001a0612000 	/usr/lib/libz.1.dylib
0x00000001a06c9000 	/usr/lib/libSystem.B.dylib
0x00000001a06c3000 	/usr/lib/system/libcache.dylib
0x00000001a0681000 	/usr/lib/system/libcommonCrypto.dylib
0x00000001a06aa000 	/usr/lib/system/libcompiler_rt.dylib
0x00000001a06a1000 	/usr/lib/system/libcopyfile.dylib
0x00000001958e7000 	/usr/lib/system/libcorecrypto.dylib
0x000000019599c000 	/usr/lib/system/libdispatch.dylib
0x0000000195b6a000 	/usr/lib/system/libdyld.dylib
0x00000001a06b9000 	/usr/lib/system/libkeymgr.dylib
0x00000001a065c000 	/usr/lib/system/libmacho.dylib
0x000000019fd4c000 	/usr/lib/system/libquarantine.dylib
0x00000001a06b6000 	/usr/lib/system/libremovefile.dylib
0x000000019ace2000 	/usr/lib/system/libsystem_asl.dylib
0x0000000195889000 	/usr/lib/system/libsystem_blocks.dylib
0x0000000195a24000 	/usr/lib/system/libsystem_c.dylib
0x00000001a06ae000 	/usr/lib/system/libsystem_collections.dylib
0x000000019f1e1000 	/usr/lib/system/libsystem_configuration.dylib
0x000000019e43a000 	/usr/lib/system/libsystem_containermanager.dylib
0x00000001a03b9000 	/usr/lib/system/libsystem_coreservices.dylib
0x000000019829b000 	/usr/lib/system/libsystem_darwin.dylib
0x00000001a06ba000 	/usr/lib/system/libsystem_dnssd.dylib
0x0000000195a21000 	/usr/lib/system/libsystem_featureflags.dylib
0x0000000195b7f000 	/usr/lib/system/libsystem_info.dylib
0x00000001a0624000 	/usr/lib/system/libsystem_m.dylib
0x0000000195971000 	/usr/lib/system/libsystem_malloc.dylib
0x000000019ac70000 	/usr/lib/system/libsystem_networkextension.dylib
0x00000001986f4000 	/usr/lib/system/libsystem_notify.dylib
0x00000001a6a1d000 	/usr/lib/system/libsystem_product_info_filter.dylib
0x000000019f1e6000 	/usr/lib/system/libsystem_sandbox.dylib
0x00000001a06b3000 	/usr/lib/system/libsystem_secinit.dylib
0x0000000195b25000 	/usr/lib/system/libsystem_kernel.dylib
0x0000000195b77000 	/usr/lib/system/libsystem_platform.dylib
0x0000000195b5d000 	/usr/lib/system/libsystem_pthread.dylib
0x000000019c446000 	/usr/lib/system/libsystem_symptoms.dylib
0x00000001958cd000 	/usr/lib/system/libsystem_trace.dylib
0x00000001a068e000 	/usr/lib/system/libunwind.dylib
0x000000019588b000 	/usr/lib/system/libxpc.dylib
0x0000000195b0d000 	/usr/lib/libc++abi.dylib
0x00000001959e3000 	/usr/lib/libobjc.A.dylib
0x00000001a0699000 	/usr/lib/liboah.dylib
0x0000000195aa6000 	/usr/lib/libc++.1.dylib
0x00000001ac54c000 	/System/Library/Frameworks/Cocoa.framework/Versions/A/Cocoa
0x0000000198755000 	/System/Library/Frameworks/AppKit.framework/Versions/C/AppKit
0x000000019bc6c000 	/System/Library/Frameworks/CoreData.framework/Versions/A/CoreData
0x0000000196ab0000 	/System/Library/Frameworks/Foundation.framework/Versions/C/Foundation
0x000000019960e000 	/System/Library/PrivateFrameworks/UIFoundation.framework/Versions/A/UIFoundation
0x00000001a6717000 	/System/Library/PrivateFrameworks/RemoteViewServices.framework/Versions/A/RemoteViewServices
0x000000019eb88000 	/System/Library/PrivateFrameworks/XCTTargetBootstrap.framework/Versions/A/XCTTargetBootstrap
0x00000001a240b000 	/System/Library/PrivateFrameworks/InternationalSupport.framework/Versions/A/InternationalSupport
0x00000001a2494000 	/System/Library/PrivateFrameworks/UserActivity.framework/Versions/A/UserActivity
0x00000001a1900000 	/usr/lib/libspindump.dylib
0x000000019987f000 	/System/Library/Frameworks/UniformTypeIdentifiers.framework/Versions/A/UniformTypeIdentifiers
0x000000019d0d0000 	/usr/lib/libapp_launch_measurement.dylib
0x000000019c5f8000 	/System/Library/PrivateFrameworks/CoreAnalytics.framework/Versions/A/CoreAnalytics
0x000000019d0d3000 	/System/Library/PrivateFrameworks/CoreAutoLayout.framework/Versions/A/CoreAutoLayout
0x000000019e477000 	/System/Library/Frameworks/Metal.framework/Versions/A/Metal
0x000000019f1f1000 	/usr/lib/liblangid.dylib
0x000000019eb8d000 	/System/Library/PrivateFrameworks/CoreSVG.framework/Versions/A/CoreSVG
0x000000019ad16000 	/System/Library/PrivateFrameworks/SkyLight.framework/Versions/A/SkyLight
0x000000019b0f2000 	/System/Library/Frameworks/CoreGraphics.framework/Versions/A/CoreGraphics
0x00000001a6de3000 	/System/Library/Frameworks/Accelerate.framework/Versions/A/Accelerate
0x00000001a1377000 	/System/Library/PrivateFrameworks/IconServices.framework/Versions/A/IconServices
0x000000019e459000 	/System/Library/Frameworks/IOSurface.framework/Versions/A/IOSurface
0x000000019c629000 	/usr/lib/libDiagnosticMessagesClient.dylib
0x00000001aa2e9000 	/System/Library/Frameworks/ApplicationServices.framework/Versions/A/ApplicationServices
0x000000019eb70000 	/System/Library/PrivateFrameworks/DFRFoundation.framework/Versions/A/DFRFoundation
0x0000000197fe5000 	/usr/lib/libicucore.A.dylib
0x00000001a32b9000 	/System/Library/Frameworks/AudioToolbox.framework/Versions/A/AudioToolbox
0x00000001a2417000 	/System/Library/PrivateFrameworks/DataDetectorsCore.framework/Versions/A/DataDetectorsCore
0x00000001b8e35000 	/System/Library/PrivateFrameworks/TextInput.framework/Versions/A/TextInput
0x000000019ac8b000 	/usr/lib/libMobileGestalt.dylib
0x000000019e83c000 	/System/Library/Frameworks/Carbon.framework/Versions/A/Frameworks/HIToolbox.framework/Versions/A/HIToolbox
0x000000019caa9000 	/System/Library/Frameworks/QuartzCore.framework/Versions/A/QuartzCore
0x0000000197c66000 	/System/Library/Frameworks/Security.framework/Versions/A/Security
0x00000001a6757000 	/System/Library/Frameworks/Carbon.framework/Versions/A/Frameworks/SpeechRecognition.framework/Versions/A/SpeechRecognition
0x000000019ce25000 	/System/Library/PrivateFrameworks/CoreUI.framework/Versions/A/CoreUI
0x0000000197542000 	/System/Library/Frameworks/CoreAudio.framework/Versions/A/CoreAudio
0x000000019c71d000 	/System/Library/Frameworks/DiskArbitration.framework/Versions/A/DiskArbitration
0x00000001a1d0a000 	/System/Library/PrivateFrameworks/MultitouchSupport.framework/Versions/A/MultitouchSupport
0x000000019ac89000 	/usr/lib/libenergytrace.dylib
0x000000019861d000 	/System/Library/Frameworks/IOKit.framework/Versions/A/IOKit
0x00000001a6b46000 	/System/Library/Frameworks/CoreServices.framework/Versions/A/CoreServices
0x000000019d060000 	/System/Library/PrivateFrameworks/PerformanceAnalysis.framework/Versions/A/PerformanceAnalysis
0x00000001f72df000 	/System/Library/Frameworks/OpenGL.framework/Versions/A/OpenGL
0x000000019fc64000 	/System/Library/PrivateFrameworks/MobileKeyBag.framework/Versions/A/MobileKeyBag
0x000000019b700000 	/System/Library/Frameworks/ColorSync.framework/Versions/A/ColorSync
0x0000000195bac000 	/System/Library/Frameworks/CoreFoundation.framework/Versions/A/CoreFoundation
0x000000019ee0d000 	/System/Library/Frameworks/CoreImage.framework/Versions/A/CoreImage
0x0000000197366000 	/System/Library/Frameworks/CoreText.framework/Versions/A/CoreText
0x000000019ebbd000 	/System/Library/Frameworks/ImageIO.framework/Versions/A/ImageIO
0x00000001a06cf000 	/System/Library/PrivateFrameworks/SoftLinking.framework/Versions/A/SoftLinking
0x000000019d11e000 	/usr/lib/libxml2.2.dylib
0x00000001a0968000 	/usr/lib/libcompression.dylib
0x00000001a2367000 	/System/Library/PrivateFrameworks/TextureIO.framework/Versions/A/TextureIO
0x00000001a1090000 	/usr/lib/libate.dylib
0x00000001a0f55000 	/usr/lib/liblzma.5.dylib
0x00000001967a3000 	/System/Library/Frameworks/SystemConfiguration.framework/Versions/A/SystemConfiguration
0x00000001a06cb000 	/usr/lib/libfakelink.dylib
0x000000019a7bb000 	/System/Library/Frameworks/CFNetwork.framework/Versions/A/CFNetwork
0x00000001a0811000 	/usr/lib/libarchive.2.dylib
0x000000019f1ed000 	/System/Library/PrivateFrameworks/AppleSystemInfo.framework/Versions/A/AppleSystemInfo
0x000000019fd77000 	/usr/lib/libbsm.0.dylib
0x0000000199d28000 	/usr/lib/libnetwork.dylib
0x00000001a0665000 	/usr/lib/system/libkxld.dylib
0x000000019f991000 	/System/Library/PrivateFrameworks/IOMobileFramebuffer.framework/Versions/A/IOMobileFramebuffer
0x00000002156ce000 	/usr/lib/libCoreEntitlements.dylib
0x00000001a039b000 	/System/Library/PrivateFrameworks/AppleFSCompression.framework/Versions/A/AppleFSCompression
0x000000019fd5f000 	/usr/lib/libcoretls.dylib
0x00000001a0f6e000 	/usr/lib/libcoretls_cfhelpers.dylib
0x00000001a0963000 	/usr/lib/libpam.2.dylib
0x000000019c05c000 	/usr/lib/libsqlite3.dylib
0x00000001a0fd7000 	/usr/lib/libxar.1.dylib
0x00000001a03ac000 	/usr/lib/libbz2.1.0.dylib
0x00000001a06d0000 	/usr/lib/libpcap.A.dylib
0x000000019c43d000 	/usr/lib/libdns_services.dylib
0x00000001a0936000 	/usr/lib/libapple_nghttp2.dylib
0x00000001a070d000 	/usr/lib/libiconv.2.dylib
0x00000001a065b000 	/usr/lib/libcharset.1.dylib
0x000000019d09c000 	/System/Library/Frameworks/CoreServices.framework/Versions/A/Frameworks/FSEvents.framework/Versions/A/FSEvents
0x00000001982a6000 	/System/Library/Frameworks/CoreServices.framework/Versions/A/Frameworks/CarbonCore.framework/Versions/A/CarbonCore
0x000000019c67d000 	/System/Library/Frameworks/CoreServices.framework/Versions/A/Frameworks/Metadata.framework/Versions/A/Metadata
0x00000001a03bf000 	/System/Library/Frameworks/CoreServices.framework/Versions/A/Frameworks/OSServices.framework/Versions/A/OSServices
0x00000001a0897000 	/System/Library/Frameworks/CoreServices.framework/Versions/A/Frameworks/SearchKit.framework/Versions/A/SearchKit
0x000000019c3cb000 	/System/Library/Frameworks/CoreServices.framework/Versions/A/Frameworks/AE.framework/Versions/A/AE
0x00000001960f3000 	/System/Library/Frameworks/CoreServices.framework/Versions/A/Frameworks/LaunchServices.framework/Versions/A/LaunchServices
0x00000001a0efe000 	/System/Library/Frameworks/CoreServices.framework/Versions/A/Frameworks/DictionaryServices.framework/Versions/A/DictionaryServices
0x000000019d0a9000 	/System/Library/Frameworks/CoreServices.framework/Versions/A/Frameworks/SharedFileList.framework/Versions/A/SharedFileList
0x000000019fd4f000 	/usr/lib/libCheckFix.dylib
0x000000019acfa000 	/System/Library/PrivateFrameworks/TCC.framework/Versions/A/TCC
0x000000019f1f3000 	/System/Library/PrivateFrameworks/CoreNLP.framework/Versions/A/CoreNLP
0x000000019c62c000 	/System/Library/PrivateFrameworks/MetadataUtilities.framework/Versions/A/MetadataUtilities
0x000000019685d000 	/usr/lib/libmecabra.dylib
0x000000019fd88000 	/usr/lib/libmecab.dylib
0x0000000196829000 	/usr/lib/libCRFSuite.dylib
0x000000019fde5000 	/usr/lib/libgermantok.dylib
0x00000001a090f000 	/usr/lib/libThaiTokenizer.dylib
0x000000019c725000 	/System/Library/Frameworks/Accelerate.framework/Versions/A/Frameworks/vImage.framework/Versions/A/vImage
0x00000001a6b1d000 	/System/Library/Frameworks/Accelerate.framework/Versions/A/Frameworks/vecLib.framework/Versions/A/vecLib
0x00000001a101c000 	/System/Library/Frameworks/Accelerate.framework/Versions/A/Frameworks/vecLib.framework/Versions/A/libvMisc.dylib
0x000000019f898000 	/System/Library/Frameworks/Accelerate.framework/Versions/A/Frameworks/vecLib.framework/Versions/A/libvDSP.dylib
0x000000019647e000 	/System/Library/Frameworks/Accelerate.framework/Versions/A/Frameworks/vecLib.framework/Versions/A/libBLAS.dylib
0x00000001a0a39000 	/System/Library/Frameworks/Accelerate.framework/Versions/A/Frameworks/vecLib.framework/Versions/A/libLAPACK.dylib
0x000000019fde8000 	/System/Library/Frameworks/Accelerate.framework/Versions/A/Frameworks/vecLib.framework/Versions/A/libLinearAlgebra.dylib
0x00000001a094e000 	/System/Library/Frameworks/Accelerate.framework/Versions/A/Frameworks/vecLib.framework/Versions/A/libSparseBLAS.dylib
0x00000001a0a34000 	/System/Library/Frameworks/Accelerate.framework/Versions/A/Frameworks/vecLib.framework/Versions/A/libQuadrature.dylib
0x000000019f2ec000 	/System/Library/Frameworks/Accelerate.framework/Versions/A/Frameworks/vecLib.framework/Versions/A/libBNNS.dylib
0x000000019673c000 	/System/Library/Frameworks/Accelerate.framework/Versions/A/Frameworks/vecLib.framework/Versions/A/libSparse.dylib
0x000000019f2e4000 	/System/Library/PrivateFrameworks/LinguisticData.framework/Versions/A/LinguisticData
0x00000001966f4000 	/System/Library/PrivateFrameworks/Lexicon.framework/Versions/A/Lexicon
0x00000001a1014000 	/usr/lib/libChineseTokenizer.dylib
0x0000000196ea2000 	/System/Library/PrivateFrameworks/LanguageModeling.framework/Versions/A/LanguageModeling
0x00000001a0911000 	/System/Library/PrivateFrameworks/AppleSauce.framework/Versions/A/AppleSauce
0x000000019f97e000 	/System/Library/PrivateFrameworks/CoreEmoji.framework/Versions/A/CoreEmoji
0x00000001a07ff000 	/usr/lib/libcmph.dylib
0x000000019d07c000 	/System/Library/Frameworks/OpenDirectory.framework/Versions/A/Frameworks/CFOpenDirectory.framework/Versions/A/CFOpenDirectory
0x000000019d06c000 	/System/Library/Frameworks/OpenDirectory.framework/Versions/A/OpenDirectory
0x00000001a0f70000 	/System/Library/PrivateFrameworks/APFS.framework/Versions/A/APFS
0x000000019fc9f000 	/System/Library/Frameworks/SecurityFoundation.framework/Versions/A/SecurityFoundation
0x00000001a0fe6000 	/usr/lib/libutil.dylib
0x00000001985df000 	/System/Library/PrivateFrameworks/CoreServicesStore.framework/Versions/A/CoreServicesStore
0x00000001a0fea000 	/usr/lib/libxslt.1.dylib
0x000000019fd33000 	/System/Library/PrivateFrameworks/BackgroundTaskManagement.framework/Versions/A/BackgroundTaskManagement
0x00000001a2288000 	/System/Library/Frameworks/ImageIO.framework/Versions/A/Resources/libRadiance.dylib
0x00000001a2291000 	/System/Library/Frameworks/ImageIO.framework/Versions/A/Resources/libJPEG.dylib
0x00000001a21e2000 	/System/Library/Frameworks/ImageIO.framework/Versions/A/Resources/libPng.dylib
0x00000001a2204000 	/System/Library/Frameworks/ImageIO.framework/Versions/A/Resources/libTIFF.dylib
0x00000001a22ec000 	/System/Library/Frameworks/ImageIO.framework/Versions/A/Resources/libGIF.dylib
0x00000001a1c1a000 	/System/Library/Frameworks/ImageIO.framework/Versions/A/Resources/libJP2.dylib
0x00000001a133c000 	/usr/lib/libexpat.1.dylib
0x00000001a1bd5000 	/System/Library/PrivateFrameworks/AppleJPEG.framework/Versions/A/AppleJPEG
0x000000019e6f8000 	/System/Library/PrivateFrameworks/FontServices.framework/libFontParser.dylib
0x000000019c370000 	/System/Library/PrivateFrameworks/RunningBoardServices.framework/Versions/A/RunningBoardServices
0x00000001acc23000 	/System/Library/PrivateFrameworks/IOSurfaceAccelerator.framework/Versions/A/IOSurfaceAccelerator
0x00000001a1d06000 	/System/Library/PrivateFrameworks/WatchdogClient.framework/Versions/A/WatchdogClient
0x0000000196fa2000 	/System/Library/Frameworks/CoreDisplay.framework/Versions/A/CoreDisplay
0x000000019e5e2000 	/System/Library/Frameworks/CoreMedia.framework/Versions/A/CoreMedia
0x000000019e46d000 	/System/Library/PrivateFrameworks/IOAccelerator.framework/Versions/A/IOAccelerator
0x000000019d20c000 	/System/Library/Frameworks/CoreVideo.framework/Versions/A/CoreVideo
0x00000001a0961000 	/System/Library/Frameworks/MetalPerformanceShaders.framework/Versions/A/MetalPerformanceShaders
0x00000001a1d45000 	/System/Library/Frameworks/VideoToolbox.framework/Versions/A/VideoToolbox
0x000000019c2b4000 	/System/Library/PrivateFrameworks/BaseBoard.framework/Versions/A/BaseBoard
0x000000019c042000 	/System/Library/PrivateFrameworks/ProtocolBuffer.framework/Versions/A/ProtocolBuffer
0x00000001a2283000 	/System/Library/PrivateFrameworks/GPUWrangler.framework/Versions/A/GPUWrangler
0x00000001a2263000 	/System/Library/PrivateFrameworks/IOPresentment.framework/Versions/A/IOPresentment
0x00000001a228b000 	/System/Library/PrivateFrameworks/DSExternalDisplay.framework/Versions/A/DSExternalDisplay
0x00000001f72d2000 	/System/Library/Frameworks/OpenGL.framework/Versions/A/Libraries/libCoreFSCache.dylib
0x000000020219c000 	/System/Library/PrivateFrameworks/GPUCompiler.framework/Versions/31001/Libraries/libGPUCompilerUtils.dylib
0x00000001a22f1000 	/System/Library/PrivateFrameworks/CMCaptureCore.framework/Versions/A/CMCaptureCore
0x00000001a18ed000 	/System/Library/PrivateFrameworks/AppServerSupport.framework/Versions/A/AppServerSupport
0x00000001a3b77000 	/System/Library/PrivateFrameworks/perfdata.framework/Versions/A/perfdata
0x00000001970c2000 	/System/Library/PrivateFrameworks/AudioToolboxCore.framework/Versions/A/AudioToolboxCore
0x000000019e5bb000 	/System/Library/PrivateFrameworks/caulk.framework/Versions/A/caulk
0x00000001a346c000 	/usr/lib/libAudioStatistics.dylib
0x00000001b5488000 	/System/Library/PrivateFrameworks/SystemPolicy.framework/Versions/A/SystemPolicy
0x00000001a36d8000 	/usr/lib/libSMC.dylib
0x00000001ac42a000 	/System/Library/Frameworks/CoreMIDI.framework/Versions/A/CoreMIDI
0x00000001a21b0000 	/usr/lib/libAudioToolboxUtility.dylib
0x00000001b15eb000 	/System/Library/PrivateFrameworks/OSAServicesClient.framework/Versions/A/OSAServicesClient
0x00000001a3b84000 	/usr/lib/libperfcheck.dylib
0x00000001b5fa7000 	/usr/lib/libmis.dylib
0x00000001f7334000 	/System/Library/Frameworks/OpenGL.framework/Versions/A/Libraries/libGLU.dylib
0x00000001f72f3000 	/System/Library/Frameworks/OpenGL.framework/Versions/A/Libraries/libGFXShared.dylib
0x00000001f74e0000 	/System/Library/Frameworks/OpenGL.framework/Versions/A/Libraries/libGL.dylib
0x00000001f72fc000 	/System/Library/Frameworks/OpenGL.framework/Versions/A/Libraries/libGLImage.dylib
0x00000001f72f0000 	/System/Library/Frameworks/OpenGL.framework/Versions/A/Libraries/libCVMSPluginSupport.dylib
0x00000001f72d9000 	/System/Library/Frameworks/OpenGL.framework/Versions/A/Libraries/libCoreVMClient.dylib
0x000000019f16d000 	/System/Library/Frameworks/MetalPerformanceShaders.framework/Versions/A/Frameworks/MPSCore.framework/Versions/A/MPSCore
0x00000001a030e000 	/System/Library/Frameworks/MetalPerformanceShaders.framework/Versions/A/Frameworks/MPSImage.framework/Versions/A/MPSImage
0x000000019fdfd000 	/System/Library/Frameworks/MetalPerformanceShaders.framework/Versions/A/Frameworks/MPSNeuralNetwork.framework/Versions/A/MPSNeuralNetwork
0x00000001a0236000 	/System/Library/Frameworks/MetalPerformanceShaders.framework/Versions/A/Frameworks/MPSMatrix.framework/Versions/A/MPSMatrix
0x00000001a000f000 	/System/Library/Frameworks/MetalPerformanceShaders.framework/Versions/A/Frameworks/MPSRayIntersector.framework/Versions/A/MPSRayIntersector
0x00000001a0267000 	/System/Library/Frameworks/MetalPerformanceShaders.framework/Versions/A/Frameworks/MPSNDArray.framework/Versions/A/MPSNDArray
0x00000001f9ddb000 	/System/Library/Frameworks/MetalPerformanceShaders.framework/Versions/A/Frameworks/MPSFunctions.framework/Versions/A/MPSFunctions
0x0000000196354000 	/System/Library/PrivateFrameworks/MetalTools.framework/Versions/A/MetalTools
0x000000019f1eb000 	/System/Library/PrivateFrameworks/AggregateDictionary.framework/Versions/A/AggregateDictionary
0x00000001a1121000 	/usr/lib/libIOReport.dylib
0x00000001ab443000 	/System/Library/PrivateFrameworks/ASEProcessing.framework/Versions/A/ASEProcessing
0x00000001a1496000 	/System/Library/PrivateFrameworks/FaceCore.framework/Versions/A/FaceCore
0x00000001a1488000 	/System/Library/PrivateFrameworks/GraphVisualizer.framework/Versions/A/GraphVisualizer
0x00000002020b3000 	/System/Library/PrivateFrameworks/FontServices.framework/Versions/A/FontServices
0x00000001a18a9000 	/System/Library/PrivateFrameworks/OTSVG.framework/Versions/A/OTSVG
0x000000019cdd5000 	/System/Library/Frameworks/ApplicationServices.framework/Versions/A/Frameworks/ATS.framework/Versions/A/Resources/libFontRegistry.dylib
0x00000001a18f6000 	/System/Library/PrivateFrameworks/FontServices.framework/libhvf.dylib
0x00000002020b4000 	/System/Library/PrivateFrameworks/FontServices.framework/libXTFontStaticRegistryData.dylib
0x00000001f7681000 	/System/Library/Frameworks/OpenCL.framework/Versions/A/OpenCL
0x00000001a12f0000 	/System/Library/PrivateFrameworks/AppleVA.framework/Versions/A/AppleVA
0x00000001a3494000 	/System/Library/Frameworks/ApplicationServices.framework/Versions/A/Frameworks/ATS.framework/Versions/A/ATS
0x000000019b7ff000 	/System/Library/Frameworks/ApplicationServices.framework/Versions/A/Frameworks/HIServices.framework/Versions/A/HIServices
0x00000001a22fb000 	/System/Library/Frameworks/ApplicationServices.framework/Versions/A/Frameworks/PrintCore.framework/Versions/A/PrintCore
0x00000001a382b000 	/System/Library/Frameworks/ApplicationServices.framework/Versions/A/Frameworks/QD.framework/Versions/A/QD
0x00000001a3823000 	/System/Library/Frameworks/ApplicationServices.framework/Versions/A/Frameworks/ColorSyncLegacy.framework/Versions/A/ColorSyncLegacy
0x00000001a3480000 	/System/Library/Frameworks/ApplicationServices.framework/Versions/A/Frameworks/SpeechSynthesis.framework/Versions/A/SpeechSynthesis
0x00000001a22bc000 	/System/Library/Frameworks/ApplicationServices.framework/Versions/A/Frameworks/ATSUI.framework/Versions/A/ATSUI
0x00000001a37b8000 	/usr/lib/libcups.2.dylib
0x00000001a3b92000 	/System/Library/Frameworks/Kerberos.framework/Versions/A/Kerberos
0x00000001a3ba3000 	/System/Library/Frameworks/GSS.framework/Versions/A/GSS
0x00000001a3504000 	/usr/lib/libresolv.9.dylib
0x00000001a1905000 	/System/Library/PrivateFrameworks/Heimdal.framework/Versions/A/Heimdal
0x00000001aa679000 	/System/Library/Frameworks/Kerberos.framework/Versions/A/Libraries/libHeimdalProxy.dylib
0x000000019c44f000 	/System/Library/Frameworks/Network.framework/Versions/A/Network
0x00000001a1357000 	/usr/lib/libheimdal-asn1.dylib
0x00000001a3bf3000 	/System/Library/PrivateFrameworks/CommonAuth.framework/Versions/A/CommonAuth
0x00000001a33fa000 	/System/Library/PrivateFrameworks/AudioSession.framework/Versions/A/AudioSession
0x00000001a13e9000 	/System/Library/PrivateFrameworks/MediaExperience.framework/Versions/A/MediaExperience
0x00000001a327f000 	/System/Library/PrivateFrameworks/AudioSession.framework/libSessionUtility.dylib
0x00000001a3837000 	/System/Library/PrivateFrameworks/AudioResourceArbitration.framework/Versions/A/AudioResourceArbitration
0x00000001a79fa000 	/System/Library/PrivateFrameworks/PowerLog.framework/Versions/A/PowerLog
0x00000001a1361000 	/System/Library/PrivateFrameworks/IconFoundation.framework/Versions/A/IconFoundation
0x00000001a6743000 	/System/Library/PrivateFrameworks/SpeechRecognitionCore.framework/Versions/A/SpeechRecognitionCore
0x000000010570c000 	/Users/cianfarrell/Library/Java/JavaVirtualMachines/openjdk-17.0.2/Contents/Home/lib/server/libjvm.dylib
0x0000000100458000 	/Users/cianfarrell/Library/Java/JavaVirtualMachines/openjdk-17.0.2/Contents/Home/lib/libjimage.dylib
0x0000000100484000 	/Users/cianfarrell/Library/Java/JavaVirtualMachines/openjdk-17.0.2/Contents/Home/lib/libinstrument.dylib
0x00000001004d0000 	/Users/cianfarrell/Library/Java/JavaVirtualMachines/openjdk-17.0.2/Contents/Home/lib/libjava.dylib
0x0000000100784000 	/Users/cianfarrell/Library/Java/JavaVirtualMachines/openjdk-17.0.2/Contents/Home/lib/libnio.dylib
0x00000001007a4000 	/Users/cianfarrell/Library/Java/JavaVirtualMachines/openjdk-17.0.2/Contents/Home/lib/libnet.dylib
0x00000001004b8000 	/Users/cianfarrell/Library/Java/JavaVirtualMachines/openjdk-17.0.2/Contents/Home/lib/libzip.dylib
0x00000001007c8000 	/Users/cianfarrell/.openjfx/cache/17-ea/libprism_es2.dylib
0x00000001985a2000 	/System/Library/PrivateFrameworks/CoreServicesInternal.framework/Versions/A/CoreServicesInternal
0x00000001f74ea000 	/System/Library/Frameworks/OpenGL.framework/Versions/A/Resources/GLEngine.bundle/GLEngine
0x00000001f7372000 	/System/Library/Frameworks/OpenGL.framework/Versions/A/Libraries/libGLProgrammability.dylib
0x00000001051d4000 	/System/Library/Extensions/AppleMetalOpenGLRenderer.bundle/Contents/MacOS/AppleMetalOpenGLRenderer
0x00000001f7659000 	/System/Library/Frameworks/OpenGL.framework/Versions/A/Resources/GLRendererFloat.bundle/GLRendererFloat
0x00000001f7759000 	/System/Library/Extensions/AGXMetal13_3.bundle/Contents/MacOS/AGXMetal13_3
0x00000001b5fc3000 	/System/Library/PrivateFrameworks/GPURawCounter.framework/Versions/A/GPURawCounter
0x00000001b0754000 	/System/Library/PrivateFrameworks/IOGPU.framework/Versions/A/IOGPU
0x00000001053ec000 	/Users/cianfarrell/.openjfx/cache/17-ea/libglass.dylib
0x00000001a7c52000 	/System/Library/Frameworks/FileProvider.framework/Versions/A/FileProvider
0x000000019c21c000 	/System/Library/Frameworks/Accounts.framework/Versions/A/Accounts
0x00000001a7dd6000 	/System/Library/PrivateFrameworks/GenerationalStorage.framework/Versions/A/GenerationalStorage
0x00000001a8999000 	/System/Library/PrivateFrameworks/CoreSymbolication.framework/Versions/A/CoreSymbolication
0x00000001a79ee000 	/System/Library/PrivateFrameworks/SymptomDiagnosticReporter.framework/Versions/A/SymptomDiagnosticReporter
0x0000000199893000 	/System/Library/PrivateFrameworks/DesktopServicesPriv.framework/Versions/A/DesktopServicesPriv
0x0000000198704000 	/usr/lib/libsandbox.1.dylib
0x000000019d29a000 	/System/Library/PrivateFrameworks/UserManagement.framework/Versions/A/UserManagement
0x00000001a8956000 	/System/Library/PrivateFrameworks/DebugSymbols.framework/Versions/A/DebugSymbols
0x00000001a3816000 	/System/Library/PrivateFrameworks/NetAuth.framework/Versions/A/NetAuth
0x00000001a4734000 	/System/Library/PrivateFrameworks/Sharing.framework/Versions/A/Sharing
0x000000019d26a000 	/System/Library/PrivateFrameworks/login.framework/Versions/A/Frameworks/loginsupport.framework/Versions/A/loginsupport
0x00000001a9b8d000 	/System/Library/PrivateFrameworks/Apple80211.framework/Versions/A/Apple80211
0x00000001a03f2000 	/System/Library/PrivateFrameworks/AuthKit.framework/Versions/A/AuthKit
0x000000019fa7a000 	/System/Library/PrivateFrameworks/CoreUtils.framework/Versions/A/CoreUtils
0x000000019f99d000 	/System/Library/Frameworks/CoreWLAN.framework/Versions/A/CoreWLAN
0x00000001a48a4000 	/System/Library/Frameworks/IOBluetooth.framework/Versions/A/IOBluetooth
0x00000001a9bed000 	/System/Library/PrivateFrameworks/CoreWiFi.framework/Versions/A/CoreWiFi
0x00000001a8536000 	/System/Library/PrivateFrameworks/FrontBoardServices.framework/Versions/A/FrontBoardServices
0x00000001a85ce000 	/System/Library/PrivateFrameworks/BoardServices.framework/Versions/A/BoardServices
0x000000019fc8d000 	/System/Library/PrivateFrameworks/AssertionServices.framework/Versions/A/AssertionServices
0x00000001a9d6a000 	/System/Library/PrivateFrameworks/BackBoardServices.framework/Versions/A/BackBoardServices
0x00000001a3c8a000 	/System/Library/PrivateFrameworks/CorePhoneNumbers.framework/Versions/A/CorePhoneNumbers
0x00000001a3531000 	/System/Library/PrivateFrameworks/MultiverseSupport.framework/Versions/A/MultiverseSupport
0x00000001a9fec000 	/System/Library/PrivateFrameworks/RemoteServiceDiscovery.framework/Versions/A/RemoteServiceDiscovery
0x00000001a7b1e000 	/System/Library/PrivateFrameworks/DiskManagement.framework/Versions/A/DiskManagement
0x00000001a7a21000 	/System/Library/PrivateFrameworks/AppleIDAuthSupport.framework/Versions/A/AppleIDAuthSupport
0x00000001fc618000 	/System/Library/PrivateFrameworks/AAAFoundation.framework/Versions/A/AAAFoundation
0x00000001a3c69000 	/System/Library/PrivateFrameworks/KeychainCircle.framework/Versions/A/KeychainCircle
0x00000001a9ffc000 	/System/Library/PrivateFrameworks/RemoteXPC.framework/Versions/A/RemoteXPC
0x00000001a7aea000 	/System/Library/PrivateFrameworks/MediaKit.framework/Versions/A/MediaKit
0x00000001a7a2e000 	/System/Library/Frameworks/DiscRecording.framework/Versions/A/DiscRecording
0x00000001a126c000 	/usr/lib/libCoreStorage.dylib
0x00000001aa068000 	/usr/lib/libcsfde.dylib
0x00000001a4979000 	/System/Library/PrivateFrameworks/ProtectedCloudStorage.framework/Versions/A/ProtectedCloudStorage
0x00000001aa060000 	/System/Library/PrivateFrameworks/EFILogin.framework/Versions/A/EFILogin
0x00000001a7dfd000 	/System/Library/PrivateFrameworks/OctagonTrust.framework/Versions/A/OctagonTrust
0x000000020123a000 	/System/Library/PrivateFrameworks/CoreUtilsExtras.framework/Versions/A/CoreUtilsExtras
0x00000001a7953000 	/System/Library/Frameworks/CoreBluetooth.framework/Versions/A/CoreBluetooth
0x00000001aa6fe000 	/System/Library/Frameworks/AudioUnit.framework/Versions/A/AudioUnit
0x00000001a1264000 	/usr/lib/libMatch.1.dylib
0x00000001ba4ab000 	/System/Library/Frameworks/Accelerate.framework/Versions/A/Frameworks/vImage.framework/Versions/A/Libraries/libCGInterfaces.dylib
0x00000001056ec000 	/usr/lib/libobjc-trampolines.dylib
0x000000019cf64000 	/System/Library/PrivateFrameworks/ViewBridge.framework/Versions/A/ViewBridge
0x00000001a19c8000 	/System/Library/PrivateFrameworks/login.framework/Versions/A/login
0x00000001a112a000 	/System/Library/PrivateFrameworks/CrashReporterSupport.framework/Versions/A/CrashReporterSupport
0x00000001c1f62000 	/System/Library/PrivateFrameworks/OSAnalytics.framework/Versions/A/OSAnalytics
0x00000001cd2cf000 	/System/Library/PrivateFrameworks/Symbolication.framework/Versions/A/Symbolication
0x00000001b5f84000 	/System/Library/PrivateFrameworks/MallocStackLogging.framework/Versions/A/MallocStackLogging
0x00000001697d8000 	/Users/cianfarrell/.openjfx/cache/17-ea/libjavafx_font.dylib
0x000000021582b000 	/usr/lib/libRosetta.dylib
0x00000001fcccc000 	/System/Library/PrivateFrameworks/AccessibilityBundles.framework/Versions/A/AccessibilityBundles


VM Arguments:
jvm_args: -javaagent:/Applications/IntelliJ IDEA.app/Contents/lib/idea_rt.jar=61358:/Applications/IntelliJ IDEA.app/Contents/bin -Dfile.encoding=UTF-8 --module-path=/Users/cianfarrell/.m2/repository/org/openjfx/javafx-controls/17-ea+11/javafx-controls-17-ea+11-mac-aarch64.jar:/Users/cianfarrell/.m2/repository/org/openjfx/javafx-fxml/17-ea+11/javafx-fxml-17-ea+11-mac-aarch64.jar:/Users/cianfarrell/Documents/GitHub/Data-Structures-1-CA-1/CA 1/lib/xstream-1.4.18.jar:/Users/cianfarrell/Documents/GitHub/Data-Structures-1-CA-1/CA 1/target/classes:/Users/cianfarrell/.m2/repository/org/openjfx/javafx-graphics/17-ea+11/javafx-graphics-17-ea+11-mac-aarch64.jar:/Users/cianfarrell/.m2/repository/org/openjfx/javafx-base/17-ea+11/javafx-base-17-ea+11-mac-aarch64.jar:/Users/cianfarrell/Documents/GitHub/Data-Structures-1-CA-1/CA 1/lib/json-20140107.jar -Djdk.module.main=com.example.vaccination_management_system 
java_command: com.example.vaccination_management_system/Main.VaccineApplication
java_class_path (initial): /Users/cianfarrell/.m2/repository/org/openjfx/javafx-controls/17-ea+11/javafx-controls-17-ea+11.jar:/Users/cianfarrell/.m2/repository/org/openjfx/javafx-graphics/17-ea+11/javafx-graphics-17-ea+11.jar:/Users/cianfarrell/.m2/repository/org/openjfx/javafx-base/17-ea+11/javafx-base-17-ea+11.jar:/Users/cianfarrell/.m2/repository/org/openjfx/javafx-fxml/17-ea+11/javafx-fxml-17-ea+11.jar:/Users/cianfarrell/.m2/repository/org/codehaus/jettison/jettison/1.2/jettison-1.2.jar:/Users/cianfarrell/.m2/repository/stax/stax-api/1.0.1/stax-api-1.0.1.jar:/Users/cianfarrell/.m2/repository/ant/ant/1.6.5/ant-1.6.5.jar:/Users/cianfarrell/.m2/repository/velocity/velocity-dep/1.4/velocity-dep-1.4.jar:/Users/cianfarrell/.m2/repository/org/apache/felix/org.apache.felix.bundlerepository/1.6.6/org.apache.felix.bundlerepository-1.6.6.jar:/Users/cianfarrell/.m2/repository/org/osgi/org.osgi.core/4.1.0/org.osgi.core-4.1.0.jar:/Users/cianfarrell/.m2/repository/org/easymock/easymock/2.4/easymock-2.4.jar:/Users/cianfarrell/.m2/repository/org/beanshell/bsh/2.0b4/bsh-2.0b4.jar:/Users/cianfarrell/Documents/GitHub/Data-Structures-1-CA-1/CA 1/lib/commons-io-2.11.0.jar
Launcher Type: SUN_STANDARD

[Global flags]
     intx CICompilerCount                          = 4                                         {product} {ergonomic}
     uint ConcGCThreads                            = 2                                         {product} {ergonomic}
     uint G1ConcRefinementThreads                  = 8                                         {product} {ergonomic}
   size_t G1HeapRegionSize                         = 2097152                                   {product} {ergonomic}
    uintx GCDrainStackTargetSize                   = 64                                        {product} {ergonomic}
   size_t InitialHeapSize                          = 268435456                                 {product} {ergonomic}
   size_t MarkStackSize                            = 4194304                                   {product} {ergonomic}
   size_t MaxHeapSize                              = 4294967296                                {product} {ergonomic}
   size_t MaxNewSize                               = 2575302656                                {product} {ergonomic}
   size_t MinHeapDeltaBytes                        = 2097152                                   {product} {ergonomic}
   size_t MinHeapSize                              = 8388608                                   {product} {ergonomic}
    uintx NonNMethodCodeHeapSize                   = 5839564                                {pd product} {ergonomic}
    uintx NonProfiledCodeHeapSize                  = 122909338                              {pd product} {ergonomic}
    uintx ProfiledCodeHeapSize                     = 122909338                              {pd product} {ergonomic}
    uintx ReservedCodeCacheSize                    = 251658240                              {pd product} {ergonomic}
     bool SegmentedCodeCache                       = true                                      {product} {ergonomic}
   size_t SoftMaxHeapSize                          = 4294967296                             {manageable} {ergonomic}
     bool UseCompressedClassPointers               = true                           {product lp64_product} {ergonomic}
     bool UseCompressedOops                        = true                           {product lp64_product} {ergonomic}
     bool UseG1GC                                  = true                                      {product} {ergonomic}
     bool UseNUMA                                  = false                                     {product} {ergonomic}
     bool UseNUMAInterleaving                      = false                                     {product} {ergonomic}

Logging:
Log output configuration:
 #0: stdout all=warning uptime,level,tags
 #1: stderr all=off uptime,level,tags

Environment Variables:
PATH=/opt/homebrew/bin:/opt/homebrew/sbin:/usr/local/bin:/usr/bin:/bin:/usr/sbin:/sbin:/Applications/VMware Fusion Tech Preview.app/Contents/Public:/usr/local/share/dotnet:~/.dotnet/tools:/Library/Apple/usr/bin:/Library/Frameworks/Mono.framework/Versions/Current/Commands:/Users/cianfarrell/.zsh/misc:/opt/homebrew/bin:/opt/homebrew/sbin
SHELL=/bin/zsh
LC_CTYPE=en_GB.UTF-8

Signal Handlers:
   SIGSEGV: _ZL13crash_handleriP9__siginfoPv in libjvm.dylib, mask=11100110000111110111111111111111, flags=SA_RESTART|SA_SIGINFO
    SIGBUS: _ZL13crash_handleriP9__siginfoPv in libjvm.dylib, mask=11100110000111110111111111111111, flags=SA_RESTART|SA_SIGINFO
    SIGFPE: _ZL13crash_handleriP9__siginfoPv in libjvm.dylib, mask=11100110000111110111111111111111, flags=SA_RESTART|SA_SIGINFO
   SIGPIPE: _ZL17javaSignalHandleriP9__siginfoPv in libjvm.dylib, mask=11100110000111110111111111111111, flags=SA_RESTART|SA_SIGINFO
   SIGXFSZ: _ZL17javaSignalHandleriP9__siginfoPv in libjvm.dylib, mask=11100110000111110111111111111111, flags=SA_RESTART|SA_SIGINFO
    SIGILL: _ZL13crash_handleriP9__siginfoPv in libjvm.dylib, mask=11100110000111110111111111111111, flags=SA_RESTART|SA_SIGINFO
   SIGUSR2: _ZL10SR_handleriP9__siginfoP17__darwin_ucontext in libjvm.dylib, mask=00100000000000000000000000000000, flags=SA_RESTART|SA_SIGINFO
    SIGHUP: _ZL11UserHandleriPvS_ in libjvm.dylib, mask=11100110000111110111111111111111, flags=SA_RESTART|SA_SIGINFO
    SIGINT: _ZL11UserHandleriPvS_ in libjvm.dylib, mask=11100110000111110111111111111111, flags=SA_RESTART|SA_SIGINFO
   SIGTERM: _ZL11UserHandleriPvS_ in libjvm.dylib, mask=11100110000111110111111111111111, flags=SA_RESTART|SA_SIGINFO
   SIGQUIT: _ZL11UserHandleriPvS_ in libjvm.dylib, mask=11100110000111110111111111111111, flags=SA_RESTART|SA_SIGINFO
   SIGTRAP: _ZL13crash_handleriP9__siginfoPv in libjvm.dylib, mask=11100110000111110111111111111111, flags=SA_RESTART|SA_SIGINFO


---------------  S Y S T E M  ---------------

OS:
uname: Darwin 21.6.0 Darwin Kernel Version 21.6.0: Mon Aug 22 20:20:05 PDT 2022; root:xnu-8020.140.49~2/RELEASE_ARM64_T8101 arm64
OS uptime: 0 days 7:14 hours
rlimit (soft/hard): STACK 8176k/65520k , CORE 0k/infinity , NPROC 2666/4000 , NOFILE 10240/infinity , AS infinity/infinity , CPU infinity/infinity , DATA infinity/infinity , FSIZE infinity/infinity , MEMLOCK infinity/infinity , RSS infinity/infinity
load average: 4.91 4.05 3.42

CPU: total 8 (initial active 8) 0x61:0x0:0x1b588bb3:0, fp, simd, crc, lse

Memory: 16k page, physical 16777216k(245840k free), swap 0k(0k free)

vm_info: OpenJDK 64-Bit Server VM (17.0.2+8-86) for bsd-aarch64 JRE (17.0.2+8-86), built on Dec  7 2021 21:45:06 by "mach5one" with clang Apple LLVM 12.0.0 (clang-1200.0.32.29)

END.
