#
# A fatal error has been detected by the Java Runtime Environment:
#
#  SIGBUS (0xa) at pc=0x000000010e5e54f0, pid=25787, tid=29703
#
# JRE version: Java(TM) SE Runtime Environment (17.0.5+9) (build 17.0.5+9-LTS-191)
# Java VM: Java HotSpot(TM) 64-Bit Server VM (17.0.5+9-LTS-191, mixed mode, sharing, tiered, compressed oops, compressed class ptrs, g1 gc, bsd-aarch64)
# Problematic frame:
# v  ~StubRoutines::SafeFetchN
#
# No core dump will be written. Core dumps have been disabled. To enable core dumping, try "ulimit -c unlimited" before starting Java again
#
# If you would like to submit a bug report, please visit:
#   https://bugreport.java.com/bugreport/crash.jsp
# The crash happened outside the Java Virtual Machine in native code.
# See problematic frame for where to report the bug.
#

---------------  S U M M A R Y ------------

Command Line: -javaagent:/Applications/IntelliJ IDEA.app/Contents/lib/idea_rt.jar=61385:/Applications/IntelliJ IDEA.app/Contents/bin -Dfile.encoding=UTF-8 --module-path=/Users/cianfarrell/.m2/repository/org/openjfx/javafx-controls/17-ea+11/javafx-controls-17-ea+11-mac-aarch64.jar:/Users/cianfarrell/.m2/repository/org/openjfx/javafx-fxml/17-ea+11/javafx-fxml-17-ea+11-mac-aarch64.jar:/Users/cianfarrell/Documents/GitHub/Data-Structures-1-CA-1/CA 1/lib/xstream-1.4.18.jar:/Users/cianfarrell/Documents/GitHub/Data-Structures-1-CA-1/CA 1/target/classes:/Users/cianfarrell/.m2/repository/org/openjfx/javafx-graphics/17-ea+11/javafx-graphics-17-ea+11-mac-aarch64.jar:/Users/cianfarrell/.m2/repository/org/openjfx/javafx-base/17-ea+11/javafx-base-17-ea+11-mac-aarch64.jar:/Users/cianfarrell/Documents/GitHub/Data-Structures-1-CA-1/CA 1/lib/json-20140107.jar -Djdk.module.main=com.example.vaccination_management_system com.example.vaccination_management_system/Main.VaccineApplication

Host: "MacBookPro17,1" arm64 1 MHz, 8 cores, 16G, Darwin 21.6.0, macOS 12.6 (21G115)
Time: Wed Oct 19 16:20:23 2022 IST elapsed time: 3.364877 seconds (0d 0h 0m 3s)

---------------  T H R E A D  ---------------

Current thread (0x000000014b0eb800):  JavaThread "InvokeLaterDispatcher" daemon [_thread_in_native, id=29703, stack(0x00000001723c8000,0x00000001725cb000)]

Stack: [0x00000001723c8000,0x00000001725cb000],  sp=0x00000001725ca7b0,  free space=2057k
Native frames: (J=compiled Java code, j=interpreted, Vv=VM code, C=native code)
v  ~StubRoutines::SafeFetchN
V  [libjvm.dylib+0x7a69c0]  _ZN10OopStorage7releaseEPKP7oopDesc+0x20
V  [libjvm.dylib+0x4b8de0]  jni_DeleteGlobalRef+0xc4
C  [libglass.dylib+0xa880]  -[GlassRunnable dealloc]+0x34
C  [Foundation+0x852b8]  -[_NSThreadPerformInfo dealloc]+0x30
C  [Foundation+0x51824]  -[NSObject(NSThreadPerformAdditions) performSelectorOnMainThread:withObject:waitUntilDone:]+0x88
C  0x6e0780010e5ed8ac
j  com.sun.glass.ui.mac.MacApplication.submitForLaterInvocation(Ljava/lang/Runnable;)V+2 javafx.graphics
j  com.sun.glass.ui.InvokeLaterDispatcher.run()V+82 javafx.graphics
v  ~StubRoutines::call_stub
V  [libjvm.dylib+0x4603f0]  _ZN9JavaCalls11call_helperEP9JavaValueRK12methodHandleP17JavaCallArgumentsP10JavaThread+0x38c
V  [libjvm.dylib+0x45f40c]  _ZN9JavaCalls12call_virtualEP9JavaValueP5KlassP6SymbolS5_P17JavaCallArgumentsP10JavaThread+0x11c
V  [libjvm.dylib+0x45f4d8]  _ZN9JavaCalls12call_virtualEP9JavaValue6HandleP5KlassP6SymbolS6_P10JavaThread+0x64
V  [libjvm.dylib+0x512de8]  _ZL12thread_entryP10JavaThreadS0_+0xc4
V  [libjvm.dylib+0x907d6c]  _ZN10JavaThread17thread_main_innerEv+0x148
V  [libjvm.dylib+0x906668]  _ZN6Thread8call_runEv+0x128
V  [libjvm.dylib+0x7ad6a4]  _ZL19thread_native_entryP6Thread+0x158
C  [libsystem_pthread.dylib+0x726c]  _pthread_start+0x94

Java frames: (J=compiled Java code, j=interpreted, Vv=VM code)
j  com.sun.glass.ui.mac.MacApplication._submitForLaterInvocation(Ljava/lang/Runnable;)V+0 javafx.graphics
j  com.sun.glass.ui.mac.MacApplication.submitForLaterInvocation(Ljava/lang/Runnable;)V+2 javafx.graphics
j  com.sun.glass.ui.InvokeLaterDispatcher.run()V+82 javafx.graphics
v  ~StubRoutines::call_stub

siginfo: si_signo: 10 (SIGBUS), si_code: 1 (BUS_ADRALN), si_addr: 0x000000010e5e54f0

Register to memory mapping:

 x0=0x000000014ae19fc8 is a global jni handle
 x1=0x0 is NULL
 x2=0x000000070ce00310 is an oop: com.sun.glass.ui.InvokeLaterDispatcher$Future 
{0x000000070ce00310} - klass: 'com/sun/glass/ui/InvokeLaterDispatcher$Future'
 - ---- fields (total size 3 words):
 - private 'done' 'Z' @12  true
 - private final 'runnable' 'Ljava/lang/Runnable;' @16  a 'com/sun/javafx/tk/quantum/QuantumToolkit$$Lambda$105+0x0000000800c3a678'{0x000000070e854b28} (e1d0a965)
 - final synthetic 'this$0' 'Lcom/sun/glass/ui/InvokeLaterDispatcher;' @20  a 'com/sun/glass/ui/InvokeLaterDispatcher'{0x000000070e820168} (e1d0402d)
 x3=0x0 is NULL
 x4=0x00000000000130a8 is an unknown value
 x5=0x0 is NULL
 x6=0x0 is NULL
 x7=0x0 is NULL
 x8=0x000000010e5e54ec is at begin+0 in a stub
StubRoutines::SafeFetchN [0x000000010e5e54ec, 0x000000010e5e54f8] (12 bytes)
 x9=0x0 is NULL
x10=0x2010000030300000 is an unknown value
x11=0x0000000000000007 is an unknown value
x12=0x0000000000000005 is an unknown value
x13=0x000000012d6abc60 points into unknown readable memory: 0x7a5b000196b0179c | 9c 17 b0 96 01 00 5b 7a
x14=0x0000060000000000 is an unknown value
x15=0x0000000100f6df98: OBJC_CLASS_$_GlassRunnable+0 in /Users/cianfarrell/.openjfx/cache/17-ea/libglass.dylib at 0x0000000100f28000
x16=0x0000000195b5f0fc: pthread_getspecific+0 in /usr/lib/system/libsystem_pthread.dylib at 0x0000000195b5d000
x17=0x000000014c0a54c0 points into unknown readable memory: 0xfffffffffffffffe | fe ff ff ff ff ff ff ff
x18=0x0 is NULL
x19=0x000000014c10bdf0 points into unknown readable memory: 0x000000014c10c090 | 90 c0 10 4c 01 00 00 00
x20=0x000000014ae19dc0 points into unknown readable memory: 0x20000000634389c6 | c6 89 43 63 00 00 00 20
x21=0x000000014ae19fc8 is a global jni handle
x22=0x000000014b0eb800 is a thread
x23=0x0000000000000001 is an unknown value
x24=0x000000014ae19f80 is a global jni handle
x25=0x0000000106a95638: _ZN12StubRoutines17_safefetchN_entryE+0 in /Library/Java/JavaVirtualMachines/jdk-17.0.5.jdk/Contents/Home/lib/server/libjvm.dylib at 0x0000000105ef8000
x26=0x0000000128d1a460 is pointing into metadata
x27=0x0 is NULL
x28=0x000000014b0eb800 is a thread


Registers:
 x0=0x000000014ae19fc8  x1=0x0000000000000000  x2=0x000000070ce00310  x3=0x0000000000000000
 x4=0x00000000000130a8  x5=0x0000000000000000  x6=0x0000000000000000  x7=0x0000000000000000
 x8=0x000000010e5e54ec  x9=0x0000000000000000 x10=0x2010000030300000 x11=0x0000000000000007
x12=0x0000000000000005 x13=0x000000012d6abc60 x14=0x0000060000000000 x15=0x0000000100f6df98
x16=0x0000000195b5f0fc x17=0x000000014c0a54c0 x18=0x0000000000000000 x19=0x000000014c10bdf0
x20=0x000000014ae19dc0 x21=0x000000014ae19fc8 x22=0x000000014b0eb800 x23=0x0000000000000001
x24=0x000000014ae19f80 x25=0x0000000106a95638 x26=0x0000000128d1a460 x27=0x0000000000000000
x28=0x000000014b0eb800  fp=0x00000001725ca7f0  lr=0x000000010669d790  sp=0x00000001725ca7b0
pc=0x000000010e5e54f0 cpsr=0x0000000060001000
Top of Stack: (sp=0x00000001725ca7b0)
0x00000001725ca7b0:   0000000128d1a460 0000000000000001
0x00000001725ca7c0:   00000001725ca9a8 000000012ae045f0
0x00000001725ca7d0:   0000000000000000 000000014ae19fb0
0x00000001725ca7e0:   000000014ae19fb0 000000014c10bdf0
0x00000001725ca7f0:   00000001725ca830 000000010669e9c0
0x00000001725ca800:   0000000000000001 000000014ae19fb0
0x00000001725ca810:   0000000000000000 000000014ae19fb0
0x00000001725ca820:   0000000000000001 000000014b0f8e00
0x00000001725ca830:   00000001725ca860 00000001063b0de0
0x00000001725ca840:   000000012ae04650 00000001dfea1909
0x00000001725ca850:   0000000000000000 000000012ae04650
0x00000001725ca860:   00000001725ca890 0000000100f32880
0x00000001725ca870:   bbaac115e84300db 0000000000000000
0x00000001725ca880:   0000000000000000 000000012ae07c40
0x00000001725ca890:   00000001725ca8d0 0000000196b352b8
0x00000001725ca8a0:   00000001725ca9a8 000000012ae045f0
0x00000001725ca8b0:   000000012ae04650 bbaac115e84300db
0x00000001725ca8c0:   0000000000000000 0000000000000000
0x00000001725ca8d0:   00000001725ca910 ef27000196b01824
0x00000001725ca8e0:   00000001725ca9a8 000000010e5ec7c0
0x00000001725ca8f0:   0000000000000000 0000000106a9cff8
0x00000001725ca900:   00000001725ca920 000000010e5eb730
0x00000001725ca910:   00000001725ca980 6e0780010e5ed8ac
0x00000001725ca920:   00000001725ca920 000000080098d17d
0x00000001725ca930:   00000001725ca930 0000000000000000
0x00000001725ca940:   00000001725ca9a8 0000000128d1a460
0x00000001725ca950:   000000070e8544a0 0000000000000000
0x00000001725ca960:   0000000000000000 0000000128cf3a58
0x00000001725ca970:   0000000000000000 00000001725ca980
0x00000001725ca980:   00000001725caa00 000000010e5e9fc8
0x00000001725ca990:   0000000000000000 0000000000000000
0x00000001725ca9a0:   000000070ce00310 000000070e854518 

Instructions: (pc=0x000000010e5e54f0)
0x000000010e5e53f0:   f2a0d4c9 f2c00029 6d425935 1e640886
0x000000010e5e5400:   0c402d31 1e6408c7 1f5654d0 1e6c1017
0x000000010e5e5410:   1f5050d0 1f504cd0 1f5048d0 1e650af6
0x000000010e5e5420:   1f50d8f6 1f5694d6 1f5158f6 1e762880
0x000000010e5e5430:   36000501 1e614000 14000026 2e251ca5
0x000000010e5e5440:   d2843009 f2a0d4c9 f2c00029 6d425d36
0x000000010e5e5450:   1e600806 0c402d32 1f5758c7 1e6c101a
0x000000010e5e5460:   1f4754c7 1e650805 1f4750c7 d2866668
0x000000010e5e5470:   f2a7fa68 1f474cc7 1e6608c0 1f4748c7
0x000000010e5e5480:   1e6e1019 eb08007f 540000ac 1f479400
0x000000010e5e5490:   1f460340 1e603b20 1400000e d2a7fd29
0x000000010e5e54a0:   eb09007f 540000ac 51480069 d3607d29
0x000000010e5e54b0:   9e670121 14000002 1e6a5001 1f679417
0x000000010e5e54c0:   1f668742 1e613b23 1e773857 1e773860
0x000000010e5e54d0:   a8c17ff3 910003bf a8c17bfd d65f03c0
0x000000010e5e54e0:   b9400001 aa0103e0 d65f03c0 f9400001
0x000000010e5e54f0:   aa0103e0 d65f03c0 00000000 00000000
0x000000010e5e5500:   00000000 00000000 00000000 00000000
0x000000010e5e5510:   00000000 00000000 00000000 00000000
0x000000010e5e5520:   00000000 00000000 00000000 00000000
0x000000010e5e5530:   00000000 00000000 00000000 00000000
0x000000010e5e5540:   00000000 00000000 00000000 00000000
0x000000010e5e5550:   00000000 00000000 00000000 00000000
0x000000010e5e5560:   00000000 00000000 00000000 00000000
0x000000010e5e5570:   00000000 00000000 00000000 00000000
0x000000010e5e5580:   00000000 00000000 00000000 00000000
0x000000010e5e5590:   00000000 00000000 00000000 00000000
0x000000010e5e55a0:   00000000 00000000 00000000 00000000
0x000000010e5e55b0:   00000000 00000000 00000000 00000000
0x000000010e5e55c0:   00000000 00000000 00000000 00000000
0x000000010e5e55d0:   00000000 00000000 00000000 00000000
0x000000010e5e55e0:   00000000 00000000 00000000 00000000 


Stack slot to memory mapping:
stack at sp + 0 slots: 0x0000000128d1a460 is pointing into metadata
stack at sp + 1 slots: 0x0000000000000001 is an unknown value
stack at sp + 2 slots: 0x00000001725ca9a8 is pointing into the stack for thread: 0x000000014b0eb800
stack at sp + 3 slots: 0x000000012ae045f0 points into unknown readable memory: 0x01000001ee5c2031 | 31 20 5c ee 01 00 00 01
stack at sp + 4 slots: 0x0 is NULL
stack at sp + 5 slots: 0x000000014ae19fb0 is a global jni handle
stack at sp + 6 slots: 0x000000014ae19fb0 is a global jni handle
stack at sp + 7 slots: 0x000000014c10bdf0 points into unknown readable memory: 0x000000014c10c090 | 90 c0 10 4c 01 00 00 00

StubRoutines::SafeFetchN [0x000000010e5e54ec, 0x000000010e5e54f8] (12 bytes)
[MachCode]
  0x000000010e5e54ec: 0100 40f9 | e003 01aa | c003 5fd6 
[/MachCode]

---------------  P R O C E S S  ---------------

Threads class SMR info:
_java_thread_list=0x000000012ae08800, length=20, elements={
0x000000014c809800, 0x000000014b008c00, 0x000000014b009200, 0x000000014d822800,
0x000000014d01be00, 0x000000014d010200, 0x000000014d010800, 0x000000014d010e00,
0x000000014d011400, 0x000000014d011a00, 0x000000014d012000, 0x000000014d014800,
0x000000014b00ec00, 0x000000014b0eb800, 0x000000014b0f8e00, 0x000000014d873a00,
0x000000014d88aa00, 0x000000014cbfa000, 0x000000014cc3d000, 0x0000000149008a00
}

Java Threads: ( => current thread )
  0x000000014c809800 JavaThread "main" [_thread_blocked, id=6403, stack(0x000000016f9c0000,0x000000016fbc3000)]
  0x000000014b008c00 JavaThread "Reference Handler" daemon [_thread_blocked, id=16131, stack(0x0000000170814000,0x0000000170a17000)]
  0x000000014b009200 JavaThread "Finalizer" daemon [_thread_blocked, id=16643, stack(0x0000000170a20000,0x0000000170c23000)]
  0x000000014d822800 JavaThread "Signal Dispatcher" daemon [_thread_blocked, id=23043, stack(0x0000000170d44000,0x0000000170f47000)]
  0x000000014d01be00 JavaThread "Service Thread" daemon [_thread_blocked, id=23555, stack(0x0000000170f50000,0x0000000171153000)]
  0x000000014d010200 JavaThread "Monitor Deflation Thread" daemon [_thread_blocked, id=42243, stack(0x000000017115c000,0x000000017135f000)]
  0x000000014d010800 JavaThread "C2 CompilerThread0" daemon [_thread_blocked, id=41731, stack(0x0000000171368000,0x000000017156b000)]
  0x000000014d010e00 JavaThread "C1 CompilerThread0" daemon [_thread_blocked, id=41475, stack(0x0000000171574000,0x0000000171777000)]
  0x000000014d011400 JavaThread "Sweeper thread" daemon [_thread_blocked, id=24067, stack(0x0000000171780000,0x0000000171983000)]
  0x000000014d011a00 JavaThread "Common-Cleaner" daemon [_thread_blocked, id=24579, stack(0x000000017198c000,0x0000000171b8f000)]
  0x000000014d012000 JavaThread "Monitor Ctrl-Break" daemon [_thread_in_native, id=24835, stack(0x0000000171b98000,0x0000000171d9b000)]
  0x000000014d014800 JavaThread "Notification Thread" daemon [_thread_blocked, id=40707, stack(0x0000000171da4000,0x0000000171fa7000)]
  0x000000014b00ec00 JavaThread "QuantumRenderer-0" daemon [_thread_blocked, id=40195, stack(0x00000001721bc000,0x00000001723bf000)]
=>0x000000014b0eb800 JavaThread "InvokeLaterDispatcher" daemon [_thread_in_native, id=29703, stack(0x00000001723c8000,0x00000001725cb000)]
  0x000000014b0f8e00 JavaThread "JavaFX Application Thread" [_thread_in_vm, id=259, stack(0x000000016f138000,0x000000016f934000)]
  0x000000014d873a00 JavaThread "JavaFX-Launcher" [_thread_blocked, id=75267, stack(0x000000017286c000,0x0000000172a6f000)]
  0x000000014d88aa00 JavaThread "Attach Listener" daemon [_thread_blocked, id=59395, stack(0x00000001734b4000,0x00000001736b7000)]
  0x000000014cbfa000 JavaThread "Prism Font Disposer" daemon [_thread_blocked, id=60163, stack(0x00000001736c0000,0x00000001738c3000)]
  0x000000014cc3d000 JavaThread "Cleaner-0" daemon [_thread_blocked, id=88631, stack(0x00000001739e4000,0x0000000173be7000)]
  0x0000000149008a00 JavaThread "PulseTimer-CVDisplayLink thread" daemon [_thread_in_native, id=52231, stack(0x00000001725d4000,0x0000000172657000)]

Other Threads:
  0x000000014c0388f0 VMThread "VM Thread" [stack: 0x0000000170608000,0x000000017080b000] [id=17667]
  0x000000014c217460 WatcherThread [stack: 0x0000000171fb0000,0x00000001721b3000] [id=40451]
  0x000000014c015760 GCTaskThread "GC Thread#0" [stack: 0x000000016fbcc000,0x000000016fdcf000] [id=12291]
  0x000000012fd0fe30 GCTaskThread "GC Thread#1" [stack: 0x0000000172a78000,0x0000000172c7b000] [id=73475]
  0x000000012d65b440 GCTaskThread "GC Thread#2" [stack: 0x0000000172c84000,0x0000000172e87000] [id=58627]
  0x000000012d65bc00 GCTaskThread "GC Thread#3" [stack: 0x0000000172e90000,0x0000000173093000] [id=72963]
  0x000000014c238870 GCTaskThread "GC Thread#4" [stack: 0x000000017309c000,0x000000017329f000] [id=72451]
  0x000000014c2390b0 GCTaskThread "GC Thread#5" [stack: 0x00000001732a8000,0x00000001734ab000] [id=58883]
  0x000000014c0165a0 ConcurrentGCThread "G1 Main Marker" [stack: 0x000000016fdd8000,0x000000016ffdb000] [id=12547]
  0x000000014c017300 ConcurrentGCThread "G1 Conc#0" [stack: 0x000000016ffe4000,0x00000001701e7000] [id=18947]
  0x000000014c031140 ConcurrentGCThread "G1 Refine#0" [stack: 0x00000001701f0000,0x00000001703f3000] [id=13059]
  0x000000014c031e70 ConcurrentGCThread "G1 Service" [stack: 0x00000001703fc000,0x00000001705ff000] [id=18179]

Threads with active compile tasks:

VM state: not at safepoint (normal execution)

VM Mutex/Monitor currently owned by a thread: None

Heap address: 0x0000000700000000, size: 4096 MB, Compressed Oops mode: Zero based, Oop shift amount: 3

CDS archive(s) mapped at: [0x0000000800000000-0x0000000800bd8000-0x0000000800bd8000), size 12419072, SharedBaseAddress: 0x0000000800000000, ArchiveRelocationMode: 0.
Compressed class space mapped at: 0x0000000800c00000-0x0000000840c00000, reserved size: 1073741824
Narrow klass base: 0x0000000800000000, Narrow klass shift: 0, Narrow klass range: 0x100000000

GC Precious Log:
 CPUs: 8 total, 8 available
 Memory: 16384M
 Large Page Support: Disabled
 NUMA Support: Disabled
 Compressed Oops: Enabled (Zero based)
 Heap Region Size: 2M
 Heap Min Capacity: 8M
 Heap Initial Capacity: 256M
 Heap Max Capacity: 4G
 Pre-touch: Disabled
 Parallel Workers: 8
 Concurrent Workers: 2
 Concurrent Refinement Workers: 8
 Periodic GC: Disabled

Heap:
 garbage-first heap   total 266240K, used 58185K [0x0000000700000000, 0x0000000800000000)
  region size 2048K, 25 young (51200K), 2 survivors (4096K)
 Metaspace       used 17337K, committed 17600K, reserved 1064960K
  class space    used 2701K, committed 2816K, reserved 1048576K

Heap Regions: E=young(eden), S=young(survivor), O=old, HS=humongous(starts), HC=humongous(continues), CS=collection set, F=free, OA=open archive, CA=closed archive, TAMS=top-at-mark-start (previous, next)
|   0|0x0000000700000000, 0x0000000700200000, 0x0000000700200000|100%|HS|  |TAMS 0x0000000700000000, 0x0000000700000000| Complete 
|   1|0x0000000700200000, 0x0000000700400000, 0x0000000700400000|100%|HS|  |TAMS 0x0000000700200000, 0x0000000700200000| Complete 
|   2|0x0000000700400000, 0x0000000700600000, 0x0000000700600000|100%|HS|  |TAMS 0x0000000700400000, 0x0000000700400000| Complete 
|   3|0x0000000700600000, 0x0000000700800000, 0x0000000700800000|100%|HS|  |TAMS 0x0000000700600000, 0x0000000700600000| Complete 
|   4|0x0000000700800000, 0x0000000700800000, 0x0000000700a00000|  0%| F|  |TAMS 0x0000000700800000, 0x0000000700800000| Untracked 
|   5|0x0000000700a00000, 0x0000000700a00000, 0x0000000700c00000|  0%| F|  |TAMS 0x0000000700a00000, 0x0000000700a00000| Untracked 
|   6|0x0000000700c00000, 0x0000000700c00000, 0x0000000700e00000|  0%| F|  |TAMS 0x0000000700c00000, 0x0000000700c00000| Untracked 
|   7|0x0000000700e00000, 0x0000000700e00000, 0x0000000701000000|  0%| F|  |TAMS 0x0000000700e00000, 0x0000000700e00000| Untracked 
|   8|0x0000000701000000, 0x0000000701000000, 0x0000000701200000|  0%| F|  |TAMS 0x0000000701000000, 0x0000000701000000| Untracked 
|   9|0x0000000701200000, 0x0000000701200000, 0x0000000701400000|  0%| F|  |TAMS 0x0000000701200000, 0x0000000701200000| Untracked 
|  10|0x0000000701400000, 0x0000000701400000, 0x0000000701600000|  0%| F|  |TAMS 0x0000000701400000, 0x0000000701400000| Untracked 
|  11|0x0000000701600000, 0x0000000701600000, 0x0000000701800000|  0%| F|  |TAMS 0x0000000701600000, 0x0000000701600000| Untracked 
|  12|0x0000000701800000, 0x0000000701800000, 0x0000000701a00000|  0%| F|  |TAMS 0x0000000701800000, 0x0000000701800000| Untracked 
|  13|0x0000000701a00000, 0x0000000701a00000, 0x0000000701c00000|  0%| F|  |TAMS 0x0000000701a00000, 0x0000000701a00000| Untracked 
|  14|0x0000000701c00000, 0x0000000701c00000, 0x0000000701e00000|  0%| F|  |TAMS 0x0000000701c00000, 0x0000000701c00000| Untracked 
|  15|0x0000000701e00000, 0x0000000701e00000, 0x0000000702000000|  0%| F|  |TAMS 0x0000000701e00000, 0x0000000701e00000| Untracked 
|  16|0x0000000702000000, 0x0000000702000000, 0x0000000702200000|  0%| F|  |TAMS 0x0000000702000000, 0x0000000702000000| Untracked 
|  17|0x0000000702200000, 0x0000000702200000, 0x0000000702400000|  0%| F|  |TAMS 0x0000000702200000, 0x0000000702200000| Untracked 
|  18|0x0000000702400000, 0x0000000702400000, 0x0000000702600000|  0%| F|  |TAMS 0x0000000702400000, 0x0000000702400000| Untracked 
|  19|0x0000000702600000, 0x0000000702600000, 0x0000000702800000|  0%| F|  |TAMS 0x0000000702600000, 0x0000000702600000| Untracked 
|  20|0x0000000702800000, 0x0000000702800000, 0x0000000702a00000|  0%| F|  |TAMS 0x0000000702800000, 0x0000000702800000| Untracked 
|  21|0x0000000702a00000, 0x0000000702a00000, 0x0000000702c00000|  0%| F|  |TAMS 0x0000000702a00000, 0x0000000702a00000| Untracked 
|  22|0x0000000702c00000, 0x0000000702c00000, 0x0000000702e00000|  0%| F|  |TAMS 0x0000000702c00000, 0x0000000702c00000| Untracked 
|  23|0x0000000702e00000, 0x0000000702e00000, 0x0000000703000000|  0%| F|  |TAMS 0x0000000702e00000, 0x0000000702e00000| Untracked 
|  24|0x0000000703000000, 0x0000000703000000, 0x0000000703200000|  0%| F|  |TAMS 0x0000000703000000, 0x0000000703000000| Untracked 
|  25|0x0000000703200000, 0x0000000703200000, 0x0000000703400000|  0%| F|  |TAMS 0x0000000703200000, 0x0000000703200000| Untracked 
|  26|0x0000000703400000, 0x0000000703400000, 0x0000000703600000|  0%| F|  |TAMS 0x0000000703400000, 0x0000000703400000| Untracked 
|  27|0x0000000703600000, 0x0000000703600000, 0x0000000703800000|  0%| F|  |TAMS 0x0000000703600000, 0x0000000703600000| Untracked 
|  28|0x0000000703800000, 0x0000000703800000, 0x0000000703a00000|  0%| F|  |TAMS 0x0000000703800000, 0x0000000703800000| Untracked 
|  29|0x0000000703a00000, 0x0000000703a00000, 0x0000000703c00000|  0%| F|  |TAMS 0x0000000703a00000, 0x0000000703a00000| Untracked 
|  30|0x0000000703c00000, 0x0000000703c00000, 0x0000000703e00000|  0%| F|  |TAMS 0x0000000703c00000, 0x0000000703c00000| Untracked 
|  31|0x0000000703e00000, 0x0000000703e00000, 0x0000000704000000|  0%| F|  |TAMS 0x0000000703e00000, 0x0000000703e00000| Untracked 
|  32|0x0000000704000000, 0x0000000704000000, 0x0000000704200000|  0%| F|  |TAMS 0x0000000704000000, 0x0000000704000000| Untracked 
|  33|0x0000000704200000, 0x0000000704200000, 0x0000000704400000|  0%| F|  |TAMS 0x0000000704200000, 0x0000000704200000| Untracked 
|  34|0x0000000704400000, 0x0000000704400000, 0x0000000704600000|  0%| F|  |TAMS 0x0000000704400000, 0x0000000704400000| Untracked 
|  35|0x0000000704600000, 0x0000000704600000, 0x0000000704800000|  0%| F|  |TAMS 0x0000000704600000, 0x0000000704600000| Untracked 
|  36|0x0000000704800000, 0x0000000704800000, 0x0000000704a00000|  0%| F|  |TAMS 0x0000000704800000, 0x0000000704800000| Untracked 
|  37|0x0000000704a00000, 0x0000000704a00000, 0x0000000704c00000|  0%| F|  |TAMS 0x0000000704a00000, 0x0000000704a00000| Untracked 
|  38|0x0000000704c00000, 0x0000000704c00000, 0x0000000704e00000|  0%| F|  |TAMS 0x0000000704c00000, 0x0000000704c00000| Untracked 
|  39|0x0000000704e00000, 0x0000000704e00000, 0x0000000705000000|  0%| F|  |TAMS 0x0000000704e00000, 0x0000000704e00000| Untracked 
|  40|0x0000000705000000, 0x0000000705000000, 0x0000000705200000|  0%| F|  |TAMS 0x0000000705000000, 0x0000000705000000| Untracked 
|  41|0x0000000705200000, 0x0000000705200000, 0x0000000705400000|  0%| F|  |TAMS 0x0000000705200000, 0x0000000705200000| Untracked 
|  42|0x0000000705400000, 0x0000000705400000, 0x0000000705600000|  0%| F|  |TAMS 0x0000000705400000, 0x0000000705400000| Untracked 
|  43|0x0000000705600000, 0x0000000705600000, 0x0000000705800000|  0%| F|  |TAMS 0x0000000705600000, 0x0000000705600000| Untracked 
|  44|0x0000000705800000, 0x0000000705800000, 0x0000000705a00000|  0%| F|  |TAMS 0x0000000705800000, 0x0000000705800000| Untracked 
|  45|0x0000000705a00000, 0x0000000705a00000, 0x0000000705c00000|  0%| F|  |TAMS 0x0000000705a00000, 0x0000000705a00000| Untracked 
|  46|0x0000000705c00000, 0x0000000705c00000, 0x0000000705e00000|  0%| F|  |TAMS 0x0000000705c00000, 0x0000000705c00000| Untracked 
|  47|0x0000000705e00000, 0x0000000705e00000, 0x0000000706000000|  0%| F|  |TAMS 0x0000000705e00000, 0x0000000705e00000| Untracked 
|  48|0x0000000706000000, 0x0000000706000000, 0x0000000706200000|  0%| F|  |TAMS 0x0000000706000000, 0x0000000706000000| Untracked 
|  49|0x0000000706200000, 0x0000000706200000, 0x0000000706400000|  0%| F|  |TAMS 0x0000000706200000, 0x0000000706200000| Untracked 
|  50|0x0000000706400000, 0x0000000706400000, 0x0000000706600000|  0%| F|  |TAMS 0x0000000706400000, 0x0000000706400000| Untracked 
|  51|0x0000000706600000, 0x0000000706600000, 0x0000000706800000|  0%| F|  |TAMS 0x0000000706600000, 0x0000000706600000| Untracked 
|  52|0x0000000706800000, 0x0000000706800000, 0x0000000706a00000|  0%| F|  |TAMS 0x0000000706800000, 0x0000000706800000| Untracked 
|  53|0x0000000706a00000, 0x0000000706a00000, 0x0000000706c00000|  0%| F|  |TAMS 0x0000000706a00000, 0x0000000706a00000| Untracked 
|  54|0x0000000706c00000, 0x0000000706c00000, 0x0000000706e00000|  0%| F|  |TAMS 0x0000000706c00000, 0x0000000706c00000| Untracked 
|  55|0x0000000706e00000, 0x0000000706e00000, 0x0000000707000000|  0%| F|  |TAMS 0x0000000706e00000, 0x0000000706e00000| Untracked 
|  56|0x0000000707000000, 0x0000000707000000, 0x0000000707200000|  0%| F|  |TAMS 0x0000000707000000, 0x0000000707000000| Untracked 
|  57|0x0000000707200000, 0x0000000707200000, 0x0000000707400000|  0%| F|  |TAMS 0x0000000707200000, 0x0000000707200000| Untracked 
|  58|0x0000000707400000, 0x0000000707400000, 0x0000000707600000|  0%| F|  |TAMS 0x0000000707400000, 0x0000000707400000| Untracked 
|  59|0x0000000707600000, 0x0000000707600000, 0x0000000707800000|  0%| F|  |TAMS 0x0000000707600000, 0x0000000707600000| Untracked 
|  60|0x0000000707800000, 0x0000000707800000, 0x0000000707a00000|  0%| F|  |TAMS 0x0000000707800000, 0x0000000707800000| Untracked 
|  61|0x0000000707a00000, 0x0000000707a00000, 0x0000000707c00000|  0%| F|  |TAMS 0x0000000707a00000, 0x0000000707a00000| Untracked 
|  62|0x0000000707c00000, 0x0000000707c00000, 0x0000000707e00000|  0%| F|  |TAMS 0x0000000707c00000, 0x0000000707c00000| Untracked 
|  63|0x0000000707e00000, 0x0000000707e00000, 0x0000000708000000|  0%| F|  |TAMS 0x0000000707e00000, 0x0000000707e00000| Untracked 
|  64|0x0000000708000000, 0x0000000708000000, 0x0000000708200000|  0%| F|  |TAMS 0x0000000708000000, 0x0000000708000000| Untracked 
|  65|0x0000000708200000, 0x0000000708200000, 0x0000000708400000|  0%| F|  |TAMS 0x0000000708200000, 0x0000000708200000| Untracked 
|  66|0x0000000708400000, 0x0000000708400000, 0x0000000708600000|  0%| F|  |TAMS 0x0000000708400000, 0x0000000708400000| Untracked 
|  67|0x0000000708600000, 0x0000000708600000, 0x0000000708800000|  0%| F|  |TAMS 0x0000000708600000, 0x0000000708600000| Untracked 
|  68|0x0000000708800000, 0x0000000708800000, 0x0000000708a00000|  0%| F|  |TAMS 0x0000000708800000, 0x0000000708800000| Untracked 
|  69|0x0000000708a00000, 0x0000000708a00000, 0x0000000708c00000|  0%| F|  |TAMS 0x0000000708a00000, 0x0000000708a00000| Untracked 
|  70|0x0000000708c00000, 0x0000000708c00000, 0x0000000708e00000|  0%| F|  |TAMS 0x0000000708c00000, 0x0000000708c00000| Untracked 
|  71|0x0000000708e00000, 0x0000000708e00000, 0x0000000709000000|  0%| F|  |TAMS 0x0000000708e00000, 0x0000000708e00000| Untracked 
|  72|0x0000000709000000, 0x0000000709000000, 0x0000000709200000|  0%| F|  |TAMS 0x0000000709000000, 0x0000000709000000| Untracked 
|  73|0x0000000709200000, 0x0000000709200000, 0x0000000709400000|  0%| F|  |TAMS 0x0000000709200000, 0x0000000709200000| Untracked 
|  74|0x0000000709400000, 0x0000000709400000, 0x0000000709600000|  0%| F|  |TAMS 0x0000000709400000, 0x0000000709400000| Untracked 
|  75|0x0000000709600000, 0x0000000709600000, 0x0000000709800000|  0%| F|  |TAMS 0x0000000709600000, 0x0000000709600000| Untracked 
|  76|0x0000000709800000, 0x0000000709800000, 0x0000000709a00000|  0%| F|  |TAMS 0x0000000709800000, 0x0000000709800000| Untracked 
|  77|0x0000000709a00000, 0x0000000709a00000, 0x0000000709c00000|  0%| F|  |TAMS 0x0000000709a00000, 0x0000000709a00000| Untracked 
|  78|0x0000000709c00000, 0x0000000709c00000, 0x0000000709e00000|  0%| F|  |TAMS 0x0000000709c00000, 0x0000000709c00000| Untracked 
|  79|0x0000000709e00000, 0x0000000709e00000, 0x000000070a000000|  0%| F|  |TAMS 0x0000000709e00000, 0x0000000709e00000| Untracked 
|  80|0x000000070a000000, 0x000000070a000000, 0x000000070a200000|  0%| F|  |TAMS 0x000000070a000000, 0x000000070a000000| Untracked 
|  81|0x000000070a200000, 0x000000070a200000, 0x000000070a400000|  0%| F|  |TAMS 0x000000070a200000, 0x000000070a200000| Untracked 
|  82|0x000000070a400000, 0x000000070a400000, 0x000000070a600000|  0%| F|  |TAMS 0x000000070a400000, 0x000000070a400000| Untracked 
|  83|0x000000070a600000, 0x000000070a600000, 0x000000070a800000|  0%| F|  |TAMS 0x000000070a600000, 0x000000070a600000| Untracked 
|  84|0x000000070a800000, 0x000000070a800000, 0x000000070aa00000|  0%| F|  |TAMS 0x000000070a800000, 0x000000070a800000| Untracked 
|  85|0x000000070aa00000, 0x000000070aa00000, 0x000000070ac00000|  0%| F|  |TAMS 0x000000070aa00000, 0x000000070aa00000| Untracked 
|  86|0x000000070ac00000, 0x000000070ac00000, 0x000000070ae00000|  0%| F|  |TAMS 0x000000070ac00000, 0x000000070ac00000| Untracked 
|  87|0x000000070ae00000, 0x000000070ae00000, 0x000000070b000000|  0%| F|  |TAMS 0x000000070ae00000, 0x000000070ae00000| Untracked 
|  88|0x000000070b000000, 0x000000070b000000, 0x000000070b200000|  0%| F|  |TAMS 0x000000070b000000, 0x000000070b000000| Untracked 
|  89|0x000000070b200000, 0x000000070b200000, 0x000000070b400000|  0%| F|  |TAMS 0x000000070b200000, 0x000000070b200000| Untracked 
|  90|0x000000070b400000, 0x000000070b400000, 0x000000070b600000|  0%| F|  |TAMS 0x000000070b400000, 0x000000070b400000| Untracked 
|  91|0x000000070b600000, 0x000000070b600000, 0x000000070b800000|  0%| F|  |TAMS 0x000000070b600000, 0x000000070b600000| Untracked 
|  92|0x000000070b800000, 0x000000070b800000, 0x000000070ba00000|  0%| F|  |TAMS 0x000000070b800000, 0x000000070b800000| Untracked 
|  93|0x000000070ba00000, 0x000000070ba00000, 0x000000070bc00000|  0%| F|  |TAMS 0x000000070ba00000, 0x000000070ba00000| Untracked 
|  94|0x000000070bc00000, 0x000000070bc00000, 0x000000070be00000|  0%| F|  |TAMS 0x000000070bc00000, 0x000000070bc00000| Untracked 
|  95|0x000000070be00000, 0x000000070be00000, 0x000000070c000000|  0%| F|  |TAMS 0x000000070be00000, 0x000000070be00000| Untracked 
|  96|0x000000070c000000, 0x000000070c000000, 0x000000070c200000|  0%| F|  |TAMS 0x000000070c000000, 0x000000070c000000| Untracked 
|  97|0x000000070c200000, 0x000000070c200000, 0x000000070c400000|  0%| F|  |TAMS 0x000000070c200000, 0x000000070c200000| Untracked 
|  98|0x000000070c400000, 0x000000070c400000, 0x000000070c600000|  0%| F|  |TAMS 0x000000070c400000, 0x000000070c400000| Untracked 
|  99|0x000000070c600000, 0x000000070c600000, 0x000000070c800000|  0%| F|  |TAMS 0x000000070c600000, 0x000000070c600000| Untracked 
| 100|0x000000070c800000, 0x000000070c800000, 0x000000070ca00000|  0%| F|  |TAMS 0x000000070c800000, 0x000000070c800000| Untracked 
| 101|0x000000070ca00000, 0x000000070ca00000, 0x000000070cc00000|  0%| F|  |TAMS 0x000000070ca00000, 0x000000070ca00000| Untracked 
| 102|0x000000070cc00000, 0x000000070cc00000, 0x000000070ce00000|  0%| F|  |TAMS 0x000000070cc00000, 0x000000070cc00000| Untracked 
| 103|0x000000070ce00000, 0x000000070ce00800, 0x000000070d000000|  0%| E|  |TAMS 0x000000070ce00000, 0x000000070ce00000| Complete 
| 104|0x000000070d000000, 0x000000070d200000, 0x000000070d200000|100%| E|CS|TAMS 0x000000070d000000, 0x000000070d000000| Complete 
| 105|0x000000070d200000, 0x000000070d400000, 0x000000070d400000|100%| E|CS|TAMS 0x000000070d200000, 0x000000070d200000| Complete 
| 106|0x000000070d400000, 0x000000070d600000, 0x000000070d600000|100%| E|CS|TAMS 0x000000070d400000, 0x000000070d400000| Complete 
| 107|0x000000070d600000, 0x000000070d800000, 0x000000070d800000|100%| E|CS|TAMS 0x000000070d600000, 0x000000070d600000| Complete 
| 108|0x000000070d800000, 0x000000070da00000, 0x000000070da00000|100%| E|CS|TAMS 0x000000070d800000, 0x000000070d800000| Complete 
| 109|0x000000070da00000, 0x000000070dc00000, 0x000000070dc00000|100%| E|CS|TAMS 0x000000070da00000, 0x000000070da00000| Complete 
| 110|0x000000070dc00000, 0x000000070de00000, 0x000000070de00000|100%| E|CS|TAMS 0x000000070dc00000, 0x000000070dc00000| Complete 
| 111|0x000000070de00000, 0x000000070e000000, 0x000000070e000000|100%| E|CS|TAMS 0x000000070de00000, 0x000000070de00000| Complete 
| 112|0x000000070e000000, 0x000000070e200000, 0x000000070e200000|100%| E|CS|TAMS 0x000000070e000000, 0x000000070e000000| Complete 
| 113|0x000000070e200000, 0x000000070e400000, 0x000000070e400000|100%| E|CS|TAMS 0x000000070e200000, 0x000000070e200000| Complete 
| 114|0x000000070e400000, 0x000000070e600000, 0x000000070e600000|100%| E|CS|TAMS 0x000000070e400000, 0x000000070e400000| Complete 
| 115|0x000000070e600000, 0x000000070e6da538, 0x000000070e800000| 42%| S|CS|TAMS 0x000000070e600000, 0x000000070e600000| Complete 
| 116|0x000000070e800000, 0x000000070ea00000, 0x000000070ea00000|100%| S|CS|TAMS 0x000000070e800000, 0x000000070e800000| Complete 
| 117|0x000000070ea00000, 0x000000070ec00000, 0x000000070ec00000|100%| E|CS|TAMS 0x000000070ea00000, 0x000000070ea00000| Complete 
| 118|0x000000070ec00000, 0x000000070ee00000, 0x000000070ee00000|100%| E|CS|TAMS 0x000000070ec00000, 0x000000070ec00000| Complete 
| 119|0x000000070ee00000, 0x000000070f000000, 0x000000070f000000|100%| E|CS|TAMS 0x000000070ee00000, 0x000000070ee00000| Complete 
| 120|0x000000070f000000, 0x000000070f200000, 0x000000070f200000|100%| E|CS|TAMS 0x000000070f000000, 0x000000070f000000| Complete 
| 121|0x000000070f200000, 0x000000070f400000, 0x000000070f400000|100%| E|CS|TAMS 0x000000070f200000, 0x000000070f200000| Complete 
| 122|0x000000070f400000, 0x000000070f600000, 0x000000070f600000|100%| E|CS|TAMS 0x000000070f400000, 0x000000070f400000| Complete 
| 123|0x000000070f600000, 0x000000070f800000, 0x000000070f800000|100%| E|CS|TAMS 0x000000070f600000, 0x000000070f600000| Complete 
| 124|0x000000070f800000, 0x000000070fa00000, 0x000000070fa00000|100%| E|CS|TAMS 0x000000070f800000, 0x000000070f800000| Complete 
| 125|0x000000070fa00000, 0x000000070fc00000, 0x000000070fc00000|100%| E|CS|TAMS 0x000000070fa00000, 0x000000070fa00000| Complete 
| 126|0x000000070fc00000, 0x000000070fe00000, 0x000000070fe00000|100%| E|CS|TAMS 0x000000070fc00000, 0x000000070fc00000| Complete 
| 127|0x000000070fe00000, 0x0000000710000000, 0x0000000710000000|100%| E|CS|TAMS 0x000000070fe00000, 0x000000070fe00000| Complete 
|2046|0x00000007ffc00000, 0x00000007ffd78000, 0x00000007ffe00000| 73%|OA|  |TAMS 0x00000007ffc00000, 0x00000007ffc00000| Untracked 
|2047|0x00000007ffe00000, 0x00000007ffe80000, 0x0000000800000000| 25%|CA|  |TAMS 0x00000007ffe00000, 0x00000007ffe00000| Untracked 

Card table byte_map: [0x000000011d5e4000,0x000000011dde4000] _byte_map_base: 0x0000000119de4000

Marking Bits (Prev, Next): (CMBitMap*) 0x000000014c830210, (CMBitMap*) 0x000000014c830250
 Prev Bits: [0x000000011e5e4000, 0x00000001225e4000)
 Next Bits: [0x00000001225e4000, 0x00000001265e4000)

Polling page: 0x000000010064c000

Metaspace:

Usage:
  Non-class:     14.29 MB used.
      Class:      2.64 MB used.
       Both:     16.93 MB used.

Virtual space:
  Non-class space:       16.00 MB reserved,      14.44 MB ( 90%) committed,  2 nodes.
      Class space:        1.00 GB reserved,       2.75 MB ( <1%) committed,  1 nodes.
             Both:        1.02 GB reserved,      17.19 MB (  2%) committed. 

Chunk freelists:
   Non-Class:  1.45 MB
       Class:  1.28 MB
        Both:  2.73 MB

MaxMetaspaceSize: unlimited
CompressedClassSpaceSize: 1.00 GB
Initial GC threshold: 21.00 MB
Current GC threshold: 21.00 MB
CDS: on
MetaspaceReclaimPolicy: balanced
 - commit_granule_bytes: 65536.
 - commit_granule_words: 8192.
 - virtual_space_node_default_size: 1048576.
 - enlarge_chunks_in_place: 1.
 - new_chunks_are_fully_committed: 0.
 - uncommit_free_chunks: 1.
 - use_allocation_guard: 0.
 - handle_deallocations: 1.


Internal statistics:

num_allocs_failed_limit: 0.
num_arena_births: 226.
num_arena_deaths: 0.
num_vsnodes_births: 3.
num_vsnodes_deaths: 0.
num_space_committed: 275.
num_space_uncommitted: 0.
num_chunks_returned_to_freelist: 0.
num_chunks_taken_from_freelist: 793.
num_chunk_merges: 0.
num_chunk_splits: 551.
num_chunks_enlarged: 431.
num_purges: 0.
num_inconsistent_stats: 0.

CodeHeap 'non-profiled nmethods': size=120032Kb used=816Kb max_used=816Kb free=119215Kb
 bounds [0x00000001160ac000, 0x000000011631c000, 0x000000011d5e4000]
CodeHeap 'profiled nmethods': size=120016Kb used=4665Kb max_used=4665Kb free=115350Kb
 bounds [0x000000010eb78000, 0x000000010f008000, 0x00000001160ac000]
CodeHeap 'non-nmethods': size=5712Kb used=1386Kb max_used=1465Kb free=4325Kb
 bounds [0x000000010e5e4000, 0x000000010e854000, 0x000000010eb78000]
 total_blobs=3107 nmethods=2327 adapters=696
 compilation: enabled
              stopped_count=0, restarted_count=0
 full_count=0

Compilation events (20 events):
Event: 3.010 Thread 0x000000014d010800 2309       4       com.sun.javafx.geom.RectBounds::getBoundsType (4 bytes)
Event: 3.010 Thread 0x000000014d010800 nmethod 2309 0x0000000116176510 code [0x0000000116176680, 0x0000000116176720]
Event: 3.010 Thread 0x000000014d010800 2287       4       com.sun.javafx.css.StyleCacheEntry::get (37 bytes)
Event: 3.017 Thread 0x000000014d010800 nmethod 2287 0x0000000116176810 code [0x0000000116176a40, 0x0000000116177170]
Event: 3.017 Thread 0x000000014d010800 2322       4       java.nio.HeapByteBuffer::ix (7 bytes)
Event: 3.017 Thread 0x000000014d010800 nmethod 2322 0x0000000116177610 code [0x0000000116177780, 0x0000000116177820]
Event: 3.095 Thread 0x000000014d010e00 2392       3       java.security.AccessController::checkContext (49 bytes)
Event: 3.095 Thread 0x000000014d010e00 nmethod 2392 0x000000010f003210 code [0x000000010f003440, 0x000000010f0039c8]
Event: 3.112 Thread 0x000000014d010e00 2394       3       java.util.concurrent.locks.ReentrantLock$Sync::isHeldExclusively (16 bytes)
Event: 3.112 Thread 0x000000014d010e00 nmethod 2394 0x000000010f003c10 code [0x000000010f003dc0, 0x000000010f003fa8]
Event: 3.129 Thread 0x000000014d010e00 2396       3       java.util.WeakHashMap$HashIterator::hasNext (95 bytes)
Event: 3.129 Thread 0x000000014d010e00 nmethod 2396 0x000000010f004010 code [0x000000010f004200, 0x000000010f0047e8]
Event: 3.129 Thread 0x000000014d010e00 2395       3       java.util.WeakHashMap::size (18 bytes)
Event: 3.129 Thread 0x000000014d010e00 nmethod 2395 0x000000010f004990 code [0x000000010f004b40, 0x000000010f004d58]
Event: 3.246 Thread 0x000000014d010e00 2397       3       java.security.AccessController::doPrivileged (17 bytes)
Event: 3.246 Thread 0x000000014d010e00 nmethod 2397 0x000000010f004e10 code [0x000000010f005040, 0x000000010f0054a8]
Event: 3.279 Thread 0x000000014d010e00 2399  s    3       com.sun.javafx.tk.quantum.QuantumToolkit$PulseTask::set (20 bytes)
Event: 3.280 Thread 0x000000014d010e00 nmethod 2399 0x000000010f005690 code [0x000000010f005880, 0x000000010f005ed8]
Event: 3.312 Thread 0x000000014d010e00 2400       3       java.util.WeakHashMap::isEmpty (13 bytes)
Event: 3.313 Thread 0x000000014d010e00 nmethod 2400 0x000000010f006110 code [0x000000010f0062c0, 0x000000010f006558]

GC Heap History (2 events):
Event: 0.603 GC heap before
{Heap before GC invocations=0 (full 0):
 garbage-first heap   total 266240K, used 22496K [0x0000000700000000, 0x0000000800000000)
  region size 2048K, 11 young (22528K), 0 survivors (0K)
 Metaspace       used 6279K, committed 6464K, reserved 1056768K
  class space    used 809K, committed 896K, reserved 1048576K
}
Event: 0.605 GC heap after
{Heap after GC invocations=1 (full 0):
 garbage-first heap   total 266240K, used 4937K [0x0000000700000000, 0x0000000800000000)
  region size 2048K, 2 young (4096K), 2 survivors (4096K)
 Metaspace       used 6279K, committed 6464K, reserved 1056768K
  class space    used 809K, committed 896K, reserved 1048576K
}

Deoptimization events (20 events):
Event: 2.957 Thread 0x000000014b00ec00 DEOPT PACKING pc=0x000000010ee4d7b4 sp=0x00000001723bd1c0
Event: 2.957 Thread 0x000000014b00ec00 DEOPT UNPACKING pc=0x000000010e622b7c sp=0x00000001723bce20 mode 0
Event: 2.957 Thread 0x000000014b00ec00 DEOPT PACKING pc=0x000000010ee4d7b4 sp=0x00000001723bd1c0
Event: 2.957 Thread 0x000000014b00ec00 DEOPT UNPACKING pc=0x000000010e622b7c sp=0x00000001723bce20 mode 0
Event: 2.957 Thread 0x000000014b00ec00 DEOPT PACKING pc=0x000000010ee4d7dc sp=0x00000001723bd1c0
Event: 2.957 Thread 0x000000014b00ec00 DEOPT UNPACKING pc=0x000000010e622b7c sp=0x00000001723bce20 mode 0
Event: 2.960 Thread 0x000000014b00ec00 DEOPT PACKING pc=0x000000010ee4d8a0 sp=0x00000001723bcba0
Event: 2.960 Thread 0x000000014b00ec00 DEOPT UNPACKING pc=0x000000010e622b7c sp=0x00000001723bc800 mode 0
Event: 2.960 Thread 0x000000014b00ec00 DEOPT PACKING pc=0x000000010ee4d8a0 sp=0x00000001723bcba0
Event: 2.960 Thread 0x000000014b00ec00 DEOPT UNPACKING pc=0x000000010e622b7c sp=0x00000001723bc800 mode 0
Event: 2.960 Thread 0x000000014b00ec00 DEOPT PACKING pc=0x000000010ee4d8a0 sp=0x00000001723bcba0
Event: 2.960 Thread 0x000000014b00ec00 DEOPT UNPACKING pc=0x000000010e622b7c sp=0x00000001723bc800 mode 0
Event: 2.960 Thread 0x000000014b00ec00 DEOPT PACKING pc=0x000000010ee4d7b4 sp=0x00000001723bcba0
Event: 2.960 Thread 0x000000014b00ec00 DEOPT UNPACKING pc=0x000000010e622b7c sp=0x00000001723bc800 mode 0
Event: 2.961 Thread 0x000000014b00ec00 DEOPT PACKING pc=0x000000010ee4d8a0 sp=0x00000001723bcba0
Event: 2.961 Thread 0x000000014b00ec00 DEOPT UNPACKING pc=0x000000010e622b7c sp=0x00000001723bc800 mode 0
Event: 2.962 Thread 0x000000014b00ec00 DEOPT PACKING pc=0x000000010ee4d8a0 sp=0x00000001723bcba0
Event: 2.962 Thread 0x000000014b00ec00 DEOPT UNPACKING pc=0x000000010e622b7c sp=0x00000001723bc800 mode 0
Event: 2.962 Thread 0x000000014b00ec00 DEOPT PACKING pc=0x000000010ee4d8a0 sp=0x00000001723bcba0
Event: 2.962 Thread 0x000000014b00ec00 DEOPT UNPACKING pc=0x000000010e622b7c sp=0x00000001723bc800 mode 0

Classes unloaded (0 events):
No events

Classes redefined (0 events):
No events

Internal exceptions (20 events):
Event: 0.681 Thread 0x000000014b0f8e00 Implicit null exception at 0x00000001160f9910 to 0x00000001160f9dcc
Event: 0.683 Thread 0x000000014b0f8e00 Implicit null exception at 0x00000001160f4f54 to 0x00000001160f5298
Event: 0.687 Thread 0x000000014b0f8e00 Exception <a 'java/lang/ClassNotFoundException'{0x000000070f757330}: com/sun/javafx/scene/control/skin/resources/controls> (0x000000070f757330) 
thrown [open/src/hotspot/share/prims/jni.cpp, line 535]
Event: 0.688 Thread 0x000000014b0f8e00 Exception <a 'java/lang/ClassNotFoundException'{0x000000070f768c50}: com/sun/javafx/scene/control/skin/resources/controls_en> (0x000000070f768c50) 
thrown [open/src/hotspot/share/prims/jni.cpp, line 535]
Event: 0.689 Thread 0x000000014b0f8e00 Exception <a 'java/lang/ClassNotFoundException'{0x000000070f7699d8}: com/sun/javafx/scene/control/skin/resources/controls_en_GB> (0x000000070f7699d8) 
thrown [open/src/hotspot/share/prims/jni.cpp, line 535]
Event: 0.957 Thread 0x000000014b0f8e00 Exception <a 'java/lang/NoSuchMethodError'{0x000000070eef88c0}: 'java.lang.Object java.lang.invoke.DirectMethodHandle$Holder.invokeInterface(java.lang.Object, java.lang.Object, java.lang.Object)'> (0x000000070eef88c0) 
thrown [open/src/hotspot/share/interpreter/linkResolver.cpp, line 759]
Event: 0.957 Thread 0x000000014b0f8e00 Exception <a 'java/lang/IncompatibleClassChangeError'{0x000000070eefc248}: Found class java.lang.Object, but interface was expected> (0x000000070eefc248) 
thrown [open/src/hotspot/share/interpreter/linkResolver.cpp, line 826]
Event: 1.010 Thread 0x000000014b0f8e00 Exception <a 'java/lang/NoSuchMethodError'{0x000000070ed93f20}: 'java.lang.Object java.lang.invoke.DirectMethodHandle$Holder.newInvokeSpecial(java.lang.Object, java.lang.Object, int)'> (0x000000070ed93f20) 
thrown [open/src/hotspot/share/interpreter/linkResolver.cpp, line 759]
Event: 1.049 Thread 0x000000014b00ec00 Exception <a 'java/lang/NoSuchMethodError'{0x000000070ea6d170}: 'int java.lang.invoke.DirectMethodHandle$Holder.invokeStaticInit(java.lang.Object, java.lang.Object)'> (0x000000070ea6d170) 
thrown [open/src/hotspot/share/interpreter/linkResolver.cpp, line 759]
Event: 2.579 Thread 0x000000014b0f8e00 Exception <a 'java/lang/NoSuchMethodError'{0x000000070e245560}: 'long java.lang.invoke.DirectMethodHandle$Holder.invokeStatic(java.lang.Object, java.lang.Object)'> (0x000000070e245560) 
thrown [open/src/hotspot/share/interpreter/linkResolver.cpp, line 759]
Event: 2.613 Thread 0x000000014b0f8e00 Exception <a 'java/lang/NoSuchMethodError'{0x000000070e33bf68}: 'long java.lang.invoke.DirectMethodHandle$Holder.invokeStatic(java.lang.Object, java.lang.Object, java.lang.Object)'> (0x000000070e33bf68) 
thrown [open/src/hotspot/share/interpreter/linkResolver.cpp, line 759]
Event: 2.613 Thread 0x000000014b0f8e00 Exception <a 'java/lang/NoSuchMethodError'{0x000000070e33f9b8}: 'long java.lang.invoke.DirectMethodHandle$Holder.invokeStaticInit(java.lang.Object, java.lang.Object, java.lang.Object)'> (0x000000070e33f9b8) 
thrown [open/src/hotspot/share/interpreter/linkResolver.cpp, line 759]
Event: 2.615 Thread 0x000000014b0f8e00 Exception <a 'java/lang/NoSuchMethodError'{0x000000070e357868}: 'java.lang.Object java.lang.invoke.DirectMethodHandle$Holder.newInvokeSpecial(java.lang.Object, java.lang.Object, long)'> (0x000000070e357868) 
thrown [open/src/hotspot/share/interpreter/linkResolver.cpp, line 759]
Event: 2.615 Thread 0x000000014b0f8e00 Exception <a 'java/lang/NoSuchMethodError'{0x000000070e35b3d8}: 'java.lang.Object java.lang.invoke.Invokers$Holder.linkToTargetMethod(java.lang.Object, long, java.lang.Object)'> (0x000000070e35b3d8) 
thrown [open/src/hotspot/share/interpreter/linkResolver.cpp, line 759]
Event: 2.656 Thread 0x000000014b0f8e00 Exception <a 'sun/nio/fs/UnixException'{0x000000070e3ff4c8}> (0x000000070e3ff4c8) 
thrown [open/src/hotspot/share/prims/jni.cpp, line 516]
Event: 2.675 Thread 0x000000014b0f8e00 Exception <a 'java/lang/NoSuchMethodError'{0x000000070e110988}: 'java.lang.Object java.lang.invoke.DirectMethodHandle$Holder.invokeSpecial(java.lang.Object, java.lang.Object, java.lang.Object, int, java.lang.Object)'> (0x000000070e110988) 
thrown [open/src/hotspot/share/interpreter/linkResolver.cpp, line 759]
Event: 2.716 Thread 0x000000014b0f8e00 Exception <a 'java/io/FileNotFoundException'{0x000000070dc87bd8}> (0x000000070dc87bd8) 
thrown [open/src/hotspot/share/prims/jni.cpp, line 516]
Event: 2.753 Thread 0x000000014b0f8e00 Exception <a 'java/lang/NoSuchMethodError'{0x000000070d852b30}: 'void java.lang.invoke.DirectMethodHandle$Holder.invokeSpecial(java.lang.Object, java.lang.Object, java.lang.Object, java.lang.Object, java.lang.Object, java.lang.Object)'> (0x000000070d852b30) 
thrown [open/src/hotspot/share/interpreter/linkResolver.cpp, line 759]
Event: 2.798 Thread 0x000000014b0f8e00 Exception <a 'java/lang/NoSuchMethodError'{0x000000070d553da0}: 'int java.lang.invoke.DirectMethodHandle$Holder.invokeSpecial(java.lang.Object, java.lang.Object, int)'> (0x000000070d553da0) 
thrown [open/src/hotspot/share/interpreter/linkResolver.cpp, line 759]
Event: 2.841 Thread 0x000000014b0f8e00 Exception <a 'java/io/FileNotFoundException'{0x000000070d3b4d20}> (0x000000070d3b4d20) 
thrown [open/src/hotspot/share/prims/jni.cpp, line 516]

VM Operations (20 events):
Event: 0.618 Executing VM operation: HandshakeAllThreads
Event: 0.618 Executing VM operation: HandshakeAllThreads done
Event: 0.654 Executing VM operation: ICBufferFull
Event: 0.654 Executing VM operation: ICBufferFull done
Event: 0.944 Executing VM operation: HandshakeAllThreads
Event: 0.944 Executing VM operation: HandshakeAllThreads done
Event: 0.966 Executing VM operation: ICBufferFull
Event: 0.966 Executing VM operation: ICBufferFull done
Event: 1.971 Executing VM operation: Cleanup
Event: 1.971 Executing VM operation: Cleanup done
Event: 2.584 Executing VM operation: HandshakeAllThreads
Event: 2.584 Executing VM operation: HandshakeAllThreads done
Event: 2.686 Executing VM operation: ICBufferFull
Event: 2.686 Executing VM operation: ICBufferFull done
Event: 2.690 Executing VM operation: HandshakeAllThreads
Event: 2.690 Executing VM operation: HandshakeAllThreads done
Event: 2.796 Executing VM operation: ICBufferFull
Event: 2.796 Executing VM operation: ICBufferFull done
Event: 2.965 Executing VM operation: ICBufferFull
Event: 2.966 Executing VM operation: ICBufferFull done

Events (20 events):
Event: 2.704 loading class java/util/BitSet$1BitSetSpliterator
Event: 2.704 loading class java/util/BitSet$1BitSetSpliterator done
Event: 2.705 loading class java/util/stream/IntPipeline$1
Event: 2.705 loading class java/util/stream/IntPipeline$1 done
Event: 2.705 loading class java/util/stream/IntPipeline$1$1
Event: 2.705 loading class java/util/stream/IntPipeline$1$1 done
Event: 2.706 loading class jdk/internal/reflect/BootstrapConstructorAccessorImpl
Event: 2.706 loading class jdk/internal/reflect/BootstrapConstructorAccessorImpl done
Event: 2.712 loading class com/sun/org/apache/xerces/internal/impl/io/MalformedByteSequenceException
Event: 2.712 loading class java/io/CharConversionException
Event: 2.712 loading class java/io/CharConversionException done
Event: 2.712 loading class com/sun/org/apache/xerces/internal/impl/io/MalformedByteSequenceException done
Event: 2.718 loading class java/io/CharArrayReader
Event: 2.718 loading class java/io/CharArrayReader done
Event: 2.784 loading class java/lang/FdLibm$Hypot
Event: 2.785 loading class java/lang/FdLibm$Hypot done
Event: 2.785 loading class java/lang/FdLibm
Event: 2.785 loading class java/lang/FdLibm done
Event: 2.876 loading class java/nio/HeapIntBuffer
Event: 2.876 loading class java/nio/HeapIntBuffer done


Dynamic libraries:
0x0000000100600000 	/Library/Java/JavaVirtualMachines/jdk-17.0.5.jdk/Contents/Home/lib/libjli.dylib
0x00000001a0612000 	/usr/lib/libz.1.dylib
0x00000001a06c9000 	/usr/lib/libSystem.B.dylib
0x00000001a06c3000 	/usr/lib/system/libcache.dylib
0x00000001a0681000 	/usr/lib/system/libcommonCrypto.dylib
0x00000001a06aa000 	/usr/lib/system/libcompiler_rt.dylib
0x00000001a06a1000 	/usr/lib/system/libcopyfile.dylib
0x00000001958e7000 	/usr/lib/system/libcorecrypto.dylib
0x000000019599c000 	/usr/lib/system/libdispatch.dylib
0x0000000195b6a000 	/usr/lib/system/libdyld.dylib
0x00000001a06b9000 	/usr/lib/system/libkeymgr.dylib
0x00000001a065c000 	/usr/lib/system/libmacho.dylib
0x000000019fd4c000 	/usr/lib/system/libquarantine.dylib
0x00000001a06b6000 	/usr/lib/system/libremovefile.dylib
0x000000019ace2000 	/usr/lib/system/libsystem_asl.dylib
0x0000000195889000 	/usr/lib/system/libsystem_blocks.dylib
0x0000000195a24000 	/usr/lib/system/libsystem_c.dylib
0x00000001a06ae000 	/usr/lib/system/libsystem_collections.dylib
0x000000019f1e1000 	/usr/lib/system/libsystem_configuration.dylib
0x000000019e43a000 	/usr/lib/system/libsystem_containermanager.dylib
0x00000001a03b9000 	/usr/lib/system/libsystem_coreservices.dylib
0x000000019829b000 	/usr/lib/system/libsystem_darwin.dylib
0x00000001a06ba000 	/usr/lib/system/libsystem_dnssd.dylib
0x0000000195a21000 	/usr/lib/system/libsystem_featureflags.dylib
0x0000000195b7f000 	/usr/lib/system/libsystem_info.dylib
0x00000001a0624000 	/usr/lib/system/libsystem_m.dylib
0x0000000195971000 	/usr/lib/system/libsystem_malloc.dylib
0x000000019ac70000 	/usr/lib/system/libsystem_networkextension.dylib
0x00000001986f4000 	/usr/lib/system/libsystem_notify.dylib
0x00000001a6a1d000 	/usr/lib/system/libsystem_product_info_filter.dylib
0x000000019f1e6000 	/usr/lib/system/libsystem_sandbox.dylib
0x00000001a06b3000 	/usr/lib/system/libsystem_secinit.dylib
0x0000000195b25000 	/usr/lib/system/libsystem_kernel.dylib
0x0000000195b77000 	/usr/lib/system/libsystem_platform.dylib
0x0000000195b5d000 	/usr/lib/system/libsystem_pthread.dylib
0x000000019c446000 	/usr/lib/system/libsystem_symptoms.dylib
0x00000001958cd000 	/usr/lib/system/libsystem_trace.dylib
0x00000001a068e000 	/usr/lib/system/libunwind.dylib
0x000000019588b000 	/usr/lib/system/libxpc.dylib
0x0000000195b0d000 	/usr/lib/libc++abi.dylib
0x00000001959e3000 	/usr/lib/libobjc.A.dylib
0x00000001a0699000 	/usr/lib/liboah.dylib
0x0000000195aa6000 	/usr/lib/libc++.1.dylib
0x00000001ac54c000 	/System/Library/Frameworks/Cocoa.framework/Versions/A/Cocoa
0x0000000198755000 	/System/Library/Frameworks/AppKit.framework/Versions/C/AppKit
0x000000019bc6c000 	/System/Library/Frameworks/CoreData.framework/Versions/A/CoreData
0x0000000196ab0000 	/System/Library/Frameworks/Foundation.framework/Versions/C/Foundation
0x000000019960e000 	/System/Library/PrivateFrameworks/UIFoundation.framework/Versions/A/UIFoundation
0x00000001a6717000 	/System/Library/PrivateFrameworks/RemoteViewServices.framework/Versions/A/RemoteViewServices
0x000000019eb88000 	/System/Library/PrivateFrameworks/XCTTargetBootstrap.framework/Versions/A/XCTTargetBootstrap
0x00000001a240b000 	/System/Library/PrivateFrameworks/InternationalSupport.framework/Versions/A/InternationalSupport
0x00000001a2494000 	/System/Library/PrivateFrameworks/UserActivity.framework/Versions/A/UserActivity
0x00000001a1900000 	/usr/lib/libspindump.dylib
0x000000019987f000 	/System/Library/Frameworks/UniformTypeIdentifiers.framework/Versions/A/UniformTypeIdentifiers
0x000000019d0d0000 	/usr/lib/libapp_launch_measurement.dylib
0x000000019c5f8000 	/System/Library/PrivateFrameworks/CoreAnalytics.framework/Versions/A/CoreAnalytics
0x000000019d0d3000 	/System/Library/PrivateFrameworks/CoreAutoLayout.framework/Versions/A/CoreAutoLayout
0x000000019e477000 	/System/Library/Frameworks/Metal.framework/Versions/A/Metal
0x000000019f1f1000 	/usr/lib/liblangid.dylib
0x000000019eb8d000 	/System/Library/PrivateFrameworks/CoreSVG.framework/Versions/A/CoreSVG
0x000000019ad16000 	/System/Library/PrivateFrameworks/SkyLight.framework/Versions/A/SkyLight
0x000000019b0f2000 	/System/Library/Frameworks/CoreGraphics.framework/Versions/A/CoreGraphics
0x00000001a6de3000 	/System/Library/Frameworks/Accelerate.framework/Versions/A/Accelerate
0x00000001a1377000 	/System/Library/PrivateFrameworks/IconServices.framework/Versions/A/IconServices
0x000000019e459000 	/System/Library/Frameworks/IOSurface.framework/Versions/A/IOSurface
0x000000019c629000 	/usr/lib/libDiagnosticMessagesClient.dylib
0x00000001aa2e9000 	/System/Library/Frameworks/ApplicationServices.framework/Versions/A/ApplicationServices
0x000000019eb70000 	/System/Library/PrivateFrameworks/DFRFoundation.framework/Versions/A/DFRFoundation
0x0000000197fe5000 	/usr/lib/libicucore.A.dylib
0x00000001a32b9000 	/System/Library/Frameworks/AudioToolbox.framework/Versions/A/AudioToolbox
0x00000001a2417000 	/System/Library/PrivateFrameworks/DataDetectorsCore.framework/Versions/A/DataDetectorsCore
0x00000001b8e35000 	/System/Library/PrivateFrameworks/TextInput.framework/Versions/A/TextInput
0x000000019ac8b000 	/usr/lib/libMobileGestalt.dylib
0x000000019e83c000 	/System/Library/Frameworks/Carbon.framework/Versions/A/Frameworks/HIToolbox.framework/Versions/A/HIToolbox
0x000000019caa9000 	/System/Library/Frameworks/QuartzCore.framework/Versions/A/QuartzCore
0x0000000197c66000 	/System/Library/Frameworks/Security.framework/Versions/A/Security
0x00000001a6757000 	/System/Library/Frameworks/Carbon.framework/Versions/A/Frameworks/SpeechRecognition.framework/Versions/A/SpeechRecognition
0x000000019ce25000 	/System/Library/PrivateFrameworks/CoreUI.framework/Versions/A/CoreUI
0x0000000197542000 	/System/Library/Frameworks/CoreAudio.framework/Versions/A/CoreAudio
0x000000019c71d000 	/System/Library/Frameworks/DiskArbitration.framework/Versions/A/DiskArbitration
0x00000001a1d0a000 	/System/Library/PrivateFrameworks/MultitouchSupport.framework/Versions/A/MultitouchSupport
0x000000019ac89000 	/usr/lib/libenergytrace.dylib
0x000000019861d000 	/System/Library/Frameworks/IOKit.framework/Versions/A/IOKit
0x00000001a6b46000 	/System/Library/Frameworks/CoreServices.framework/Versions/A/CoreServices
0x000000019d060000 	/System/Library/PrivateFrameworks/PerformanceAnalysis.framework/Versions/A/PerformanceAnalysis
0x00000001f72df000 	/System/Library/Frameworks/OpenGL.framework/Versions/A/OpenGL
0x000000019fc64000 	/System/Library/PrivateFrameworks/MobileKeyBag.framework/Versions/A/MobileKeyBag
0x000000019b700000 	/System/Library/Frameworks/ColorSync.framework/Versions/A/ColorSync
0x0000000195bac000 	/System/Library/Frameworks/CoreFoundation.framework/Versions/A/CoreFoundation
0x000000019ee0d000 	/System/Library/Frameworks/CoreImage.framework/Versions/A/CoreImage
0x0000000197366000 	/System/Library/Frameworks/CoreText.framework/Versions/A/CoreText
0x000000019ebbd000 	/System/Library/Frameworks/ImageIO.framework/Versions/A/ImageIO
0x00000001a06cf000 	/System/Library/PrivateFrameworks/SoftLinking.framework/Versions/A/SoftLinking
0x000000019d11e000 	/usr/lib/libxml2.2.dylib
0x00000001a0968000 	/usr/lib/libcompression.dylib
0x00000001a2367000 	/System/Library/PrivateFrameworks/TextureIO.framework/Versions/A/TextureIO
0x00000001a1090000 	/usr/lib/libate.dylib
0x00000001a0f55000 	/usr/lib/liblzma.5.dylib
0x00000001967a3000 	/System/Library/Frameworks/SystemConfiguration.framework/Versions/A/SystemConfiguration
0x00000001a06cb000 	/usr/lib/libfakelink.dylib
0x000000019a7bb000 	/System/Library/Frameworks/CFNetwork.framework/Versions/A/CFNetwork
0x00000001a0811000 	/usr/lib/libarchive.2.dylib
0x000000019f1ed000 	/System/Library/PrivateFrameworks/AppleSystemInfo.framework/Versions/A/AppleSystemInfo
0x000000019fd77000 	/usr/lib/libbsm.0.dylib
0x0000000199d28000 	/usr/lib/libnetwork.dylib
0x00000001a0665000 	/usr/lib/system/libkxld.dylib
0x000000019f991000 	/System/Library/PrivateFrameworks/IOMobileFramebuffer.framework/Versions/A/IOMobileFramebuffer
0x00000002156ce000 	/usr/lib/libCoreEntitlements.dylib
0x00000001a039b000 	/System/Library/PrivateFrameworks/AppleFSCompression.framework/Versions/A/AppleFSCompression
0x000000019fd5f000 	/usr/lib/libcoretls.dylib
0x00000001a0f6e000 	/usr/lib/libcoretls_cfhelpers.dylib
0x00000001a0963000 	/usr/lib/libpam.2.dylib
0x000000019c05c000 	/usr/lib/libsqlite3.dylib
0x00000001a0fd7000 	/usr/lib/libxar.1.dylib
0x00000001a03ac000 	/usr/lib/libbz2.1.0.dylib
0x00000001a06d0000 	/usr/lib/libpcap.A.dylib
0x000000019c43d000 	/usr/lib/libdns_services.dylib
0x00000001a0936000 	/usr/lib/libapple_nghttp2.dylib
0x00000001a070d000 	/usr/lib/libiconv.2.dylib
0x00000001a065b000 	/usr/lib/libcharset.1.dylib
0x000000019d09c000 	/System/Library/Frameworks/CoreServices.framework/Versions/A/Frameworks/FSEvents.framework/Versions/A/FSEvents
0x00000001982a6000 	/System/Library/Frameworks/CoreServices.framework/Versions/A/Frameworks/CarbonCore.framework/Versions/A/CarbonCore
0x000000019c67d000 	/System/Library/Frameworks/CoreServices.framework/Versions/A/Frameworks/Metadata.framework/Versions/A/Metadata
0x00000001a03bf000 	/System/Library/Frameworks/CoreServices.framework/Versions/A/Frameworks/OSServices.framework/Versions/A/OSServices
0x00000001a0897000 	/System/Library/Frameworks/CoreServices.framework/Versions/A/Frameworks/SearchKit.framework/Versions/A/SearchKit
0x000000019c3cb000 	/System/Library/Frameworks/CoreServices.framework/Versions/A/Frameworks/AE.framework/Versions/A/AE
0x00000001960f3000 	/System/Library/Frameworks/CoreServices.framework/Versions/A/Frameworks/LaunchServices.framework/Versions/A/LaunchServices
0x00000001a0efe000 	/System/Library/Frameworks/CoreServices.framework/Versions/A/Frameworks/DictionaryServices.framework/Versions/A/DictionaryServices
0x000000019d0a9000 	/System/Library/Frameworks/CoreServices.framework/Versions/A/Frameworks/SharedFileList.framework/Versions/A/SharedFileList
0x000000019fd4f000 	/usr/lib/libCheckFix.dylib
0x000000019acfa000 	/System/Library/PrivateFrameworks/TCC.framework/Versions/A/TCC
0x000000019f1f3000 	/System/Library/PrivateFrameworks/CoreNLP.framework/Versions/A/CoreNLP
0x000000019c62c000 	/System/Library/PrivateFrameworks/MetadataUtilities.framework/Versions/A/MetadataUtilities
0x000000019685d000 	/usr/lib/libmecabra.dylib
0x000000019fd88000 	/usr/lib/libmecab.dylib
0x0000000196829000 	/usr/lib/libCRFSuite.dylib
0x000000019fde5000 	/usr/lib/libgermantok.dylib
0x00000001a090f000 	/usr/lib/libThaiTokenizer.dylib
0x000000019c725000 	/System/Library/Frameworks/Accelerate.framework/Versions/A/Frameworks/vImage.framework/Versions/A/vImage
0x00000001a6b1d000 	/System/Library/Frameworks/Accelerate.framework/Versions/A/Frameworks/vecLib.framework/Versions/A/vecLib
0x00000001a101c000 	/System/Library/Frameworks/Accelerate.framework/Versions/A/Frameworks/vecLib.framework/Versions/A/libvMisc.dylib
0x000000019f898000 	/System/Library/Frameworks/Accelerate.framework/Versions/A/Frameworks/vecLib.framework/Versions/A/libvDSP.dylib
0x000000019647e000 	/System/Library/Frameworks/Accelerate.framework/Versions/A/Frameworks/vecLib.framework/Versions/A/libBLAS.dylib
0x00000001a0a39000 	/System/Library/Frameworks/Accelerate.framework/Versions/A/Frameworks/vecLib.framework/Versions/A/libLAPACK.dylib
0x000000019fde8000 	/System/Library/Frameworks/Accelerate.framework/Versions/A/Frameworks/vecLib.framework/Versions/A/libLinearAlgebra.dylib
0x00000001a094e000 	/System/Library/Frameworks/Accelerate.framework/Versions/A/Frameworks/vecLib.framework/Versions/A/libSparseBLAS.dylib
0x00000001a0a34000 	/System/Library/Frameworks/Accelerate.framework/Versions/A/Frameworks/vecLib.framework/Versions/A/libQuadrature.dylib
0x000000019f2ec000 	/System/Library/Frameworks/Accelerate.framework/Versions/A/Frameworks/vecLib.framework/Versions/A/libBNNS.dylib
0x000000019673c000 	/System/Library/Frameworks/Accelerate.framework/Versions/A/Frameworks/vecLib.framework/Versions/A/libSparse.dylib
0x000000019f2e4000 	/System/Library/PrivateFrameworks/LinguisticData.framework/Versions/A/LinguisticData
0x00000001966f4000 	/System/Library/PrivateFrameworks/Lexicon.framework/Versions/A/Lexicon
0x00000001a1014000 	/usr/lib/libChineseTokenizer.dylib
0x0000000196ea2000 	/System/Library/PrivateFrameworks/LanguageModeling.framework/Versions/A/LanguageModeling
0x00000001a0911000 	/System/Library/PrivateFrameworks/AppleSauce.framework/Versions/A/AppleSauce
0x000000019f97e000 	/System/Library/PrivateFrameworks/CoreEmoji.framework/Versions/A/CoreEmoji
0x00000001a07ff000 	/usr/lib/libcmph.dylib
0x000000019d07c000 	/System/Library/Frameworks/OpenDirectory.framework/Versions/A/Frameworks/CFOpenDirectory.framework/Versions/A/CFOpenDirectory
0x000000019d06c000 	/System/Library/Frameworks/OpenDirectory.framework/Versions/A/OpenDirectory
0x00000001a0f70000 	/System/Library/PrivateFrameworks/APFS.framework/Versions/A/APFS
0x000000019fc9f000 	/System/Library/Frameworks/SecurityFoundation.framework/Versions/A/SecurityFoundation
0x00000001a0fe6000 	/usr/lib/libutil.dylib
0x00000001985df000 	/System/Library/PrivateFrameworks/CoreServicesStore.framework/Versions/A/CoreServicesStore
0x00000001a0fea000 	/usr/lib/libxslt.1.dylib
0x000000019fd33000 	/System/Library/PrivateFrameworks/BackgroundTaskManagement.framework/Versions/A/BackgroundTaskManagement
0x00000001a2288000 	/System/Library/Frameworks/ImageIO.framework/Versions/A/Resources/libRadiance.dylib
0x00000001a2291000 	/System/Library/Frameworks/ImageIO.framework/Versions/A/Resources/libJPEG.dylib
0x00000001a21e2000 	/System/Library/Frameworks/ImageIO.framework/Versions/A/Resources/libPng.dylib
0x00000001a2204000 	/System/Library/Frameworks/ImageIO.framework/Versions/A/Resources/libTIFF.dylib
0x00000001a22ec000 	/System/Library/Frameworks/ImageIO.framework/Versions/A/Resources/libGIF.dylib
0x00000001a1c1a000 	/System/Library/Frameworks/ImageIO.framework/Versions/A/Resources/libJP2.dylib
0x00000001a133c000 	/usr/lib/libexpat.1.dylib
0x00000001a1bd5000 	/System/Library/PrivateFrameworks/AppleJPEG.framework/Versions/A/AppleJPEG
0x000000019e6f8000 	/System/Library/PrivateFrameworks/FontServices.framework/libFontParser.dylib
0x000000019c370000 	/System/Library/PrivateFrameworks/RunningBoardServices.framework/Versions/A/RunningBoardServices
0x00000001acc23000 	/System/Library/PrivateFrameworks/IOSurfaceAccelerator.framework/Versions/A/IOSurfaceAccelerator
0x00000001a1d06000 	/System/Library/PrivateFrameworks/WatchdogClient.framework/Versions/A/WatchdogClient
0x0000000196fa2000 	/System/Library/Frameworks/CoreDisplay.framework/Versions/A/CoreDisplay
0x000000019e5e2000 	/System/Library/Frameworks/CoreMedia.framework/Versions/A/CoreMedia
0x000000019e46d000 	/System/Library/PrivateFrameworks/IOAccelerator.framework/Versions/A/IOAccelerator
0x000000019d20c000 	/System/Library/Frameworks/CoreVideo.framework/Versions/A/CoreVideo
0x00000001a0961000 	/System/Library/Frameworks/MetalPerformanceShaders.framework/Versions/A/MetalPerformanceShaders
0x00000001a1d45000 	/System/Library/Frameworks/VideoToolbox.framework/Versions/A/VideoToolbox
0x000000019c2b4000 	/System/Library/PrivateFrameworks/BaseBoard.framework/Versions/A/BaseBoard
0x000000019c042000 	/System/Library/PrivateFrameworks/ProtocolBuffer.framework/Versions/A/ProtocolBuffer
0x00000001a2283000 	/System/Library/PrivateFrameworks/GPUWrangler.framework/Versions/A/GPUWrangler
0x00000001a2263000 	/System/Library/PrivateFrameworks/IOPresentment.framework/Versions/A/IOPresentment
0x00000001a228b000 	/System/Library/PrivateFrameworks/DSExternalDisplay.framework/Versions/A/DSExternalDisplay
0x00000001f72d2000 	/System/Library/Frameworks/OpenGL.framework/Versions/A/Libraries/libCoreFSCache.dylib
0x000000020219c000 	/System/Library/PrivateFrameworks/GPUCompiler.framework/Versions/31001/Libraries/libGPUCompilerUtils.dylib
0x00000001a22f1000 	/System/Library/PrivateFrameworks/CMCaptureCore.framework/Versions/A/CMCaptureCore
0x00000001a18ed000 	/System/Library/PrivateFrameworks/AppServerSupport.framework/Versions/A/AppServerSupport
0x00000001a3b77000 	/System/Library/PrivateFrameworks/perfdata.framework/Versions/A/perfdata
0x00000001970c2000 	/System/Library/PrivateFrameworks/AudioToolboxCore.framework/Versions/A/AudioToolboxCore
0x000000019e5bb000 	/System/Library/PrivateFrameworks/caulk.framework/Versions/A/caulk
0x00000001a346c000 	/usr/lib/libAudioStatistics.dylib
0x00000001b5488000 	/System/Library/PrivateFrameworks/SystemPolicy.framework/Versions/A/SystemPolicy
0x00000001a36d8000 	/usr/lib/libSMC.dylib
0x00000001ac42a000 	/System/Library/Frameworks/CoreMIDI.framework/Versions/A/CoreMIDI
0x00000001a21b0000 	/usr/lib/libAudioToolboxUtility.dylib
0x00000001b15eb000 	/System/Library/PrivateFrameworks/OSAServicesClient.framework/Versions/A/OSAServicesClient
0x00000001a3b84000 	/usr/lib/libperfcheck.dylib
0x00000001b5fa7000 	/usr/lib/libmis.dylib
0x00000001f7334000 	/System/Library/Frameworks/OpenGL.framework/Versions/A/Libraries/libGLU.dylib
0x00000001f72f3000 	/System/Library/Frameworks/OpenGL.framework/Versions/A/Libraries/libGFXShared.dylib
0x00000001f74e0000 	/System/Library/Frameworks/OpenGL.framework/Versions/A/Libraries/libGL.dylib
0x00000001f72fc000 	/System/Library/Frameworks/OpenGL.framework/Versions/A/Libraries/libGLImage.dylib
0x00000001f72f0000 	/System/Library/Frameworks/OpenGL.framework/Versions/A/Libraries/libCVMSPluginSupport.dylib
0x00000001f72d9000 	/System/Library/Frameworks/OpenGL.framework/Versions/A/Libraries/libCoreVMClient.dylib
0x000000019f16d000 	/System/Library/Frameworks/MetalPerformanceShaders.framework/Versions/A/Frameworks/MPSCore.framework/Versions/A/MPSCore
0x00000001a030e000 	/System/Library/Frameworks/MetalPerformanceShaders.framework/Versions/A/Frameworks/MPSImage.framework/Versions/A/MPSImage
0x000000019fdfd000 	/System/Library/Frameworks/MetalPerformanceShaders.framework/Versions/A/Frameworks/MPSNeuralNetwork.framework/Versions/A/MPSNeuralNetwork
0x00000001a0236000 	/System/Library/Frameworks/MetalPerformanceShaders.framework/Versions/A/Frameworks/MPSMatrix.framework/Versions/A/MPSMatrix
0x00000001a000f000 	/System/Library/Frameworks/MetalPerformanceShaders.framework/Versions/A/Frameworks/MPSRayIntersector.framework/Versions/A/MPSRayIntersector
0x00000001a0267000 	/System/Library/Frameworks/MetalPerformanceShaders.framework/Versions/A/Frameworks/MPSNDArray.framework/Versions/A/MPSNDArray
0x00000001f9ddb000 	/System/Library/Frameworks/MetalPerformanceShaders.framework/Versions/A/Frameworks/MPSFunctions.framework/Versions/A/MPSFunctions
0x0000000196354000 	/System/Library/PrivateFrameworks/MetalTools.framework/Versions/A/MetalTools
0x000000019f1eb000 	/System/Library/PrivateFrameworks/AggregateDictionary.framework/Versions/A/AggregateDictionary
0x00000001a1121000 	/usr/lib/libIOReport.dylib
0x00000001ab443000 	/System/Library/PrivateFrameworks/ASEProcessing.framework/Versions/A/ASEProcessing
0x00000001a1496000 	/System/Library/PrivateFrameworks/FaceCore.framework/Versions/A/FaceCore
0x00000001a1488000 	/System/Library/PrivateFrameworks/GraphVisualizer.framework/Versions/A/GraphVisualizer
0x00000002020b3000 	/System/Library/PrivateFrameworks/FontServices.framework/Versions/A/FontServices
0x00000001a18a9000 	/System/Library/PrivateFrameworks/OTSVG.framework/Versions/A/OTSVG
0x000000019cdd5000 	/System/Library/Frameworks/ApplicationServices.framework/Versions/A/Frameworks/ATS.framework/Versions/A/Resources/libFontRegistry.dylib
0x00000001a18f6000 	/System/Library/PrivateFrameworks/FontServices.framework/libhvf.dylib
0x00000002020b4000 	/System/Library/PrivateFrameworks/FontServices.framework/libXTFontStaticRegistryData.dylib
0x00000001f7681000 	/System/Library/Frameworks/OpenCL.framework/Versions/A/OpenCL
0x00000001a12f0000 	/System/Library/PrivateFrameworks/AppleVA.framework/Versions/A/AppleVA
0x00000001a3494000 	/System/Library/Frameworks/ApplicationServices.framework/Versions/A/Frameworks/ATS.framework/Versions/A/ATS
0x000000019b7ff000 	/System/Library/Frameworks/ApplicationServices.framework/Versions/A/Frameworks/HIServices.framework/Versions/A/HIServices
0x00000001a22fb000 	/System/Library/Frameworks/ApplicationServices.framework/Versions/A/Frameworks/PrintCore.framework/Versions/A/PrintCore
0x00000001a382b000 	/System/Library/Frameworks/ApplicationServices.framework/Versions/A/Frameworks/QD.framework/Versions/A/QD
0x00000001a3823000 	/System/Library/Frameworks/ApplicationServices.framework/Versions/A/Frameworks/ColorSyncLegacy.framework/Versions/A/ColorSyncLegacy
0x00000001a3480000 	/System/Library/Frameworks/ApplicationServices.framework/Versions/A/Frameworks/SpeechSynthesis.framework/Versions/A/SpeechSynthesis
0x00000001a22bc000 	/System/Library/Frameworks/ApplicationServices.framework/Versions/A/Frameworks/ATSUI.framework/Versions/A/ATSUI
0x00000001a37b8000 	/usr/lib/libcups.2.dylib
0x00000001a3b92000 	/System/Library/Frameworks/Kerberos.framework/Versions/A/Kerberos
0x00000001a3ba3000 	/System/Library/Frameworks/GSS.framework/Versions/A/GSS
0x00000001a3504000 	/usr/lib/libresolv.9.dylib
0x00000001a1905000 	/System/Library/PrivateFrameworks/Heimdal.framework/Versions/A/Heimdal
0x00000001aa679000 	/System/Library/Frameworks/Kerberos.framework/Versions/A/Libraries/libHeimdalProxy.dylib
0x000000019c44f000 	/System/Library/Frameworks/Network.framework/Versions/A/Network
0x00000001a1357000 	/usr/lib/libheimdal-asn1.dylib
0x00000001a3bf3000 	/System/Library/PrivateFrameworks/CommonAuth.framework/Versions/A/CommonAuth
0x00000001a33fa000 	/System/Library/PrivateFrameworks/AudioSession.framework/Versions/A/AudioSession
0x00000001a13e9000 	/System/Library/PrivateFrameworks/MediaExperience.framework/Versions/A/MediaExperience
0x00000001a327f000 	/System/Library/PrivateFrameworks/AudioSession.framework/libSessionUtility.dylib
0x00000001a3837000 	/System/Library/PrivateFrameworks/AudioResourceArbitration.framework/Versions/A/AudioResourceArbitration
0x00000001a79fa000 	/System/Library/PrivateFrameworks/PowerLog.framework/Versions/A/PowerLog
0x00000001a1361000 	/System/Library/PrivateFrameworks/IconFoundation.framework/Versions/A/IconFoundation
0x00000001a6743000 	/System/Library/PrivateFrameworks/SpeechRecognitionCore.framework/Versions/A/SpeechRecognitionCore
0x0000000105ef8000 	/Library/Java/JavaVirtualMachines/jdk-17.0.5.jdk/Contents/Home/lib/server/libjvm.dylib
0x0000000100660000 	/Library/Java/JavaVirtualMachines/jdk-17.0.5.jdk/Contents/Home/lib/libjimage.dylib
0x000000010068c000 	/Library/Java/JavaVirtualMachines/jdk-17.0.5.jdk/Contents/Home/lib/libinstrument.dylib
0x00000001006d8000 	/Library/Java/JavaVirtualMachines/jdk-17.0.5.jdk/Contents/Home/lib/libjava.dylib
0x0000000100a4c000 	/Library/Java/JavaVirtualMachines/jdk-17.0.5.jdk/Contents/Home/lib/libnio.dylib
0x0000000100a6c000 	/Library/Java/JavaVirtualMachines/jdk-17.0.5.jdk/Contents/Home/lib/libnet.dylib
0x00000001006bc000 	/Library/Java/JavaVirtualMachines/jdk-17.0.5.jdk/Contents/Home/lib/libzip.dylib
0x0000000100a90000 	/Users/cianfarrell/.openjfx/cache/17-ea/libprism_es2.dylib
0x00000001985a2000 	/System/Library/PrivateFrameworks/CoreServicesInternal.framework/Versions/A/CoreServicesInternal
0x00000001f74ea000 	/System/Library/Frameworks/OpenGL.framework/Versions/A/Resources/GLEngine.bundle/GLEngine
0x00000001f7372000 	/System/Library/Frameworks/OpenGL.framework/Versions/A/Libraries/libGLProgrammability.dylib
0x0000000100d10000 	/System/Library/Extensions/AppleMetalOpenGLRenderer.bundle/Contents/MacOS/AppleMetalOpenGLRenderer
0x00000001f7659000 	/System/Library/Frameworks/OpenGL.framework/Versions/A/Resources/GLRendererFloat.bundle/GLRendererFloat
0x00000001f7759000 	/System/Library/Extensions/AGXMetal13_3.bundle/Contents/MacOS/AGXMetal13_3
0x00000001b5fc3000 	/System/Library/PrivateFrameworks/GPURawCounter.framework/Versions/A/GPURawCounter
0x00000001b0754000 	/System/Library/PrivateFrameworks/IOGPU.framework/Versions/A/IOGPU
0x0000000100f28000 	/Users/cianfarrell/.openjfx/cache/17-ea/libglass.dylib
0x00000001a7c52000 	/System/Library/Frameworks/FileProvider.framework/Versions/A/FileProvider
0x000000019c21c000 	/System/Library/Frameworks/Accounts.framework/Versions/A/Accounts
0x00000001a7dd6000 	/System/Library/PrivateFrameworks/GenerationalStorage.framework/Versions/A/GenerationalStorage
0x00000001a8999000 	/System/Library/PrivateFrameworks/CoreSymbolication.framework/Versions/A/CoreSymbolication
0x00000001a79ee000 	/System/Library/PrivateFrameworks/SymptomDiagnosticReporter.framework/Versions/A/SymptomDiagnosticReporter
0x0000000199893000 	/System/Library/PrivateFrameworks/DesktopServicesPriv.framework/Versions/A/DesktopServicesPriv
0x0000000198704000 	/usr/lib/libsandbox.1.dylib
0x000000019d29a000 	/System/Library/PrivateFrameworks/UserManagement.framework/Versions/A/UserManagement
0x00000001a8956000 	/System/Library/PrivateFrameworks/DebugSymbols.framework/Versions/A/DebugSymbols
0x00000001a3816000 	/System/Library/PrivateFrameworks/NetAuth.framework/Versions/A/NetAuth
0x00000001a4734000 	/System/Library/PrivateFrameworks/Sharing.framework/Versions/A/Sharing
0x000000019d26a000 	/System/Library/PrivateFrameworks/login.framework/Versions/A/Frameworks/loginsupport.framework/Versions/A/loginsupport
0x00000001a9b8d000 	/System/Library/PrivateFrameworks/Apple80211.framework/Versions/A/Apple80211
0x00000001a03f2000 	/System/Library/PrivateFrameworks/AuthKit.framework/Versions/A/AuthKit
0x000000019fa7a000 	/System/Library/PrivateFrameworks/CoreUtils.framework/Versions/A/CoreUtils
0x000000019f99d000 	/System/Library/Frameworks/CoreWLAN.framework/Versions/A/CoreWLAN
0x00000001a48a4000 	/System/Library/Frameworks/IOBluetooth.framework/Versions/A/IOBluetooth
0x00000001a9bed000 	/System/Library/PrivateFrameworks/CoreWiFi.framework/Versions/A/CoreWiFi
0x00000001a8536000 	/System/Library/PrivateFrameworks/FrontBoardServices.framework/Versions/A/FrontBoardServices
0x00000001a85ce000 	/System/Library/PrivateFrameworks/BoardServices.framework/Versions/A/BoardServices
0x000000019fc8d000 	/System/Library/PrivateFrameworks/AssertionServices.framework/Versions/A/AssertionServices
0x00000001a9d6a000 	/System/Library/PrivateFrameworks/BackBoardServices.framework/Versions/A/BackBoardServices
0x00000001a3c8a000 	/System/Library/PrivateFrameworks/CorePhoneNumbers.framework/Versions/A/CorePhoneNumbers
0x00000001a3531000 	/System/Library/PrivateFrameworks/MultiverseSupport.framework/Versions/A/MultiverseSupport
0x00000001a9fec000 	/System/Library/PrivateFrameworks/RemoteServiceDiscovery.framework/Versions/A/RemoteServiceDiscovery
0x00000001a7b1e000 	/System/Library/PrivateFrameworks/DiskManagement.framework/Versions/A/DiskManagement
0x00000001a7a21000 	/System/Library/PrivateFrameworks/AppleIDAuthSupport.framework/Versions/A/AppleIDAuthSupport
0x00000001fc618000 	/System/Library/PrivateFrameworks/AAAFoundation.framework/Versions/A/AAAFoundation
0x00000001a3c69000 	/System/Library/PrivateFrameworks/KeychainCircle.framework/Versions/A/KeychainCircle
0x00000001a9ffc000 	/System/Library/PrivateFrameworks/RemoteXPC.framework/Versions/A/RemoteXPC
0x00000001a7aea000 	/System/Library/PrivateFrameworks/MediaKit.framework/Versions/A/MediaKit
0x00000001a7a2e000 	/System/Library/Frameworks/DiscRecording.framework/Versions/A/DiscRecording
0x00000001a126c000 	/usr/lib/libCoreStorage.dylib
0x00000001aa068000 	/usr/lib/libcsfde.dylib
0x00000001a4979000 	/System/Library/PrivateFrameworks/ProtectedCloudStorage.framework/Versions/A/ProtectedCloudStorage
0x00000001aa060000 	/System/Library/PrivateFrameworks/EFILogin.framework/Versions/A/EFILogin
0x00000001a7dfd000 	/System/Library/PrivateFrameworks/OctagonTrust.framework/Versions/A/OctagonTrust
0x000000020123a000 	/System/Library/PrivateFrameworks/CoreUtilsExtras.framework/Versions/A/CoreUtilsExtras
0x00000001a7953000 	/System/Library/Frameworks/CoreBluetooth.framework/Versions/A/CoreBluetooth
0x00000001aa6fe000 	/System/Library/Frameworks/AudioUnit.framework/Versions/A/AudioUnit
0x00000001a1264000 	/usr/lib/libMatch.1.dylib
0x00000001ba4ab000 	/System/Library/Frameworks/Accelerate.framework/Versions/A/Frameworks/vImage.framework/Versions/A/Libraries/libCGInterfaces.dylib
0x000000012ad00000 	/usr/lib/libobjc-trampolines.dylib
0x000000019cf64000 	/System/Library/PrivateFrameworks/ViewBridge.framework/Versions/A/ViewBridge
0x00000001a19c8000 	/System/Library/PrivateFrameworks/login.framework/Versions/A/login
0x000000012facc000 	/Users/cianfarrell/.openjfx/cache/17-ea/libjavafx_font.dylib
0x00000001fcccc000 	/System/Library/PrivateFrameworks/AccessibilityBundles.framework/Versions/A/AccessibilityBundles
0x000000021582b000 	/usr/lib/libRosetta.dylib
0x000000014a884000 	/System/Library/Frameworks/FileProvider.framework/OverrideBundles/CloudDocsFileProvider.bundle/Contents/MacOS/CloudDocsFileProvider
0x000000019d4c0000 	/System/Library/PrivateFrameworks/CloudDocs.framework/Versions/A/CloudDocs
0x00000001aa3a7000 	/System/Library/PrivateFrameworks/AppleAccount.framework/Versions/A/AppleAccount
0x00000001a4960000 	/System/Library/PrivateFrameworks/AppContainer.framework/Versions/A/AppContainer
0x00000001a440c000 	/System/Library/PrivateFrameworks/IDS.framework/Versions/A/IDS
0x00000001aa4f2000 	/System/Library/PrivateFrameworks/AppleIDSSOAuthentication.framework/Versions/A/AppleIDSSOAuthentication
0x000000019d26d000 	/System/Library/PrivateFrameworks/ApplePushService.framework/Versions/A/ApplePushService
0x00000001aa0e6000 	/System/Library/PrivateFrameworks/AppSupport.framework/Versions/A/AppSupport
0x00000001a31de000 	/System/Library/PrivateFrameworks/IMFoundation.framework/Versions/A/IMFoundation
0x00000001b0dfb000 	/System/Library/PrivateFrameworks/Marco.framework/Versions/A/Marco
0x00000001a4586000 	/System/Library/PrivateFrameworks/IDSFoundation.framework/Versions/A/IDSFoundation
0x000000019c29a000 	/System/Library/PrivateFrameworks/CommonUtilities.framework/Versions/A/CommonUtilities
0x00000001b5b8f000 	/System/Library/PrivateFrameworks/FTServices.framework/Versions/A/FTServices
0x00000001ae01a000 	/System/Library/PrivateFrameworks/Engram.framework/Versions/A/Engram
0x00000001adfbc000 	/usr/lib/libtidy.A.dylib
0x00000001a1b82000 	/System/Library/PrivateFrameworks/Bom.framework/Versions/A/Bom
0x00000001a3541000 	/usr/lib/libParallelCompression.dylib
0x00000001a112a000 	/System/Library/PrivateFrameworks/CrashReporterSupport.framework/Versions/A/CrashReporterSupport
0x00000001bfe8a000 	/System/Library/PrivateFrameworks/FTAWD.framework/Versions/A/FTAWD
0x00000001c1f62000 	/System/Library/PrivateFrameworks/OSAnalytics.framework/Versions/A/OSAnalytics
0x00000001cd2cf000 	/System/Library/PrivateFrameworks/Symbolication.framework/Versions/A/Symbolication
0x00000001b5f84000 	/System/Library/PrivateFrameworks/MallocStackLogging.framework/Versions/A/MallocStackLogging
0x00000001a6e61000 	/System/Library/PrivateFrameworks/CoreDaemon.framework/Versions/B/CoreDaemon
0x00000001a6e5b000 	/System/Library/PrivateFrameworks/AppleSRP.framework/Versions/A/AppleSRP
0x000000019fd3e000 	/System/Library/Frameworks/ServiceManagement.framework/Versions/A/ServiceManagement
0x00000001a4975000 	/System/Library/PrivateFrameworks/SecCodeWrapper.framework/Versions/A/SecCodeWrapper
0x000000014a89c000 	/System/Library/Frameworks/FileProvider.framework/OverrideBundles/FileProviderOverride.bundle/Contents/MacOS/FileProviderOverride
0x000000014a8b4000 	/System/Library/Frameworks/FileProvider.framework/OverrideBundles/FinderSyncCollaborationFileProviderOverride.bundle/Contents/MacOS/FinderSyncCollaborationFileProviderOverride
0x00000001c6755000 	/System/Library/PrivateFrameworks/FinderSyncPriv.framework/Versions/A/FinderSyncPriv
0x000000019d2c2000 	/System/Library/Frameworks/CloudKit.framework/Versions/A/CloudKit
0x00000001aa7b8000 	/System/Library/PrivateFrameworks/C2.framework/Versions/A/C2
0x000000019e393000 	/System/Library/Frameworks/CoreLocation.framework/Versions/A/CoreLocation
0x00000001fe5aa000 	/System/Library/PrivateFrameworks/CloudKitDistributedSync.framework/Versions/A/CloudKitDistributedSync
0x00000001aa7af000 	/System/Library/Frameworks/PushKit.framework/Versions/A/PushKit
0x00000001a8a78000 	/System/Library/PrivateFrameworks/CoreTime.framework/Versions/A/CoreTime
0x00000001ac1b9000 	/System/Library/PrivateFrameworks/RTCReporting.framework/Versions/A/RTCReporting
0x00000001a4ca4000 	/System/Library/PrivateFrameworks/GeoServices.framework/Versions/A/GeoServices
0x00000001a3256000 	/System/Library/PrivateFrameworks/LocationSupport.framework/Versions/A/LocationSupport
0x00000002028e2000 	/System/Library/PrivateFrameworks/GeoServicesCore.framework/Versions/A/GeoServicesCore
0x00000001b162f000 	/System/Library/PrivateFrameworks/PhoneNumbers.framework/Versions/A/PhoneNumbers
0x00000001b3c76000 	/usr/lib/libFosl_dynamic.dylib
0x00000001b9d57000 	/usr/lib/libncurses.5.4.dylib


VM Arguments:
jvm_args: -javaagent:/Applications/IntelliJ IDEA.app/Contents/lib/idea_rt.jar=61385:/Applications/IntelliJ IDEA.app/Contents/bin -Dfile.encoding=UTF-8 --module-path=/Users/cianfarrell/.m2/repository/org/openjfx/javafx-controls/17-ea+11/javafx-controls-17-ea+11-mac-aarch64.jar:/Users/cianfarrell/.m2/repository/org/openjfx/javafx-fxml/17-ea+11/javafx-fxml-17-ea+11-mac-aarch64.jar:/Users/cianfarrell/Documents/GitHub/Data-Structures-1-CA-1/CA 1/lib/xstream-1.4.18.jar:/Users/cianfarrell/Documents/GitHub/Data-Structures-1-CA-1/CA 1/target/classes:/Users/cianfarrell/.m2/repository/org/openjfx/javafx-graphics/17-ea+11/javafx-graphics-17-ea+11-mac-aarch64.jar:/Users/cianfarrell/.m2/repository/org/openjfx/javafx-base/17-ea+11/javafx-base-17-ea+11-mac-aarch64.jar:/Users/cianfarrell/Documents/GitHub/Data-Structures-1-CA-1/CA 1/lib/json-20140107.jar -Djdk.module.main=com.example.vaccination_management_system 
java_command: com.example.vaccination_management_system/Main.VaccineApplication
java_class_path (initial): /Users/cianfarrell/.m2/repository/org/openjfx/javafx-controls/17-ea+11/javafx-controls-17-ea+11.jar:/Users/cianfarrell/.m2/repository/org/openjfx/javafx-graphics/17-ea+11/javafx-graphics-17-ea+11.jar:/Users/cianfarrell/.m2/repository/org/openjfx/javafx-base/17-ea+11/javafx-base-17-ea+11.jar:/Users/cianfarrell/.m2/repository/org/openjfx/javafx-fxml/17-ea+11/javafx-fxml-17-ea+11.jar:/Users/cianfarrell/.m2/repository/org/codehaus/jettison/jettison/1.2/jettison-1.2.jar:/Users/cianfarrell/.m2/repository/stax/stax-api/1.0.1/stax-api-1.0.1.jar:/Users/cianfarrell/.m2/repository/ant/ant/1.6.5/ant-1.6.5.jar:/Users/cianfarrell/.m2/repository/velocity/velocity-dep/1.4/velocity-dep-1.4.jar:/Users/cianfarrell/.m2/repository/org/apache/felix/org.apache.felix.bundlerepository/1.6.6/org.apache.felix.bundlerepository-1.6.6.jar:/Users/cianfarrell/.m2/repository/org/osgi/org.osgi.core/4.1.0/org.osgi.core-4.1.0.jar:/Users/cianfarrell/.m2/repository/org/easymock/easymock/2.4/easymock-2.4.jar:/Users/cianfarrell/.m2/repository/org/beanshell/bsh/2.0b4/bsh-2.0b4.jar:/Users/cianfarrell/Documents/GitHub/Data-Structures-1-CA-1/CA 1/lib/commons-io-2.11.0.jar
Launcher Type: SUN_STANDARD

[Global flags]
     intx CICompilerCount                          = 4                                         {product} {ergonomic}
     uint ConcGCThreads                            = 2                                         {product} {ergonomic}
     uint G1ConcRefinementThreads                  = 8                                         {product} {ergonomic}
   size_t G1HeapRegionSize                         = 2097152                                   {product} {ergonomic}
    uintx GCDrainStackTargetSize                   = 64                                        {product} {ergonomic}
   size_t InitialHeapSize                          = 268435456                                 {product} {ergonomic}
   size_t MarkStackSize                            = 4194304                                   {product} {ergonomic}
   size_t MaxHeapSize                              = 4294967296                                {product} {ergonomic}
   size_t MaxNewSize                               = 2575302656                                {product} {ergonomic}
   size_t MinHeapDeltaBytes                        = 2097152                                   {product} {ergonomic}
   size_t MinHeapSize                              = 8388608                                   {product} {ergonomic}
    uintx NonNMethodCodeHeapSize                   = 5839564                                {pd product} {ergonomic}
    uintx NonProfiledCodeHeapSize                  = 122909338                              {pd product} {ergonomic}
    uintx ProfiledCodeHeapSize                     = 122909338                              {pd product} {ergonomic}
    uintx ReservedCodeCacheSize                    = 251658240                              {pd product} {ergonomic}
     bool SegmentedCodeCache                       = true                                      {product} {ergonomic}
   size_t SoftMaxHeapSize                          = 4294967296                             {manageable} {ergonomic}
     bool UseCompressedClassPointers               = true                           {product lp64_product} {ergonomic}
     bool UseCompressedOops                        = true                           {product lp64_product} {ergonomic}
     bool UseG1GC                                  = true                                      {product} {ergonomic}
     bool UseNUMA                                  = false                                     {product} {ergonomic}
     bool UseNUMAInterleaving                      = false                                     {product} {ergonomic}

Logging:
Log output configuration:
 #0: stdout all=warning uptime,level,tags
 #1: stderr all=off uptime,level,tags

Environment Variables:
PATH=/opt/homebrew/bin:/opt/homebrew/sbin:/usr/local/bin:/usr/bin:/bin:/usr/sbin:/sbin:/Applications/VMware Fusion Tech Preview.app/Contents/Public:/usr/local/share/dotnet:~/.dotnet/tools:/Library/Apple/usr/bin:/Library/Frameworks/Mono.framework/Versions/Current/Commands:/Users/cianfarrell/.zsh/misc:/opt/homebrew/bin:/opt/homebrew/sbin
SHELL=/bin/zsh
LC_CTYPE=en_GB.UTF-8

Signal Handlers:
   SIGSEGV: _ZL13crash_handleriP9__siginfoPv in libjvm.dylib, mask=11100110000111110111111111111111, flags=SA_RESTART|SA_SIGINFO
    SIGBUS: _ZL13crash_handleriP9__siginfoPv in libjvm.dylib, mask=11100110000111110111111111111111, flags=SA_RESTART|SA_SIGINFO
    SIGFPE: _ZL13crash_handleriP9__siginfoPv in libjvm.dylib, mask=11100110000111110111111111111111, flags=SA_RESTART|SA_SIGINFO
   SIGPIPE: _ZL17javaSignalHandleriP9__siginfoPv in libjvm.dylib, mask=11100110000111110111111111111111, flags=SA_RESTART|SA_SIGINFO
   SIGXFSZ: _ZL17javaSignalHandleriP9__siginfoPv in libjvm.dylib, mask=11100110000111110111111111111111, flags=SA_RESTART|SA_SIGINFO
    SIGILL: _ZL13crash_handleriP9__siginfoPv in libjvm.dylib, mask=11100110000111110111111111111111, flags=SA_RESTART|SA_SIGINFO
   SIGUSR2: _ZL10SR_handleriP9__siginfoP17__darwin_ucontext in libjvm.dylib, mask=00100000000000000000000000000000, flags=SA_RESTART|SA_SIGINFO
    SIGHUP: _ZL11UserHandleriPvS_ in libjvm.dylib, mask=11100110000111110111111111111111, flags=SA_RESTART|SA_SIGINFO
    SIGINT: _ZL11UserHandleriPvS_ in libjvm.dylib, mask=11100110000111110111111111111111, flags=SA_RESTART|SA_SIGINFO
   SIGTERM: _ZL11UserHandleriPvS_ in libjvm.dylib, mask=11100110000111110111111111111111, flags=SA_RESTART|SA_SIGINFO
   SIGQUIT: _ZL11UserHandleriPvS_ in libjvm.dylib, mask=11100110000111110111111111111111, flags=SA_RESTART|SA_SIGINFO
   SIGTRAP: _ZL13crash_handleriP9__siginfoPv in libjvm.dylib, mask=11100110000111110111111111111111, flags=SA_RESTART|SA_SIGINFO


---------------  S Y S T E M  ---------------

OS:
uname: Darwin 21.6.0 Darwin Kernel Version 21.6.0: Mon Aug 22 20:20:05 PDT 2022; root:xnu-8020.140.49~2/RELEASE_ARM64_T8101 arm64
OS uptime: 0 days 7:18 hours
rlimit (soft/hard): STACK 8176k/65520k , CORE 0k/infinity , NPROC 2666/4000 , NOFILE 12544/infinity , AS infinity/infinity , CPU infinity/infinity , DATA infinity/infinity , FSIZE infinity/infinity , MEMLOCK infinity/infinity , RSS infinity/infinity
load average: 3.41 3.52 3.33

CPU: total 8 (initial active 8) 0x61:0x0:0x1b588bb3:0, fp, simd, crc, lse

Memory: 16k page, physical 16777216k(171600k free), swap 0k(0k free)

vm_info: Java HotSpot(TM) 64-Bit Server VM (17.0.5+9-LTS-191) for bsd-aarch64 JRE (17.0.5+9-LTS-191), built on Sep 13 2022 17:45:17 by "mach5one" with clang Apple LLVM 12.0.0 (clang-1200.0.32.29)

END.
